        -:    0:Source:/home/usrname/otterbrix/components/catalog/catalog_oids.hpp
        -:    0:Graph:/home/usrname/otterbrix/build-pax-coverage/services/CMakeFiles/otterbrix_services.dir/disk/manager_disk.cpp.gcno
        -:    0:Data:/home/usrname/otterbrix/build-pax-coverage/services/CMakeFiles/otterbrix_services.dir/disk/manager_disk.cpp.gcda
        -:    0:Runs:136
        -:    1:#pragma once
        -:    2:
        -:    3:#include <atomic>
        -:    4:#include <cstdint>
        -:    5:#include <cstdlib>
        -:    6:
        -:    7:namespace components::catalog {
        -:    8:
        -:    9:    // PostgreSQL-style 32-bit Object Identifier (OID).
        -:   10:    // Distinct from components::table::column_definition_t::oid() (storage block id, uint64_t)
        -:   11:    // and components::oid::oid_t (12-byte BSON ObjectId). This OID is the catalog identity:
        -:   12:    // pg_class.oid, pg_attribute.attoid, pg_type.oid, pg_proc.oid, etc.
        -:   13:    using oid_t = std::uint32_t;
        -:   14:
        -:   15:    inline constexpr oid_t INVALID_OID = 0;
        -:   16:    // OIDs below this are reserved for built-in / well-known catalog objects.
        -:   17:    // Allocated user objects start here. Mirrors PostgreSQL's FirstNormalObjectId.
        -:   18:    inline constexpr oid_t FIRST_USER_OID = 16384;
        -:   19:
        -:   20:    // Well-known OIDs — built-in objects assigned at bootstrap.
        -:   21:    namespace well_known_oid {
        -:   22:        // Default database (pg_database.oid). Otterbrix has no cluster-vs-database split, so
        -:   23:        // a single default database "main" is bootstrapped at first start. Additional
        -:   24:        // databases get OIDs from oid_generator (>= FIRST_USER_OID) via ddl_create_database.
        -:   25:        inline constexpr oid_t main_database = 4;
        -:   26:
        -:   27:        // Namespaces (pg_namespace.oid)
        -:   28:        inline constexpr oid_t pg_catalog_namespace = 1;
        -:   29:        inline constexpr oid_t public_namespace = 2;
        -:   30:        inline constexpr oid_t information_schema_namespace = 3;
        -:   31:
        -:   32:        // System tables (pg_class.oid)
        -:   33:        inline constexpr oid_t pg_namespace_table = 10;
        -:   34:        inline constexpr oid_t pg_class_table = 11;
        -:   35:        inline constexpr oid_t pg_attribute_table = 12;
        -:   36:        inline constexpr oid_t pg_type_table = 13;
        -:   37:        inline constexpr oid_t pg_proc_table = 14;
        -:   38:        inline constexpr oid_t pg_depend_table = 15;
        -:   39:        inline constexpr oid_t pg_constraint_table = 16;
        -:   40:        inline constexpr oid_t pg_index_table = 17;
        -:   41:        inline constexpr oid_t pg_computed_column_table = 18;
        -:   42:        inline constexpr oid_t pg_database_table = 19;
        -:   43:
        -:   44:        // Built-in scalar types (pg_type.oid) — subset, see catalog-migration doc §4.
        -:   45:        inline constexpr oid_t boolean_type = 20;
        -:   46:        inline constexpr oid_t int8_type = 21;
        -:   47:        inline constexpr oid_t int16_type = 22;
        -:   48:        inline constexpr oid_t int32_type = 23;
        -:   49:        inline constexpr oid_t int64_type = 24;
        -:   50:        inline constexpr oid_t float32_type = 25;
        -:   51:        inline constexpr oid_t float64_type = 26;
        -:   52:        inline constexpr oid_t string_type = 27;
        -:   53:        inline constexpr oid_t timestamp_type = 28;
        -:   54:        inline constexpr oid_t timestamp_tz_type = 29;
        -:   55:        inline constexpr oid_t date_type = 30;
        -:   56:        inline constexpr oid_t time_type = 31;
        -:   57:        inline constexpr oid_t time_tz_type = 32;
        -:   58:        inline constexpr oid_t interval_type = 33;
        -:   59:        inline constexpr oid_t blob_type = 34;
        -:   60:        inline constexpr oid_t numeric_type = 35;
        -:   61:        inline constexpr oid_t uuid_type = 36;
        -:   62:
        -:   63:        // System tables added beyond the initial 10.
        -:   64:        inline constexpr oid_t pg_sequence_table = 37;
        -:   65:        inline constexpr oid_t pg_rewrite_table = 38;
        -:   66:        inline constexpr oid_t pg_settings_table = 39;
        -:   67:
        -:   68:        // Built-in functions (pg_proc.oid) — subset.
        -:   69:        inline constexpr oid_t fn_count = 101;
        -:   70:        inline constexpr oid_t fn_sum = 102;
        -:   71:        inline constexpr oid_t fn_avg = 103;
        -:   72:        inline constexpr oid_t fn_min = 104;
        -:   73:        inline constexpr oid_t fn_max = 105;
        -:   74:    } // namespace well_known_oid
        -:   75:
        -:   76:    // Thread-safe monotonic OID allocator. Single global instance lives in manager_disk_t
        -:   77:    // (one disk actor → one writer); seed() rebases the counter from on-disk max+1 at startup.
        -:   78:    //
        -:   79:    // Overflow: oid_t is uint32_t → 4 billion objects per process lifetime.  Restart
        -:   80:    // reseeds from max(oid)+1, so the bound is per-process, not persistent lifetime.
        -:   81:    // Wraparound is undetected: if a workload creates >2^32 objects between restarts,
        -:   82:    // OIDs collide silently.  Near-limit, allocate() aborts to prevent silent corruption
        -:   83:    // (see OID_HARD_LIMIT below).  Most installations restart at least monthly; 4B
        -:   84:    // allocations between restarts is not a realistic concern for typical workloads.
        -:   85:    static constexpr oid_t OID_HARD_LIMIT = 0xFFFF0000u; // ~4.29B - 64k headroom
        -:   86:
        -:   87:    class oid_generator {
        -:   88:    public:
function _ZN10components7catalog13oid_generatorC2Ej called 114 returned 100% blocks executed 100%
      114:   89:        explicit oid_generator(oid_t start = FIRST_USER_OID) noexcept
      114:   90:            : next_(start) {}
call    0 returned 114
        -:   91:
        -:   92:        // Allocate a fresh OID. Lock-free; safe under concurrent allocate() callers.
        -:   93:        // Aborts if the counter approaches wraparound — see OID_HARD_LIMIT.
        -:   94:        oid_t allocate() noexcept {
        -:   95:            const oid_t oid = next_.fetch_add(1, std::memory_order_relaxed);
        -:   96:            if (oid >= OID_HARD_LIMIT) [[unlikely]] {
        -:   97:                // OID space exhausted — cannot safely continue.
        -:   98:                // Restart the process to reseed from the on-disk max.
        -:   99:                std::abort();
        -:  100:            }
        -:  101:            return oid;
        -:  102:        }
        -:  103:
        -:  104:        // Reset the counter to high_water + 1 (called at startup after scanning pg_class /
        -:  105:        // pg_attribute / pg_type / pg_proc / pg_constraint to find the highest used OID).
        -:  106:        // Idempotent: never lowers the counter.
        -:  107:        void seed(oid_t high_water) noexcept {
        -:  108:            const oid_t target = high_water < FIRST_USER_OID ? FIRST_USER_OID : high_water + 1;
        -:  109:            oid_t current = next_.load(std::memory_order_relaxed);
        -:  110:            while (current < target && !next_.compare_exchange_weak(current, target, std::memory_order_relaxed)) {
        -:  111:                // CAS retry; another thread may have advanced the counter further already.
        -:  112:            }
        -:  113:        }
        -:  114:
        -:  115:        // For inspection / tests. Not for live allocation.
        -:  116:        oid_t peek() const noexcept { return next_.load(std::memory_order_relaxed); }
        -:  117:
        -:  118:    private:
        -:  119:        std::atomic<oid_t> next_;
        -:  120:    };
        -:  121:
        -:  122:} // namespace components::catalog
