        -:    0:Source:/home/usrname/.conan2/p/b/actor7c1860e432853/p/include/actor-zeta/actor/dispatch.hpp
        -:    0:Graph:/home/usrname/otterbrix/build-pax-coverage/services/CMakeFiles/otterbrix_services.dir/disk/manager_disk.cpp.gcno
        -:    0:Data:/home/usrname/otterbrix/build-pax-coverage/services/CMakeFiles/otterbrix_services.dir/disk/manager_disk.cpp.gcda
        -:    0:Runs:136
        -:    1:#pragma once
        -:    2:
        -:    3:#include <actor-zeta/detail/callable_trait.hpp>
        -:    4:#include <actor-zeta/detail/future.hpp>
        -:    5:#include <actor-zeta/detail/shared_state.hpp>
        -:    6:#include <actor-zeta/mailbox/message.hpp>
        -:    7:
        -:    8:namespace actor_zeta {
        -:    9:
        -:   10:    namespace dispatch_validation {
        -:   11:
        -:   12:        // T is non-const lvalue reference (T& but not const T&)
        -:   13:        template<typename T>
        -:   14:        concept non_const_lvalue_ref = std::is_lvalue_reference_v<T> && !std::is_const_v<std::remove_reference_t<T>>;
        -:   15:
        -:   16:        // Any type in parameter pack is non-const lvalue ref
        -:   17:        template<typename... Args>
        -:   18:        concept has_any_non_const_lvalue_ref = (non_const_lvalue_ref<Args> || ...);
        -:   19:
        -:   20:        // All types in parameter pack are valid for RTT storage
        -:   21:        template<typename... Args>
        -:   22:        concept all_valid_rtt_types = (detail::is_valid_rtt_type_v<type_traits::decay_t<Args>> && ...);
        -:   23:
        -:   24:        namespace detail {
        -:   25:            template<typename ArgsList>
        -:   26:            struct args_list_traits;
        -:   27:
        -:   28:            template<typename... Args>
        -:   29:            struct args_list_traits<type_traits::type_list<Args...>> {
        -:   30:                static constexpr bool all_valid = all_valid_rtt_types<Args...>;
        -:   31:                static constexpr bool no_non_const_refs = !has_any_non_const_lvalue_ref<Args...>;
        -:   32:            };
        -:   33:
        -:   34:            template<>
        -:   35:            struct args_list_traits<type_traits::type_list<>> {
        -:   36:                static constexpr bool all_valid = true;
        -:   37:                static constexpr bool no_non_const_refs = true;
        -:   38:            };
        -:   39:        }
        -:   40:
        -:   41:        // All argument types in type_list are valid for RTT storage
        -:   42:        template<typename ArgsList>
        -:   43:        concept valid_args_list = detail::args_list_traits<ArgsList>::all_valid;
        -:   44:
        -:   45:        // No non-const lvalue refs in type_list
        -:   46:        template<typename ArgsList>
        -:   47:        concept no_non_const_refs_in_list = detail::args_list_traits<ArgsList>::no_non_const_refs;
        -:   48:
        -:   49:        template<typename ArgsList>
        -:   50:        inline constexpr bool validate_args_list_v = valid_args_list<ArgsList>;
        -:   51:
        -:   52:        template<typename ArgsList>
        -:   53:        inline constexpr bool no_non_const_refs_v = no_non_const_refs_in_list<ArgsList>;
        -:   54:
        -:   55:    } // namespace dispatch_validation
        -:   56:
        -:   57:    namespace detail {
        -:   58:
        -:   59:        // Link method's generator to message's external generator state
        -:   60:        template<typename T>
        -:   61:        inline void setup_generator_linking_inline(
        -:   62:            generator<T>& method_generator,
        -:   63:            mailbox::message* msg) noexcept {
        -:   64:            auto* external_state = msg->template get_generator_state<T>();
        -:   65:            if (external_state && method_generator.internal_state()) {
        -:   66:                method_generator.link_to(external_state);
        -:   67:
        -:   68:                // Start the coroutine
        -:   69:                auto* internal_state = method_generator.internal_state();
        -:   70:                auto producer = internal_state->take_producer_handle();
        -:   71:                if (producer && !producer.done()) {
        -:   72:                    producer.resume();
        -:   73:                }
        -:   74:            }
        -:   75:        }
        -:   76:
        -:   77:    } // namespace detail
        -:   78:
        -:   79:    // Helper: Invoke method with arguments from message
        -:   80:    // Note: This is NOT a coroutine, just extracts args and calls method
        -:   81:    template<class Actor, typename Method, typename ArgsTypeList, std::size_t ArgsSize>
    1053*:   82:    auto invoke_actor_method(Actor* self, Method method, mailbox::message* msg) {
        -:   83:        if constexpr (ArgsSize == 0) {
        -:   84:            return (self->*method)();
        -:   85:        } else {
    2106*:   86:            return [&]<std::size_t... I>(std::index_sequence<I...>) {
    1053*:   87:                auto& args = msg->body();
call    0 returned 4
call    1 returned 102
call    2 returned 33
call    3 returned 9
call    4 returned 363
call    5 returned 196
call    6 never executed
call    7 never executed
call    8 returned 3
call    9 returned 5
call   10 returned 64
call   11 returned 12
call   12 returned 2
call   13 returned 31
call   14 returned 196
call   15 never executed
call   16 never executed
call   17 never executed
call   18 never executed
call   19 never executed
call   20 returned 4
call   21 never executed
call   22 never executed
call   23 returned 2
call   24 returned 2
call   25 never executed
call   26 returned 5
call   27 never executed
call   28 returned 3
call   29 never executed
call   30 returned 2
call   31 never executed
call   32 returned 15
call   33 never executed
call   34 never executed
    1053*:   88:                return (self->*method)((detail::get<I, ArgsTypeList>(args))...);
call    0 returned 4
call    1 returned 4
branch  2 taken 4 (fallthrough)
branch  3 taken 0 (throw)
call    4 returned 4
branch  5 taken 4 (fallthrough)
branch  6 taken 0 (throw)
call    7 returned 4
branch  8 taken 4 (fallthrough)
branch  9 taken 0 (throw)
call   10 returned 4
call   11 never executed
call   12 returned 102
call   13 returned 102
call   14 returned 102
call   15 returned 102
call   16 returned 102
call   17 returned 33
call   18 returned 33
branch 19 taken 33 (fallthrough)
branch 20 taken 0 (throw)
call   21 returned 33
branch 22 taken 33 (fallthrough)
branch 23 taken 0 (throw)
call   24 returned 33
branch 25 taken 33 (fallthrough)
branch 26 taken 0 (throw)
call   27 returned 33
branch 28 taken 33 (fallthrough)
branch 29 taken 0 (throw)
call   30 returned 33
call   31 returned 33
call   32 never executed
call   33 never executed
call   34 returned 9
call   35 returned 9
branch 36 taken 9 (fallthrough)
branch 37 taken 0 (throw)
call   38 returned 9
branch 39 taken 9 (fallthrough)
branch 40 taken 0 (throw)
call   41 returned 9
branch 42 taken 9 (fallthrough)
branch 43 taken 0 (throw)
call   44 returned 9
branch 45 taken 9 (fallthrough)
branch 46 taken 0 (throw)
call   47 returned 9
call   48 returned 9
call   49 never executed
call   50 never executed
call   51 returned 363
call   52 returned 363
branch 53 taken 363 (fallthrough)
branch 54 taken 0 (throw)
call   55 returned 363
branch 56 taken 363 (fallthrough)
branch 57 taken 0 (throw)
call   58 returned 363
branch 59 taken 363 (fallthrough)
branch 60 taken 0 (throw)
call   61 returned 363
call   62 never executed
call   63 returned 196
call   64 returned 196
call   65 never executed
call   66 never executed
call   67 never executed
call   68 never executed
call   69 never executed
branch 70 never executed
branch 71 never executed
call   72 never executed
branch 73 never executed
branch 74 never executed
call   75 never executed
call   76 never executed
call   77 returned 3
call   78 returned 3
call   79 returned 3
branch 80 taken 3 (fallthrough)
branch 81 taken 0 (throw)
call   82 returned 3
branch 83 taken 3 (fallthrough)
branch 84 taken 0 (throw)
call   85 returned 3
branch 86 taken 3 (fallthrough)
branch 87 taken 0 (throw)
call   88 returned 3
call   89 never executed
call   90 returned 5
call   91 returned 5
call   92 returned 5
branch 93 taken 5 (fallthrough)
branch 94 taken 0 (throw)
call   95 returned 5
branch 96 taken 5 (fallthrough)
branch 97 taken 0 (throw)
call   98 returned 5
branch 99 taken 5 (fallthrough)
branch 100 taken 0 (throw)
call   101 returned 5
call   102 never executed
call   103 returned 64
call   104 returned 64
call   105 returned 64
branch 106 taken 64 (fallthrough)
branch 107 taken 0 (throw)
call   108 returned 64
branch 109 taken 64 (fallthrough)
branch 110 taken 0 (throw)
call   111 returned 64
branch 112 taken 64 (fallthrough)
branch 113 taken 0 (throw)
call   114 returned 64
call   115 never executed
call   116 returned 12
call   117 returned 12
call   118 returned 12
branch 119 taken 12 (fallthrough)
branch 120 taken 0 (throw)
call   121 returned 12
branch 122 taken 12 (fallthrough)
branch 123 taken 0 (throw)
call   124 returned 12
call   125 never executed
call   126 returned 2
call   127 returned 2
branch 128 taken 2 (fallthrough)
branch 129 taken 0 (throw)
call   130 returned 2
branch 131 taken 2 (fallthrough)
branch 132 taken 0 (throw)
call   133 returned 2
call   134 never executed
call   135 returned 31
call   136 returned 31
branch 137 taken 31 (fallthrough)
branch 138 taken 0 (throw)
call   139 returned 31
branch 140 taken 31 (fallthrough)
branch 141 taken 0 (throw)
call   142 returned 31
branch 143 taken 31 (fallthrough)
branch 144 taken 0 (throw)
call   145 returned 31
call   146 never executed
call   147 returned 196
call   148 returned 196
branch 149 taken 196 (fallthrough)
branch 150 taken 0 (throw)
call   151 returned 196
branch 152 taken 196 (fallthrough)
branch 153 taken 0 (throw)
call   154 returned 196
branch 155 taken 196 (fallthrough)
branch 156 taken 0 (throw)
call   157 returned 196
call   158 never executed
call   159 never executed
call   160 never executed
call   161 never executed
call   162 never executed
call   163 never executed
call   164 never executed
call   165 never executed
call   166 never executed
call   167 never executed
call   168 never executed
call   169 never executed
call   170 never executed
call   171 never executed
call   172 never executed
call   173 never executed
call   174 never executed
call   175 never executed
call   176 never executed
branch 177 never executed
branch 178 never executed
call   179 never executed
branch 180 never executed
branch 181 never executed
call   182 never executed
branch 183 never executed
branch 184 never executed
call   185 never executed
call   186 never executed
call   187 never executed
call   188 never executed
branch 189 never executed
branch 190 never executed
call   191 never executed
branch 192 never executed
branch 193 never executed
call   194 never executed
branch 195 never executed
branch 196 never executed
call   197 never executed
branch 198 never executed
branch 199 never executed
call   200 never executed
call   201 never executed
call   202 never executed
call   203 never executed
call   204 returned 4
call   205 returned 4
branch 206 taken 4 (fallthrough)
branch 207 taken 0 (throw)
call   208 returned 4
branch 209 taken 4 (fallthrough)
branch 210 taken 0 (throw)
call   211 returned 4
branch 212 taken 4 (fallthrough)
branch 213 taken 0 (throw)
call   214 returned 4
call   215 never executed
call   216 never executed
call   217 never executed
call   218 never executed
call   219 never executed
call   220 never executed
call   221 never executed
call   222 never executed
call   223 never executed
call   224 never executed
branch 225 never executed
branch 226 never executed
call   227 never executed
branch 228 never executed
branch 229 never executed
call   230 never executed
branch 231 never executed
branch 232 never executed
call   233 never executed
call   234 never executed
call   235 returned 2
call   236 returned 2
call   237 returned 2
call   238 returned 2
branch 239 taken 2 (fallthrough)
branch 240 taken 0 (throw)
call   241 returned 2
branch 242 taken 2 (fallthrough)
branch 243 taken 0 (throw)
call   244 returned 2
branch 245 taken 2 (fallthrough)
branch 246 taken 0 (throw)
call   247 returned 2
branch 248 taken 2 (fallthrough)
branch 249 taken 0 (throw)
call   250 returned 2
branch 251 taken 2 (fallthrough)
branch 252 taken 0 (throw)
call   253 returned 2
call   254 returned 2
call   255 never executed
call   256 never executed
call   257 returned 2
call   258 returned 2
call   259 returned 2
call   260 returned 2
branch 261 taken 2 (fallthrough)
branch 262 taken 0 (throw)
call   263 returned 2
branch 264 taken 2 (fallthrough)
branch 265 taken 0 (throw)
call   266 returned 2
branch 267 taken 2 (fallthrough)
branch 268 taken 0 (throw)
call   269 returned 2
call   270 never executed
call   271 never executed
call   272 never executed
call   273 never executed
call   274 returned 5
call   275 returned 5
call   276 returned 5
call   277 never executed
call   278 never executed
call   279 never executed
call   280 returned 3
call   281 returned 3
call   282 returned 3
branch 283 taken 3 (fallthrough)
branch 284 taken 0 (throw)
call   285 returned 3
branch 286 taken 3 (fallthrough)
branch 287 taken 0 (throw)
call   288 returned 3
branch 289 taken 3 (fallthrough)
branch 290 taken 0 (throw)
call   291 returned 3
branch 292 taken 3 (fallthrough)
branch 293 taken 0 (throw)
call   294 returned 3
call   295 never executed
call   296 never executed
call   297 never executed
branch 298 never executed
branch 299 never executed
call   300 never executed
branch 301 never executed
branch 302 never executed
call   303 never executed
branch 304 never executed
branch 305 never executed
call   306 never executed
branch 307 never executed
branch 308 never executed
call   309 never executed
call   310 never executed
call   311 returned 2
call   312 returned 2
call   313 returned 2
call   314 returned 2
call   315 never executed
call   316 never executed
call   317 never executed
call   318 returned 15
call   319 returned 15
call   320 returned 15
call   321 never executed
call   322 never executed
call   323 never executed
call   324 never executed
call   325 never executed
call   326 never executed
call   327 never executed
branch 328 never executed
branch 329 never executed
call   330 never executed
branch 331 never executed
branch 332 never executed
call   333 never executed
branch 334 never executed
branch 335 never executed
call   336 never executed
branch 337 never executed
branch 338 never executed
call   339 never executed
call   340 never executed
call   341 never executed
call   342 never executed
    1053*:   89:            }(std::make_index_sequence<ArgsSize>{});
        -:   90:        }
        -:   91:    }
------------------
_ZN10actor_zeta19invoke_actor_methodIN8services4disk14manager_disk_tEMS3_FNS_13unique_futureISt6vectorIN10components5types20complex_logical_typeENSt3pmr21polymorphic_allocatorIS8_EEEEENS6_7session12session_id_tEjENS_11type_traits9type_listIJSF_jEEELm2EEEDaPT_T0_PNS_7mailbox7messageE:
function _ZN10actor_zeta19invoke_actor_methodIN8services4disk14manager_disk_tEMS3_FNS_13unique_futureISt6vectorIN10components5types20complex_logical_typeENSt3pmr21polymorphic_allocatorIS8_EEEEENS6_7session12session_id_tEjENS_11type_traits9type_listIJSF_jEEELm2EEEDaPT_T0_PNS_7mailbox7messageE called 5 returned 100% blocks executed 100%
        5:   82:    auto invoke_actor_method(Actor* self, Method method, mailbox::message* msg) {
        -:   83:        if constexpr (ArgsSize == 0) {
        -:   84:            return (self->*method)();
        -:   85:        } else {
        -:   86:            return [&]<std::size_t... I>(std::index_sequence<I...>) {
        -:   87:                auto& args = msg->body();
        -:   88:                return (self->*method)((detail::get<I, ArgsTypeList>(args))...);
        5:   89:            }(std::make_index_sequence<ArgsSize>{});
call    0 returned 5
branch  1 taken 5 (fallthrough)
branch  2 taken 0 (throw)
        -:   90:        }
        -:   91:    }
------------------
_ZN10actor_zeta19invoke_actor_methodIN8services4disk14manager_disk_tEMS3_FNS_13unique_futureImEEN10components19execution_context_tEjNS6_6vector8vector_tEmENS_11type_traits9type_listIJS7_jS9_mEEELm4EEEDaPT_T0_PNS_7mailbox7messageE:
function _ZN10actor_zeta19invoke_actor_methodIN8services4disk14manager_disk_tEMS3_FNS_13unique_futureImEEN10components19execution_context_tEjNS6_6vector8vector_tEmENS_11type_traits9type_listIJS7_jS9_mEEELm4EEEDaPT_T0_PNS_7mailbox7messageE called 0 returned 0% blocks executed 0%
    #####:   82:    auto invoke_actor_method(Actor* self, Method method, mailbox::message* msg) {
        -:   83:        if constexpr (ArgsSize == 0) {
        -:   84:            return (self->*method)();
        -:   85:        } else {
        -:   86:            return [&]<std::size_t... I>(std::index_sequence<I...>) {
        -:   87:                auto& args = msg->body();
        -:   88:                return (self->*method)((detail::get<I, ArgsTypeList>(args))...);
    #####:   89:            }(std::make_index_sequence<ArgsSize>{});
call    0 never executed
branch  1 never executed
branch  2 never executed
        -:   90:        }
        -:   91:    }
------------------
_ZN10actor_zeta19invoke_actor_methodIN8services4disk14manager_disk_tEMS3_FNS_13unique_futureISt4pairIlmEEEN10components19execution_context_tEjNS8_6vector8vector_tESt10unique_ptrINSA_12data_chunk_tESt14default_deleteISD_EEENS_11type_traits9type_listIJS9_jSB_SG_EEELm4EEEDaPT_T0_PNS_7mailbox7messageE:
function _ZN10actor_zeta19invoke_actor_methodIN8services4disk14manager_disk_tEMS3_FNS_13unique_futureISt4pairIlmEEEN10components19execution_context_tEjNS8_6vector8vector_tESt10unique_ptrINSA_12data_chunk_tESt14default_deleteISD_EEENS_11type_traits9type_listIJS9_jSB_SG_EEELm4EEEDaPT_T0_PNS_7mailbox7messageE called 0 returned 0% blocks executed 0%
    #####:   82:    auto invoke_actor_method(Actor* self, Method method, mailbox::message* msg) {
        -:   83:        if constexpr (ArgsSize == 0) {
        -:   84:            return (self->*method)();
        -:   85:        } else {
        -:   86:            return [&]<std::size_t... I>(std::index_sequence<I...>) {
        -:   87:                auto& args = msg->body();
        -:   88:                return (self->*method)((detail::get<I, ArgsTypeList>(args))...);
    #####:   89:            }(std::make_index_sequence<ArgsSize>{});
call    0 never executed
branch  1 never executed
branch  2 never executed
        -:   90:        }
        -:   91:    }
------------------
_ZN10actor_zeta19invoke_actor_methodIN8services4disk14manager_disk_tEMS3_FNS_13unique_futureISt4pairImmEEEN10components19execution_context_tEjSt10unique_ptrINS8_6vector12data_chunk_tESt14default_deleteISC_EEENS_11type_traits9type_listIJS9_jSF_EEELm3EEEDaPT_T0_PNS_7mailbox7messageE:
function _ZN10actor_zeta19invoke_actor_methodIN8services4disk14manager_disk_tEMS3_FNS_13unique_futureISt4pairImmEEEN10components19execution_context_tEjSt10unique_ptrINS8_6vector12data_chunk_tESt14default_deleteISC_EEENS_11type_traits9type_listIJS9_jSF_EEELm3EEEDaPT_T0_PNS_7mailbox7messageE called 4 returned 100% blocks executed 100%
        4:   82:    auto invoke_actor_method(Actor* self, Method method, mailbox::message* msg) {
        -:   83:        if constexpr (ArgsSize == 0) {
        -:   84:            return (self->*method)();
        -:   85:        } else {
        -:   86:            return [&]<std::size_t... I>(std::index_sequence<I...>) {
        -:   87:                auto& args = msg->body();
        -:   88:                return (self->*method)((detail::get<I, ArgsTypeList>(args))...);
        4:   89:            }(std::make_index_sequence<ArgsSize>{});
call    0 returned 4
branch  1 taken 4 (fallthrough)
branch  2 taken 0 (throw)
        -:   90:        }
        -:   91:    }
------------------
_ZN10actor_zeta19invoke_actor_methodIN8services4disk14manager_disk_tEMS3_FNS_13unique_futureISt10unique_ptrIN10components6vector12data_chunk_tESt14default_deleteIS8_EEEENS6_7session12session_id_tEjlmENS_11type_traits9type_listIJSE_jlmEEELm4EEEDaPT_T0_PNS_7mailbox7messageE:
function _ZN10actor_zeta19invoke_actor_methodIN8services4disk14manager_disk_tEMS3_FNS_13unique_futureISt10unique_ptrIN10components6vector12data_chunk_tESt14default_deleteIS8_EEEENS6_7session12session_id_tEjlmENS_11type_traits9type_listIJSE_jlmEEELm4EEEDaPT_T0_PNS_7mailbox7messageE called 0 returned 0% blocks executed 0%
    #####:   82:    auto invoke_actor_method(Actor* self, Method method, mailbox::message* msg) {
        -:   83:        if constexpr (ArgsSize == 0) {
        -:   84:            return (self->*method)();
        -:   85:        } else {
        -:   86:            return [&]<std::size_t... I>(std::index_sequence<I...>) {
        -:   87:                auto& args = msg->body();
        -:   88:                return (self->*method)((detail::get<I, ArgsTypeList>(args))...);
    #####:   89:            }(std::make_index_sequence<ArgsSize>{});
call    0 never executed
branch  1 never executed
branch  2 never executed
        -:   90:        }
        -:   91:    }
------------------
_ZN10actor_zeta19invoke_actor_methodIN8services4disk14manager_disk_tEMS3_FNS_13unique_futureISt10unique_ptrIN10components6vector12data_chunk_tESt14default_deleteIS8_EEEENS6_7session12session_id_tEjNS7_8vector_tEmNS6_5table16transaction_dataEENS_11type_traits9type_listIJSE_jSF_mSH_EEELm5EEEDaPT_T0_PNS_7mailbox7messageE:
function _ZN10actor_zeta19invoke_actor_methodIN8services4disk14manager_disk_tEMS3_FNS_13unique_futureISt10unique_ptrIN10components6vector12data_chunk_tESt14default_deleteIS8_EEEENS6_7session12session_id_tEjNS7_8vector_tEmNS6_5table16transaction_dataEENS_11type_traits9type_listIJSE_jSF_mSH_EEELm5EEEDaPT_T0_PNS_7mailbox7messageE called 0 returned 0% blocks executed 0%
    #####:   82:    auto invoke_actor_method(Actor* self, Method method, mailbox::message* msg) {
        -:   83:        if constexpr (ArgsSize == 0) {
        -:   84:            return (self->*method)();
        -:   85:        } else {
        -:   86:            return [&]<std::size_t... I>(std::index_sequence<I...>) {
        -:   87:                auto& args = msg->body();
        -:   88:                return (self->*method)((detail::get<I, ArgsTypeList>(args))...);
    #####:   89:            }(std::make_index_sequence<ArgsSize>{});
call    0 never executed
branch  1 never executed
branch  2 never executed
        -:   90:        }
        -:   91:    }
------------------
_ZN10actor_zeta19invoke_actor_methodIN8services4disk14manager_disk_tEMS3_FNS_13unique_futureISt10unique_ptrISt6vectorIN10components6vector12data_chunk_tENSt3pmr21polymorphic_allocatorIS9_EEESt14default_deleteISD_EEEENS7_7session12session_id_tEjS5_INS7_5table14table_filter_tESE_ISL_EElS6_ImSaImEEbNSK_16transaction_dataEENS_11type_traits9type_listIJSJ_jSN_lSP_bSQ_EEELm7EEEDaPT_T0_PNS_7mailbox7messageE:
function _ZN10actor_zeta19invoke_actor_methodIN8services4disk14manager_disk_tEMS3_FNS_13unique_futureISt10unique_ptrISt6vectorIN10components6vector12data_chunk_tENSt3pmr21polymorphic_allocatorIS9_EEESt14default_deleteISD_EEEENS7_7session12session_id_tEjS5_INS7_5table14table_filter_tESE_ISL_EElS6_ImSaImEEbNSK_16transaction_dataEENS_11type_traits9type_listIJSJ_jSN_lSP_bSQ_EEELm7EEEDaPT_T0_PNS_7mailbox7messageE called 2 returned 100% blocks executed 100%
        2:   82:    auto invoke_actor_method(Actor* self, Method method, mailbox::message* msg) {
        -:   83:        if constexpr (ArgsSize == 0) {
        -:   84:            return (self->*method)();
        -:   85:        } else {
        -:   86:            return [&]<std::size_t... I>(std::index_sequence<I...>) {
        -:   87:                auto& args = msg->body();
        -:   88:                return (self->*method)((detail::get<I, ArgsTypeList>(args))...);
        2:   89:            }(std::make_index_sequence<ArgsSize>{});
call    0 returned 2
branch  1 taken 2 (fallthrough)
branch  2 taken 0 (throw)
        -:   90:        }
        -:   91:    }
------------------
_ZN10actor_zeta19invoke_actor_methodIN8services4disk14manager_disk_tEMS3_FNS_13unique_futureISt10unique_ptrIN10components6vector12data_chunk_tESt14default_deleteIS8_EEEENS6_7session12session_id_tEjS5_INS6_5table14table_filter_tES9_ISG_EEiNSF_16transaction_dataEENS_11type_traits9type_listIJSE_jSI_iSJ_EEELm5EEEDaPT_T0_PNS_7mailbox7messageE:
function _ZN10actor_zeta19invoke_actor_methodIN8services4disk14manager_disk_tEMS3_FNS_13unique_futureISt10unique_ptrIN10components6vector12data_chunk_tESt14default_deleteIS8_EEEENS6_7session12session_id_tEjS5_INS6_5table14table_filter_tES9_ISG_EEiNSF_16transaction_dataEENS_11type_traits9type_listIJSE_jSI_iSJ_EEELm5EEEDaPT_T0_PNS_7mailbox7messageE called 2 returned 100% blocks executed 100%
        2:   82:    auto invoke_actor_method(Actor* self, Method method, mailbox::message* msg) {
        -:   83:        if constexpr (ArgsSize == 0) {
        -:   84:            return (self->*method)();
        -:   85:        } else {
        -:   86:            return [&]<std::size_t... I>(std::index_sequence<I...>) {
        -:   87:                auto& args = msg->body();
        -:   88:                return (self->*method)((detail::get<I, ArgsTypeList>(args))...);
        2:   89:            }(std::make_index_sequence<ArgsSize>{});
call    0 returned 2
branch  1 taken 2 (fallthrough)
branch  2 taken 0 (throw)
        -:   90:        }
        -:   91:    }
------------------
_ZN10actor_zeta19invoke_actor_methodIN8services4disk14manager_disk_tEMS3_FNS_13unique_futureImEEN10components7session12session_id_tEjENS_11type_traits9type_listIJS8_jEEELm2EEEDaPT_T0_PNS_7mailbox7messageE:
function _ZN10actor_zeta19invoke_actor_methodIN8services4disk14manager_disk_tEMS3_FNS_13unique_futureImEEN10components7session12session_id_tEjENS_11type_traits9type_listIJS8_jEEELm2EEEDaPT_T0_PNS_7mailbox7messageE called 0 returned 0% blocks executed 0%
    #####:   82:    auto invoke_actor_method(Actor* self, Method method, mailbox::message* msg) {
        -:   83:        if constexpr (ArgsSize == 0) {
        -:   84:            return (self->*method)();
        -:   85:        } else {
        -:   86:            return [&]<std::size_t... I>(std::index_sequence<I...>) {
        -:   87:                auto& args = msg->body();
        -:   88:                return (self->*method)((detail::get<I, ArgsTypeList>(args))...);
    #####:   89:            }(std::make_index_sequence<ArgsSize>{});
call    0 never executed
branch  1 never executed
branch  2 never executed
        -:   90:        }
        -:   91:    }
------------------
_ZN10actor_zeta19invoke_actor_methodIN8services4disk14manager_disk_tEMS3_FNS_13unique_futureIvEEN10components19execution_context_tEjmlmENS_11type_traits9type_listIJS7_jmlmEEELm5EEEDaPT_T0_PNS_7mailbox7messageE:
function _ZN10actor_zeta19invoke_actor_methodIN8services4disk14manager_disk_tEMS3_FNS_13unique_futureIvEEN10components19execution_context_tEjmlmENS_11type_traits9type_listIJS7_jmlmEEELm5EEEDaPT_T0_PNS_7mailbox7messageE called 0 returned 0% blocks executed 0%
    #####:   82:    auto invoke_actor_method(Actor* self, Method method, mailbox::message* msg) {
        -:   83:        if constexpr (ArgsSize == 0) {
        -:   84:            return (self->*method)();
        -:   85:        } else {
        -:   86:            return [&]<std::size_t... I>(std::index_sequence<I...>) {
        -:   87:                auto& args = msg->body();
        -:   88:                return (self->*method)((detail::get<I, ArgsTypeList>(args))...);
    #####:   89:            }(std::make_index_sequence<ArgsSize>{});
call    0 never executed
branch  1 never executed
branch  2 never executed
        -:   90:        }
        -:   91:    }
------------------
_ZN10actor_zeta19invoke_actor_methodIN8services4disk14manager_disk_tEMS3_FNS_13unique_futureIvEEN10components7session12session_id_tEjENS_11type_traits9type_listIJS8_jEEELm2EEEDaPT_T0_PNS_7mailbox7messageE:
function _ZN10actor_zeta19invoke_actor_methodIN8services4disk14manager_disk_tEMS3_FNS_13unique_futureIvEEN10components7session12session_id_tEjENS_11type_traits9type_listIJS8_jEEELm2EEEDaPT_T0_PNS_7mailbox7messageE called 0 returned 0% blocks executed 0%
    #####:   82:    auto invoke_actor_method(Actor* self, Method method, mailbox::message* msg) {
        -:   83:        if constexpr (ArgsSize == 0) {
        -:   84:            return (self->*method)();
        -:   85:        } else {
        -:   86:            return [&]<std::size_t... I>(std::index_sequence<I...>) {
        -:   87:                auto& args = msg->body();
        -:   88:                return (self->*method)((detail::get<I, ArgsTypeList>(args))...);
    #####:   89:            }(std::make_index_sequence<ArgsSize>{});
call    0 never executed
branch  1 never executed
branch  2 never executed
        -:   90:        }
        -:   91:    }
------------------
_ZN10actor_zeta19invoke_actor_methodIN8services4disk14manager_disk_tEMS3_FNS_13unique_futureIvEEN10components7session12session_id_tEjjSt6vectorINS6_5table19column_definition_tESaISB_EEN13configuration18disk_layout_policyEENS_11type_traits9type_listIJS8_jjSD_SF_EEELm5EEEDaPT_T0_PNS_7mailbox7messageE:
function _ZN10actor_zeta19invoke_actor_methodIN8services4disk14manager_disk_tEMS3_FNS_13unique_futureIvEEN10components7session12session_id_tEjjSt6vectorINS6_5table19column_definition_tESaISB_EEN13configuration18disk_layout_policyEENS_11type_traits9type_listIJS8_jjSD_SF_EEELm5EEEDaPT_T0_PNS_7mailbox7messageE called 3 returned 100% blocks executed 100%
        3:   82:    auto invoke_actor_method(Actor* self, Method method, mailbox::message* msg) {
        -:   83:        if constexpr (ArgsSize == 0) {
        -:   84:            return (self->*method)();
        -:   85:        } else {
        -:   86:            return [&]<std::size_t... I>(std::index_sequence<I...>) {
        -:   87:                auto& args = msg->body();
        -:   88:                return (self->*method)((detail::get<I, ArgsTypeList>(args))...);
        3:   89:            }(std::make_index_sequence<ArgsSize>{});
call    0 returned 3
branch  1 taken 3 (fallthrough)
branch  2 taken 0 (throw)
        -:   90:        }
        -:   91:    }
------------------
_ZN10actor_zeta19invoke_actor_methodIN8services4disk14manager_disk_tEMS3_FNS_13unique_futureIvEEN10components7session12session_id_tEjjSt6vectorINS6_5table19column_definition_tESaISB_EEENS_11type_traits9type_listIJS8_jjSD_EEELm4EEEDaPT_T0_PNS_7mailbox7messageE:
function _ZN10actor_zeta19invoke_actor_methodIN8services4disk14manager_disk_tEMS3_FNS_13unique_futureIvEEN10components7session12session_id_tEjjSt6vectorINS6_5table19column_definition_tESaISB_EEENS_11type_traits9type_listIJS8_jjSD_EEELm4EEEDaPT_T0_PNS_7mailbox7messageE called 0 returned 0% blocks executed 0%
    #####:   82:    auto invoke_actor_method(Actor* self, Method method, mailbox::message* msg) {
        -:   83:        if constexpr (ArgsSize == 0) {
        -:   84:            return (self->*method)();
        -:   85:        } else {
        -:   86:            return [&]<std::size_t... I>(std::index_sequence<I...>) {
        -:   87:                auto& args = msg->body();
        -:   88:                return (self->*method)((detail::get<I, ArgsTypeList>(args))...);
    #####:   89:            }(std::make_index_sequence<ArgsSize>{});
call    0 never executed
branch  1 never executed
branch  2 never executed
        -:   90:        }
        -:   91:    }
------------------
_ZN10actor_zeta19invoke_actor_methodIN8services4disk14manager_disk_tEMS3_FNS_13unique_futureIvEEN10components7session12session_id_tEjjENS_11type_traits9type_listIJS8_jjEEELm3EEEDaPT_T0_PNS_7mailbox7messageE:
function _ZN10actor_zeta19invoke_actor_methodIN8services4disk14manager_disk_tEMS3_FNS_13unique_futureIvEEN10components7session12session_id_tEjjENS_11type_traits9type_listIJS8_jjEEELm3EEEDaPT_T0_PNS_7mailbox7messageE called 2 returned 100% blocks executed 100%
        2:   82:    auto invoke_actor_method(Actor* self, Method method, mailbox::message* msg) {
        -:   83:        if constexpr (ArgsSize == 0) {
        -:   84:            return (self->*method)();
        -:   85:        } else {
        -:   86:            return [&]<std::size_t... I>(std::index_sequence<I...>) {
        -:   87:                auto& args = msg->body();
        -:   88:                return (self->*method)((detail::get<I, ArgsTypeList>(args))...);
        2:   89:            }(std::make_index_sequence<ArgsSize>{});
call    0 returned 2
branch  1 taken 2 (fallthrough)
branch  2 taken 0 (throw)
        -:   90:        }
        -:   91:    }
------------------
_ZN10actor_zeta19invoke_actor_methodIN8services4disk14manager_disk_tEMS3_FNS_13unique_futureIvEEN10components19execution_context_tEmENS_11type_traits9type_listIJS7_mEEELm2EEEDaPT_T0_PNS_7mailbox7messageE:
function _ZN10actor_zeta19invoke_actor_methodIN8services4disk14manager_disk_tEMS3_FNS_13unique_futureIvEEN10components19execution_context_tEmENS_11type_traits9type_listIJS7_mEEELm2EEEDaPT_T0_PNS_7mailbox7messageE called 0 returned 0% blocks executed 0%
    #####:   82:    auto invoke_actor_method(Actor* self, Method method, mailbox::message* msg) {
        -:   83:        if constexpr (ArgsSize == 0) {
        -:   84:            return (self->*method)();
        -:   85:        } else {
        -:   86:            return [&]<std::size_t... I>(std::index_sequence<I...>) {
        -:   87:                auto& args = msg->body();
        -:   88:                return (self->*method)((detail::get<I, ArgsTypeList>(args))...);
    #####:   89:            }(std::make_index_sequence<ArgsSize>{});
call    0 never executed
branch  1 never executed
branch  2 never executed
        -:   90:        }
        -:   91:    }
------------------
_ZN10actor_zeta19invoke_actor_methodIN8services4disk14manager_disk_tEMS3_FNS_13unique_futureImEEN10components7session12session_id_tEmENS_11type_traits9type_listIJS8_mEEELm2EEEDaPT_T0_PNS_7mailbox7messageE:
function _ZN10actor_zeta19invoke_actor_methodIN8services4disk14manager_disk_tEMS3_FNS_13unique_futureImEEN10components7session12session_id_tEmENS_11type_traits9type_listIJS8_mEEELm2EEEDaPT_T0_PNS_7mailbox7messageE called 15 returned 100% blocks executed 100%
       15:   82:    auto invoke_actor_method(Actor* self, Method method, mailbox::message* msg) {
        -:   83:        if constexpr (ArgsSize == 0) {
        -:   84:            return (self->*method)();
        -:   85:        } else {
        -:   86:            return [&]<std::size_t... I>(std::index_sequence<I...>) {
        -:   87:                auto& args = msg->body();
        -:   88:                return (self->*method)((detail::get<I, ArgsTypeList>(args))...);
       15:   89:            }(std::make_index_sequence<ArgsSize>{});
call    0 returned 15
branch  1 taken 15 (fallthrough)
branch  2 taken 0 (throw)
        -:   90:        }
        -:   91:    }
------------------
_ZN10actor_zeta19invoke_actor_methodIN8services4disk14manager_disk_tEMS3_FNS_13unique_futureIvEEN10components7session12session_id_tEmENS_11type_traits9type_listIJS8_mEEELm2EEEDaPT_T0_PNS_7mailbox7messageE:
function _ZN10actor_zeta19invoke_actor_methodIN8services4disk14manager_disk_tEMS3_FNS_13unique_futureIvEEN10components7session12session_id_tEmENS_11type_traits9type_listIJS8_mEEELm2EEEDaPT_T0_PNS_7mailbox7messageE called 0 returned 0% blocks executed 0%
    #####:   82:    auto invoke_actor_method(Actor* self, Method method, mailbox::message* msg) {
        -:   83:        if constexpr (ArgsSize == 0) {
        -:   84:            return (self->*method)();
        -:   85:        } else {
        -:   86:            return [&]<std::size_t... I>(std::index_sequence<I...>) {
        -:   87:                auto& args = msg->body();
        -:   88:                return (self->*method)((detail::get<I, ArgsTypeList>(args))...);
    #####:   89:            }(std::make_index_sequence<ArgsSize>{});
call    0 never executed
branch  1 never executed
branch  2 never executed
        -:   90:        }
        -:   91:    }
------------------
_ZN10actor_zeta19invoke_actor_methodIN10components7storage6detail22parallel_scan_worker_tEMS4_FNS_13unique_futureISt6vectorINS1_6vector12data_chunk_tENSt3pmr21polymorphic_allocatorIS8_EEEEES6_INS1_5table15storage_index_tESaISF_EEmPKNSE_14table_filter_tES6_ImSaImEEbNSE_16transaction_dataEENS_11type_traits9type_listIJSH_mSK_SM_bSN_EEELm6EEEDaPT_T0_PNS_7mailbox7messageE:
function _ZN10actor_zeta19invoke_actor_methodIN10components7storage6detail22parallel_scan_worker_tEMS4_FNS_13unique_futureISt6vectorINS1_6vector12data_chunk_tENSt3pmr21polymorphic_allocatorIS8_EEEEES6_INS1_5table15storage_index_tESaISF_EEmPKNSE_14table_filter_tES6_ImSaImEEbNSE_16transaction_dataEENS_11type_traits9type_listIJSH_mSK_SM_bSN_EEELm6EEEDaPT_T0_PNS_7mailbox7messageE called 0 returned 0% blocks executed 0%
    #####:   82:    auto invoke_actor_method(Actor* self, Method method, mailbox::message* msg) {
        -:   83:        if constexpr (ArgsSize == 0) {
        -:   84:            return (self->*method)();
        -:   85:        } else {
        -:   86:            return [&]<std::size_t... I>(std::index_sequence<I...>) {
        -:   87:                auto& args = msg->body();
        -:   88:                return (self->*method)((detail::get<I, ArgsTypeList>(args))...);
    #####:   89:            }(std::make_index_sequence<ArgsSize>{});
call    0 never executed
branch  1 never executed
branch  2 never executed
        -:   90:        }
        -:   91:    }
------------------
_ZN10actor_zeta19invoke_actor_methodIN8services4disk14manager_disk_tEMS3_FNS_13unique_futureINS2_21resolve_type_result_tEEEN10components19execution_context_tEjNSt7__cxx1112basic_stringIcSt11char_traitsIcESaIcEEEmENS_11type_traits9type_listIJS8_jSE_mEEELm4EEEDaPT_T0_PNS_7mailbox7messageE:
function _ZN10actor_zeta19invoke_actor_methodIN8services4disk14manager_disk_tEMS3_FNS_13unique_futureINS2_21resolve_type_result_tEEEN10components19execution_context_tEjNSt7__cxx1112basic_stringIcSt11char_traitsIcESaIcEEEmENS_11type_traits9type_listIJS8_jSE_mEEELm4EEEDaPT_T0_PNS_7mailbox7messageE called 5 returned 100% blocks executed 100%
        5:   82:    auto invoke_actor_method(Actor* self, Method method, mailbox::message* msg) {
        -:   83:        if constexpr (ArgsSize == 0) {
        -:   84:            return (self->*method)();
        -:   85:        } else {
        -:   86:            return [&]<std::size_t... I>(std::index_sequence<I...>) {
        -:   87:                auto& args = msg->body();
        -:   88:                return (self->*method)((detail::get<I, ArgsTypeList>(args))...);
        5:   89:            }(std::make_index_sequence<ArgsSize>{});
call    0 returned 5
branch  1 taken 5 (fallthrough)
branch  2 taken 0 (throw)
        -:   90:        }
        -:   91:    }
------------------
_ZN10actor_zeta19invoke_actor_methodIN8services4disk14manager_disk_tEMS3_FNS_13unique_futureIvEEN10components19execution_context_tEjljENS_11type_traits9type_listIJS7_jljEEELm4EEEDaPT_T0_PNS_7mailbox7messageE:
function _ZN10actor_zeta19invoke_actor_methodIN8services4disk14manager_disk_tEMS3_FNS_13unique_futureIvEEN10components19execution_context_tEjljENS_11type_traits9type_listIJS7_jljEEELm4EEEDaPT_T0_PNS_7mailbox7messageE called 102 returned 100% blocks executed 100%
      102:   82:    auto invoke_actor_method(Actor* self, Method method, mailbox::message* msg) {
        -:   83:        if constexpr (ArgsSize == 0) {
        -:   84:            return (self->*method)();
        -:   85:        } else {
        -:   86:            return [&]<std::size_t... I>(std::index_sequence<I...>) {
        -:   87:                auto& args = msg->body();
        -:   88:                return (self->*method)((detail::get<I, ArgsTypeList>(args))...);
      102:   89:            }(std::make_index_sequence<ArgsSize>{});
call    0 returned 102
branch  1 taken 102 (fallthrough)
branch  2 taken 0 (throw)
        -:   90:        }
        -:   91:    }
------------------
_ZN10actor_zeta19invoke_actor_methodIN8services4disk14manager_disk_tEMS3_FNS_13unique_futureISt6vectorIS5_IN10components5types15logical_value_tENSt3pmr21polymorphic_allocatorIS8_EEENSA_ISC_EEEEENS6_19execution_context_tEjS5_INSt7__cxx1112basic_stringIcSt11char_traitsIcESaIcEEENSA_ISM_EEESC_ENS_11type_traits9type_listIJSG_jSO_SC_EEELm4EEEDaPT_T0_PNS_7mailbox7messageE:
function _ZN10actor_zeta19invoke_actor_methodIN8services4disk14manager_disk_tEMS3_FNS_13unique_futureISt6vectorIS5_IN10components5types15logical_value_tENSt3pmr21polymorphic_allocatorIS8_EEENSA_ISC_EEEEENS6_19execution_context_tEjS5_INSt7__cxx1112basic_stringIcSt11char_traitsIcESaIcEEENSA_ISM_EEESC_ENS_11type_traits9type_listIJSG_jSO_SC_EEELm4EEEDaPT_T0_PNS_7mailbox7messageE called 33 returned 100% blocks executed 100%
       33:   82:    auto invoke_actor_method(Actor* self, Method method, mailbox::message* msg) {
        -:   83:        if constexpr (ArgsSize == 0) {
        -:   84:            return (self->*method)();
        -:   85:        } else {
        -:   86:            return [&]<std::size_t... I>(std::index_sequence<I...>) {
        -:   87:                auto& args = msg->body();
        -:   88:                return (self->*method)((detail::get<I, ArgsTypeList>(args))...);
       33:   89:            }(std::make_index_sequence<ArgsSize>{});
call    0 returned 33
branch  1 taken 33 (fallthrough)
branch  2 taken 0 (throw)
        -:   90:        }
        -:   91:    }
------------------
_ZN10actor_zeta19invoke_actor_methodIN8services4disk14manager_disk_tEMS3_FNS_13unique_futureISt6vectorIlNSt3pmr21polymorphic_allocatorIlEEEEEN10components19execution_context_tEjS5_INSt7__cxx1112basic_stringIcSt11char_traitsIcESaIcEEENS7_ISI_EEES5_INSB_5types15logical_value_tENS7_ISM_EEEENS_11type_traits9type_listIJSC_jSK_SO_EEELm4EEEDaPT_T0_PNS_7mailbox7messageE:
function _ZN10actor_zeta19invoke_actor_methodIN8services4disk14manager_disk_tEMS3_FNS_13unique_futureISt6vectorIlNSt3pmr21polymorphic_allocatorIlEEEEEN10components19execution_context_tEjS5_INSt7__cxx1112basic_stringIcSt11char_traitsIcESaIcEEENS7_ISI_EEES5_INSB_5types15logical_value_tENS7_ISM_EEEENS_11type_traits9type_listIJSC_jSK_SO_EEELm4EEEDaPT_T0_PNS_7mailbox7messageE called 9 returned 100% blocks executed 100%
        9:   82:    auto invoke_actor_method(Actor* self, Method method, mailbox::message* msg) {
        -:   83:        if constexpr (ArgsSize == 0) {
        -:   84:            return (self->*method)();
        -:   85:        } else {
        -:   86:            return [&]<std::size_t... I>(std::index_sequence<I...>) {
        -:   87:                auto& args = msg->body();
        -:   88:                return (self->*method)((detail::get<I, ArgsTypeList>(args))...);
        9:   89:            }(std::make_index_sequence<ArgsSize>{});
call    0 returned 9
branch  1 taken 9 (fallthrough)
branch  2 taken 0 (throw)
        -:   90:        }
        -:   91:    }
------------------
_ZN10actor_zeta19invoke_actor_methodIN8services4disk14manager_disk_tEMS3_FNS_13unique_futureIN10components25pg_catalog_append_range_tEEENS5_19execution_context_tEjNS5_6vector12data_chunk_tEENS_11type_traits9type_listIJS8_jSA_EEELm3EEEDaPT_T0_PNS_7mailbox7messageE:
function _ZN10actor_zeta19invoke_actor_methodIN8services4disk14manager_disk_tEMS3_FNS_13unique_futureIN10components25pg_catalog_append_range_tEEENS5_19execution_context_tEjNS5_6vector12data_chunk_tEENS_11type_traits9type_listIJS8_jSA_EEELm3EEEDaPT_T0_PNS_7mailbox7messageE called 363 returned 100% blocks executed 100%
      363:   82:    auto invoke_actor_method(Actor* self, Method method, mailbox::message* msg) {
        -:   83:        if constexpr (ArgsSize == 0) {
        -:   84:            return (self->*method)();
        -:   85:        } else {
        -:   86:            return [&]<std::size_t... I>(std::index_sequence<I...>) {
        -:   87:                auto& args = msg->body();
        -:   88:                return (self->*method)((detail::get<I, ArgsTypeList>(args))...);
      363:   89:            }(std::make_index_sequence<ArgsSize>{});
call    0 returned 363
branch  1 taken 363 (fallthrough)
branch  2 taken 0 (throw)
        -:   90:        }
        -:   91:    }
------------------
_ZN10actor_zeta19invoke_actor_methodIN8services4disk14manager_disk_tEMS3_FNS_13unique_futureISt6vectorIjSaIjEEEEmENS_11type_traits9type_listIJmEEELm1EEEDaPT_T0_PNS_7mailbox7messageE:
function _ZN10actor_zeta19invoke_actor_methodIN8services4disk14manager_disk_tEMS3_FNS_13unique_futureISt6vectorIjSaIjEEEEmENS_11type_traits9type_listIJmEEELm1EEEDaPT_T0_PNS_7mailbox7messageE called 196 returned 100% blocks executed 100%
      196:   82:    auto invoke_actor_method(Actor* self, Method method, mailbox::message* msg) {
        -:   83:        if constexpr (ArgsSize == 0) {
        -:   84:            return (self->*method)();
        -:   85:        } else {
        -:   86:            return [&]<std::size_t... I>(std::index_sequence<I...>) {
        -:   87:                auto& args = msg->body();
        -:   88:                return (self->*method)((detail::get<I, ArgsTypeList>(args))...);
      196:   89:            }(std::make_index_sequence<ArgsSize>{});
call    0 returned 196
branch  1 taken 196 (fallthrough)
branch  2 taken 0 (throw)
        -:   90:        }
        -:   91:    }
------------------
_ZN10actor_zeta19invoke_actor_methodIN8services4disk14manager_disk_tEMS3_FNS_13unique_futureISt6vectorINSt7__cxx1112basic_stringIcSt11char_traitsIcESaIcEEENSt3pmr21polymorphic_allocatorISB_EEEEEN10components19execution_context_tEENS_11type_traits9type_listIJSI_EEELm1EEEDaPT_T0_PNS_7mailbox7messageE:
function _ZN10actor_zeta19invoke_actor_methodIN8services4disk14manager_disk_tEMS3_FNS_13unique_futureISt6vectorINSt7__cxx1112basic_stringIcSt11char_traitsIcESaIcEEENSt3pmr21polymorphic_allocatorISB_EEEEEN10components19execution_context_tEENS_11type_traits9type_listIJSI_EEELm1EEEDaPT_T0_PNS_7mailbox7messageE called 0 returned 0% blocks executed 0%
    #####:   82:    auto invoke_actor_method(Actor* self, Method method, mailbox::message* msg) {
        -:   83:        if constexpr (ArgsSize == 0) {
        -:   84:            return (self->*method)();
        -:   85:        } else {
        -:   86:            return [&]<std::size_t... I>(std::index_sequence<I...>) {
        -:   87:                auto& args = msg->body();
        -:   88:                return (self->*method)((detail::get<I, ArgsTypeList>(args))...);
    #####:   89:            }(std::make_index_sequence<ArgsSize>{});
call    0 never executed
branch  1 never executed
branch  2 never executed
        -:   90:        }
        -:   91:    }
------------------
_ZN10actor_zeta19invoke_actor_methodIN8services4disk14manager_disk_tEMS3_FNS_13unique_futureISt6vectorINS2_25resolve_function_result_tENSt3pmr21polymorphic_allocatorIS6_EEEEEN10components19execution_context_tENSt7__cxx1112basic_stringIcSt11char_traitsIcESaIcEEEmENS_11type_traits9type_listIJSD_SJ_mEEELm3EEEDaPT_T0_PNS_7mailbox7messageE:
function _ZN10actor_zeta19invoke_actor_methodIN8services4disk14manager_disk_tEMS3_FNS_13unique_futureISt6vectorINS2_25resolve_function_result_tENSt3pmr21polymorphic_allocatorIS6_EEEEEN10components19execution_context_tENSt7__cxx1112basic_stringIcSt11char_traitsIcESaIcEEEmENS_11type_traits9type_listIJSD_SJ_mEEELm3EEEDaPT_T0_PNS_7mailbox7messageE called 0 returned 0% blocks executed 0%
    #####:   82:    auto invoke_actor_method(Actor* self, Method method, mailbox::message* msg) {
        -:   83:        if constexpr (ArgsSize == 0) {
        -:   84:            return (self->*method)();
        -:   85:        } else {
        -:   86:            return [&]<std::size_t... I>(std::index_sequence<I...>) {
        -:   87:                auto& args = msg->body();
        -:   88:                return (self->*method)((detail::get<I, ArgsTypeList>(args))...);
    #####:   89:            }(std::make_index_sequence<ArgsSize>{});
call    0 never executed
branch  1 never executed
branch  2 never executed
        -:   90:        }
        -:   91:    }
------------------
_ZN10actor_zeta19invoke_actor_methodIN8services4disk14manager_disk_tEMS3_FNS_13unique_futureINS2_25resolve_function_result_tEEEN10components19execution_context_tEjNSt7__cxx1112basic_stringIcSt11char_traitsIcESaIcEEEmENS_11type_traits9type_listIJS8_jSE_mEEELm4EEEDaPT_T0_PNS_7mailbox7messageE:
function _ZN10actor_zeta19invoke_actor_methodIN8services4disk14manager_disk_tEMS3_FNS_13unique_futureINS2_25resolve_function_result_tEEEN10components19execution_context_tEjNSt7__cxx1112basic_stringIcSt11char_traitsIcESaIcEEEmENS_11type_traits9type_listIJS8_jSE_mEEELm4EEEDaPT_T0_PNS_7mailbox7messageE called 3 returned 100% blocks executed 100%
        3:   82:    auto invoke_actor_method(Actor* self, Method method, mailbox::message* msg) {
        -:   83:        if constexpr (ArgsSize == 0) {
        -:   84:            return (self->*method)();
        -:   85:        } else {
        -:   86:            return [&]<std::size_t... I>(std::index_sequence<I...>) {
        -:   87:                auto& args = msg->body();
        -:   88:                return (self->*method)((detail::get<I, ArgsTypeList>(args))...);
        3:   89:            }(std::make_index_sequence<ArgsSize>{});
call    0 returned 3
branch  1 taken 3 (fallthrough)
branch  2 taken 0 (throw)
        -:   90:        }
        -:   91:    }
------------------
_ZN10actor_zeta19invoke_actor_methodIN8services4disk14manager_disk_tEMS3_FNS_13unique_futureImEEN10components19execution_context_tEjSt3setINSt7__cxx1112basic_stringIcSt11char_traitsIcESaIcEEESt4lessISE_ESaISE_EEENS_11type_traits9type_listIJS7_jSI_EEELm3EEEDaPT_T0_PNS_7mailbox7messageE:
function _ZN10actor_zeta19invoke_actor_methodIN8services4disk14manager_disk_tEMS3_FNS_13unique_futureImEEN10components19execution_context_tEjSt3setINSt7__cxx1112basic_stringIcSt11char_traitsIcESaIcEEESt4lessISE_ESaISE_EEENS_11type_traits9type_listIJS7_jSI_EEELm3EEEDaPT_T0_PNS_7mailbox7messageE called 4 returned 100% blocks executed 100%
        4:   82:    auto invoke_actor_method(Actor* self, Method method, mailbox::message* msg) {
        -:   83:        if constexpr (ArgsSize == 0) {
        -:   84:            return (self->*method)();
        -:   85:        } else {
        -:   86:            return [&]<std::size_t... I>(std::index_sequence<I...>) {
        -:   87:                auto& args = msg->body();
        -:   88:                return (self->*method)((detail::get<I, ArgsTypeList>(args))...);
        4:   89:            }(std::make_index_sequence<ArgsSize>{});
call    0 returned 4
branch  1 taken 4 (fallthrough)
branch  2 taken 0 (throw)
        -:   90:        }
        -:   91:    }
------------------
_ZN10actor_zeta19invoke_actor_methodIN8services4disk14manager_disk_tEMS3_FNS_13unique_futureINS2_22resolve_table_result_tEEEN10components19execution_context_tEjNSt7__cxx1112basic_stringIcSt11char_traitsIcESaIcEEEmENS_11type_traits9type_listIJS8_jSE_mEEELm4EEEDaPT_T0_PNS_7mailbox7messageE:
function _ZN10actor_zeta19invoke_actor_methodIN8services4disk14manager_disk_tEMS3_FNS_13unique_futureINS2_22resolve_table_result_tEEEN10components19execution_context_tEjNSt7__cxx1112basic_stringIcSt11char_traitsIcESaIcEEEmENS_11type_traits9type_listIJS8_jSE_mEEELm4EEEDaPT_T0_PNS_7mailbox7messageE called 64 returned 100% blocks executed 100%
       64:   82:    auto invoke_actor_method(Actor* self, Method method, mailbox::message* msg) {
        -:   83:        if constexpr (ArgsSize == 0) {
        -:   84:            return (self->*method)();
        -:   85:        } else {
        -:   86:            return [&]<std::size_t... I>(std::index_sequence<I...>) {
        -:   87:                auto& args = msg->body();
        -:   88:                return (self->*method)((detail::get<I, ArgsTypeList>(args))...);
       64:   89:            }(std::make_index_sequence<ArgsSize>{});
call    0 returned 64
branch  1 taken 64 (fallthrough)
branch  2 taken 0 (throw)
        -:   90:        }
        -:   91:    }
------------------
_ZN10actor_zeta19invoke_actor_methodIN8services4disk14manager_disk_tEMS3_FNS_13unique_futureINS2_26resolve_namespace_result_tEEEN10components19execution_context_tENSt7__cxx1112basic_stringIcSt11char_traitsIcESaIcEEEmENS_11type_traits9type_listIJS8_SE_mEEELm3EEEDaPT_T0_PNS_7mailbox7messageE:
function _ZN10actor_zeta19invoke_actor_methodIN8services4disk14manager_disk_tEMS3_FNS_13unique_futureINS2_26resolve_namespace_result_tEEEN10components19execution_context_tENSt7__cxx1112basic_stringIcSt11char_traitsIcESaIcEEEmENS_11type_traits9type_listIJS8_SE_mEEELm3EEEDaPT_T0_PNS_7mailbox7messageE called 12 returned 100% blocks executed 100%
       12:   82:    auto invoke_actor_method(Actor* self, Method method, mailbox::message* msg) {
        -:   83:        if constexpr (ArgsSize == 0) {
        -:   84:            return (self->*method)();
        -:   85:        } else {
        -:   86:            return [&]<std::size_t... I>(std::index_sequence<I...>) {
        -:   87:                auto& args = msg->body();
        -:   88:                return (self->*method)((detail::get<I, ArgsTypeList>(args))...);
       12:   89:            }(std::make_index_sequence<ArgsSize>{});
call    0 returned 12
branch  1 taken 12 (fallthrough)
branch  2 taken 0 (throw)
        -:   90:        }
        -:   91:    }
------------------
_ZN10actor_zeta19invoke_actor_methodIN8services4disk14manager_disk_tEMS3_FNS_13unique_futureIvEEN10components19execution_context_tESt6vectorINS6_25pg_catalog_append_range_tESaIS9_EEENS_11type_traits9type_listIJS7_SB_EEELm2EEEDaPT_T0_PNS_7mailbox7messageE:
function _ZN10actor_zeta19invoke_actor_methodIN8services4disk14manager_disk_tEMS3_FNS_13unique_futureIvEEN10components19execution_context_tESt6vectorINS6_25pg_catalog_append_range_tESaIS9_EEENS_11type_traits9type_listIJS7_SB_EEELm2EEEDaPT_T0_PNS_7mailbox7messageE called 2 returned 100% blocks executed 100%
        2:   82:    auto invoke_actor_method(Actor* self, Method method, mailbox::message* msg) {
        -:   83:        if constexpr (ArgsSize == 0) {
        -:   84:            return (self->*method)();
        -:   85:        } else {
        -:   86:            return [&]<std::size_t... I>(std::index_sequence<I...>) {
        -:   87:                auto& args = msg->body();
        -:   88:                return (self->*method)((detail::get<I, ArgsTypeList>(args))...);
        2:   89:            }(std::make_index_sequence<ArgsSize>{});
call    0 returned 2
branch  1 taken 2 (fallthrough)
branch  2 taken 0 (throw)
        -:   90:        }
        -:   91:    }
------------------
_ZN10actor_zeta19invoke_actor_methodIN8services4disk14manager_disk_tEMS3_FNS_13unique_futureIvEEN10components19execution_context_tEmSt3setIjSt4lessIjESaIjEEENS_11type_traits9type_listIJS7_mSC_EEELm3EEEDaPT_T0_PNS_7mailbox7messageE:
function _ZN10actor_zeta19invoke_actor_methodIN8services4disk14manager_disk_tEMS3_FNS_13unique_futureIvEEN10components19execution_context_tEmSt3setIjSt4lessIjESaIjEEENS_11type_traits9type_listIJS7_mSC_EEELm3EEEDaPT_T0_PNS_7mailbox7messageE called 31 returned 100% blocks executed 100%
       31:   82:    auto invoke_actor_method(Actor* self, Method method, mailbox::message* msg) {
        -:   83:        if constexpr (ArgsSize == 0) {
        -:   84:            return (self->*method)();
        -:   85:        } else {
        -:   86:            return [&]<std::size_t... I>(std::index_sequence<I...>) {
        -:   87:                auto& args = msg->body();
        -:   88:                return (self->*method)((detail::get<I, ArgsTypeList>(args))...);
       31:   89:            }(std::make_index_sequence<ArgsSize>{});
call    0 returned 31
branch  1 taken 31 (fallthrough)
branch  2 taken 0 (throw)
        -:   90:        }
        -:   91:    }
------------------
_ZN10actor_zeta19invoke_actor_methodIN8services4disk14manager_disk_tEMS3_FNS_13unique_futureIvEEN10components19execution_context_tEmSt6vectorINS6_25pg_catalog_append_range_tESaIS9_EEENS_11type_traits9type_listIJS7_mSB_EEELm3EEEDaPT_T0_PNS_7mailbox7messageE:
function _ZN10actor_zeta19invoke_actor_methodIN8services4disk14manager_disk_tEMS3_FNS_13unique_futureIvEEN10components19execution_context_tEmSt6vectorINS6_25pg_catalog_append_range_tESaIS9_EEENS_11type_traits9type_listIJS7_mSB_EEELm3EEEDaPT_T0_PNS_7mailbox7messageE called 196 returned 100% blocks executed 100%
      196:   82:    auto invoke_actor_method(Actor* self, Method method, mailbox::message* msg) {
        -:   83:        if constexpr (ArgsSize == 0) {
        -:   84:            return (self->*method)();
        -:   85:        } else {
        -:   86:            return [&]<std::size_t... I>(std::index_sequence<I...>) {
        -:   87:                auto& args = msg->body();
        -:   88:                return (self->*method)((detail::get<I, ArgsTypeList>(args))...);
      196:   89:            }(std::make_index_sequence<ArgsSize>{});
call    0 returned 196
branch  1 taken 196 (fallthrough)
branch  2 taken 0 (throw)
        -:   90:        }
        -:   91:    }
------------------
_ZN10actor_zeta19invoke_actor_methodIN8services4disk14manager_disk_tEMS3_FNS_13unique_futureIvEEN10components19execution_context_tEjmENS_11type_traits9type_listIJS7_jmEEELm3EEEDaPT_T0_PNS_7mailbox7messageE:
function _ZN10actor_zeta19invoke_actor_methodIN8services4disk14manager_disk_tEMS3_FNS_13unique_futureIvEEN10components19execution_context_tEjmENS_11type_traits9type_listIJS7_jmEEELm3EEEDaPT_T0_PNS_7mailbox7messageE called 0 returned 0% blocks executed 0%
    #####:   82:    auto invoke_actor_method(Actor* self, Method method, mailbox::message* msg) {
        -:   83:        if constexpr (ArgsSize == 0) {
        -:   84:            return (self->*method)();
        -:   85:        } else {
        -:   86:            return [&]<std::size_t... I>(std::index_sequence<I...>) {
        -:   87:                auto& args = msg->body();
        -:   88:                return (self->*method)((detail::get<I, ArgsTypeList>(args))...);
    #####:   89:            }(std::make_index_sequence<ArgsSize>{});
call    0 never executed
branch  1 never executed
branch  2 never executed
        -:   90:        }
        -:   91:    }
------------------
_ZN10actor_zeta19invoke_actor_methodIN8services4disk14manager_disk_tEMS3_FNS_13unique_futureIvEEN10components19execution_context_tEjlmENS_11type_traits9type_listIJS7_jlmEEELm4EEEDaPT_T0_PNS_7mailbox7messageE:
function _ZN10actor_zeta19invoke_actor_methodIN8services4disk14manager_disk_tEMS3_FNS_13unique_futureIvEEN10components19execution_context_tEjlmENS_11type_traits9type_listIJS7_jlmEEELm4EEEDaPT_T0_PNS_7mailbox7messageE called 0 returned 0% blocks executed 0%
    #####:   82:    auto invoke_actor_method(Actor* self, Method method, mailbox::message* msg) {
        -:   83:        if constexpr (ArgsSize == 0) {
        -:   84:            return (self->*method)();
        -:   85:        } else {
        -:   86:            return [&]<std::size_t... I>(std::index_sequence<I...>) {
        -:   87:                auto& args = msg->body();
        -:   88:                return (self->*method)((detail::get<I, ArgsTypeList>(args))...);
    #####:   89:            }(std::make_index_sequence<ArgsSize>{});
call    0 never executed
branch  1 never executed
branch  2 never executed
        -:   90:        }
        -:   91:    }
------------------
        -:   92:
        -:   93:    // Dispatch message to actor method (Seastar-style coroutine)
        -:   94:    // Returns unique_future<void> - caller can co_await, detach, or store
        -:   95:    // Method result is forwarded via message's promise
        -:   96:    template<class Actor, typename Method>
    1053*:   97:    unique_future<void> dispatch(Actor* self, Method method, mailbox::message* msg) {
        -:   98:        using call_trait = type_traits::get_callable_trait_t<Method>;
        -:   99:        using result_type = typename call_trait::result_type;
        -:  100:        using args_type_list = typename call_trait::args_types;
        -:  101:        constexpr std::size_t args_size = call_trait::number_of_arguments;
        -:  102:
        -:  103:        static_assert(
        -:  104:            dispatch_validation::validate_args_list_v<args_type_list>,
        -:  105:            "dispatch(): method argument types must be valid for RTT storage "
        -:  106:            "(move/copy constructible, not abstract)");
        -:  107:
        -:  108:        static_assert(
        -:  109:            dispatch_validation::no_non_const_refs_v<args_type_list>,
        -:  110:            "dispatch(): non-const lvalue reference parameters (T&) are not allowed. "
        -:  111:            "Use value (T), const reference (const T&), or rvalue reference (T&&)");
        -:  112:
        -:  113:        static_assert(
        -:  114:            type_traits::is_unique_future_v<result_type> || type_traits::is_generator_v<result_type>,
        -:  115:            "dispatch(): Actor methods must return unique_future<T> or generator<T>. "
        -:  116:            "Raw void or value returns are not allowed. "
        -:  117:            "All actor methods must be coroutines.");
        -:  118:
        -:  119:        if constexpr (args_size > 0) {
        -:  120:            assert(msg->body().size() == args_size &&
        -:  121:                   "dispatch(): message argument count mismatch");
        -:  122:        }
        -:  123:
        -:  124:        if constexpr (type_traits::is_generator_v<result_type>) {
        -:  125:            // Generator path - link to external state (streaming, not one-shot)
        -:  126:            auto method_gen = invoke_actor_method<Actor, Method, args_type_list, args_size>(self, method, msg);
        -:  127:            detail::setup_generator_linking_inline(method_gen, msg);
        -:  128:            co_return;
        -:  129:
        -:  130:        } else {
        -:  131:            // unique_future path - co_await method and set_value on caller's promise
        -:  132:            using value_type = typename type_traits::is_unique_future<result_type>::value_type;
        -:  133:
        -:  134:            // Get promise view of caller's shared_state
        -:  135:            auto result_promise = msg->template get_result_promise<value_type>();
        -:  136:
        -:  137:            // Transfer ownership - message won't call cleanup anymore
        -:  138:            msg->transfer_ownership();
        -:  139:
        -:  140:            // Invoke the method - this creates method's own shared_state
        -:  141:            auto method_future = invoke_actor_method<Actor, Method, args_type_list, args_size>(self, method, msg);
        -:  142:
        -:  143:            // co_await method and forward result (non-blocking!)
        -:  144:            if constexpr (std::is_void_v<value_type>) {
        -:  145:                co_await std::move(method_future);
        -:  146:                result_promise.set_value();
        -:  147:            } else {
        -:  148:                auto value = co_await std::move(method_future);
        -:  149:                result_promise.set_value(std::move(value));
        -:  150:            }
        -:  151:            co_return;
        -:  152:        }
    2106*:  153:    }
------------------
_ZN10actor_zeta8dispatchIN8services4disk14manager_disk_tEMS3_FNS_13unique_futureISt6vectorIN10components5types20complex_logical_typeENSt3pmr21polymorphic_allocatorIS8_EEEEENS6_7session12session_id_tEjEEENS4_IvEEPT_T0_PNS_7mailbox7messageE:
function _ZN10actor_zeta8dispatchIN8services4disk14manager_disk_tEMS3_FNS_13unique_futureISt6vectorIN10components5types20complex_logical_typeENSt3pmr21polymorphic_allocatorIS8_EEEEENS6_7session12session_id_tEjEEENS4_IvEEPT_T0_PNS_7mailbox7messageE called 5 returned 100% blocks executed 44%
        5:   97:    unique_future<void> dispatch(Actor* self, Method method, mailbox::message* msg) {
call    0 returned 5
branch  1 taken 5 (fallthrough)
branch  2 taken 0 (throw)
        -:   98:        using call_trait = type_traits::get_callable_trait_t<Method>;
        -:   99:        using result_type = typename call_trait::result_type;
        -:  100:        using args_type_list = typename call_trait::args_types;
        -:  101:        constexpr std::size_t args_size = call_trait::number_of_arguments;
        -:  102:
        -:  103:        static_assert(
        -:  104:            dispatch_validation::validate_args_list_v<args_type_list>,
        -:  105:            "dispatch(): method argument types must be valid for RTT storage "
        -:  106:            "(move/copy constructible, not abstract)");
        -:  107:
        -:  108:        static_assert(
        -:  109:            dispatch_validation::no_non_const_refs_v<args_type_list>,
        -:  110:            "dispatch(): non-const lvalue reference parameters (T&) are not allowed. "
        -:  111:            "Use value (T), const reference (const T&), or rvalue reference (T&&)");
        -:  112:
        -:  113:        static_assert(
        -:  114:            type_traits::is_unique_future_v<result_type> || type_traits::is_generator_v<result_type>,
        -:  115:            "dispatch(): Actor methods must return unique_future<T> or generator<T>. "
        -:  116:            "Raw void or value returns are not allowed. "
        -:  117:            "All actor methods must be coroutines.");
        -:  118:
        -:  119:        if constexpr (args_size > 0) {
        -:  120:            assert(msg->body().size() == args_size &&
        -:  121:                   "dispatch(): message argument count mismatch");
        -:  122:        }
        -:  123:
        -:  124:        if constexpr (type_traits::is_generator_v<result_type>) {
        -:  125:            // Generator path - link to external state (streaming, not one-shot)
        -:  126:            auto method_gen = invoke_actor_method<Actor, Method, args_type_list, args_size>(self, method, msg);
        -:  127:            detail::setup_generator_linking_inline(method_gen, msg);
        -:  128:            co_return;
        -:  129:
        -:  130:        } else {
        -:  131:            // unique_future path - co_await method and set_value on caller's promise
        -:  132:            using value_type = typename type_traits::is_unique_future<result_type>::value_type;
        -:  133:
        -:  134:            // Get promise view of caller's shared_state
        -:  135:            auto result_promise = msg->template get_result_promise<value_type>();
        -:  136:
        -:  137:            // Transfer ownership - message won't call cleanup anymore
        -:  138:            msg->transfer_ownership();
        -:  139:
        -:  140:            // Invoke the method - this creates method's own shared_state
        -:  141:            auto method_future = invoke_actor_method<Actor, Method, args_type_list, args_size>(self, method, msg);
        -:  142:
        -:  143:            // co_await method and forward result (non-blocking!)
        -:  144:            if constexpr (std::is_void_v<value_type>) {
        -:  145:                co_await std::move(method_future);
        -:  146:                result_promise.set_value();
        -:  147:            } else {
        -:  148:                auto value = co_await std::move(method_future);
        -:  149:                result_promise.set_value(std::move(value));
        -:  150:            }
        -:  151:            co_return;
        -:  152:        }
       10:  153:    }
call    0 returned 5
call    1 returned 5
call    2 returned 5
branch  3 taken 5 (fallthrough)
branch  4 taken 0 (throw)
call    5 never executed
branch  6 never executed
branch  7 never executed
call    8 never executed
branch  9 never executed
branch 10 never executed
call   11 never executed
call   12 never executed
call   13 never executed
------------------
_ZN10actor_zeta8dispatchIN8services4disk14manager_disk_tEMS3_FNS_13unique_futureImEEN10components19execution_context_tEjNS6_6vector8vector_tEmEEENS4_IvEEPT_T0_PNS_7mailbox7messageE:
function _ZN10actor_zeta8dispatchIN8services4disk14manager_disk_tEMS3_FNS_13unique_futureImEEN10components19execution_context_tEjNS6_6vector8vector_tEmEEENS4_IvEEPT_T0_PNS_7mailbox7messageE called 0 returned 0% blocks executed 0%
    #####:   97:    unique_future<void> dispatch(Actor* self, Method method, mailbox::message* msg) {
call    0 never executed
branch  1 never executed
branch  2 never executed
        -:   98:        using call_trait = type_traits::get_callable_trait_t<Method>;
        -:   99:        using result_type = typename call_trait::result_type;
        -:  100:        using args_type_list = typename call_trait::args_types;
        -:  101:        constexpr std::size_t args_size = call_trait::number_of_arguments;
        -:  102:
        -:  103:        static_assert(
        -:  104:            dispatch_validation::validate_args_list_v<args_type_list>,
        -:  105:            "dispatch(): method argument types must be valid for RTT storage "
        -:  106:            "(move/copy constructible, not abstract)");
        -:  107:
        -:  108:        static_assert(
        -:  109:            dispatch_validation::no_non_const_refs_v<args_type_list>,
        -:  110:            "dispatch(): non-const lvalue reference parameters (T&) are not allowed. "
        -:  111:            "Use value (T), const reference (const T&), or rvalue reference (T&&)");
        -:  112:
        -:  113:        static_assert(
        -:  114:            type_traits::is_unique_future_v<result_type> || type_traits::is_generator_v<result_type>,
        -:  115:            "dispatch(): Actor methods must return unique_future<T> or generator<T>. "
        -:  116:            "Raw void or value returns are not allowed. "
        -:  117:            "All actor methods must be coroutines.");
        -:  118:
        -:  119:        if constexpr (args_size > 0) {
        -:  120:            assert(msg->body().size() == args_size &&
        -:  121:                   "dispatch(): message argument count mismatch");
        -:  122:        }
        -:  123:
        -:  124:        if constexpr (type_traits::is_generator_v<result_type>) {
        -:  125:            // Generator path - link to external state (streaming, not one-shot)
        -:  126:            auto method_gen = invoke_actor_method<Actor, Method, args_type_list, args_size>(self, method, msg);
        -:  127:            detail::setup_generator_linking_inline(method_gen, msg);
        -:  128:            co_return;
        -:  129:
        -:  130:        } else {
        -:  131:            // unique_future path - co_await method and set_value on caller's promise
        -:  132:            using value_type = typename type_traits::is_unique_future<result_type>::value_type;
        -:  133:
        -:  134:            // Get promise view of caller's shared_state
        -:  135:            auto result_promise = msg->template get_result_promise<value_type>();
        -:  136:
        -:  137:            // Transfer ownership - message won't call cleanup anymore
        -:  138:            msg->transfer_ownership();
        -:  139:
        -:  140:            // Invoke the method - this creates method's own shared_state
        -:  141:            auto method_future = invoke_actor_method<Actor, Method, args_type_list, args_size>(self, method, msg);
        -:  142:
        -:  143:            // co_await method and forward result (non-blocking!)
        -:  144:            if constexpr (std::is_void_v<value_type>) {
        -:  145:                co_await std::move(method_future);
        -:  146:                result_promise.set_value();
        -:  147:            } else {
        -:  148:                auto value = co_await std::move(method_future);
        -:  149:                result_promise.set_value(std::move(value));
        -:  150:            }
        -:  151:            co_return;
        -:  152:        }
    #####:  153:    }
call    0 never executed
call    1 never executed
call    2 never executed
branch  3 never executed
branch  4 never executed
call    5 never executed
branch  6 never executed
branch  7 never executed
call    8 never executed
branch  9 never executed
branch 10 never executed
call   11 never executed
call   12 never executed
call   13 never executed
------------------
_ZN10actor_zeta8dispatchIN8services4disk14manager_disk_tEMS3_FNS_13unique_futureISt4pairIlmEEEN10components19execution_context_tEjNS8_6vector8vector_tESt10unique_ptrINSA_12data_chunk_tESt14default_deleteISD_EEEEENS4_IvEEPT_T0_PNS_7mailbox7messageE:
function _ZN10actor_zeta8dispatchIN8services4disk14manager_disk_tEMS3_FNS_13unique_futureISt4pairIlmEEEN10components19execution_context_tEjNS8_6vector8vector_tESt10unique_ptrINSA_12data_chunk_tESt14default_deleteISD_EEEEENS4_IvEEPT_T0_PNS_7mailbox7messageE called 0 returned 0% blocks executed 0%
    #####:   97:    unique_future<void> dispatch(Actor* self, Method method, mailbox::message* msg) {
call    0 never executed
branch  1 never executed
branch  2 never executed
        -:   98:        using call_trait = type_traits::get_callable_trait_t<Method>;
        -:   99:        using result_type = typename call_trait::result_type;
        -:  100:        using args_type_list = typename call_trait::args_types;
        -:  101:        constexpr std::size_t args_size = call_trait::number_of_arguments;
        -:  102:
        -:  103:        static_assert(
        -:  104:            dispatch_validation::validate_args_list_v<args_type_list>,
        -:  105:            "dispatch(): method argument types must be valid for RTT storage "
        -:  106:            "(move/copy constructible, not abstract)");
        -:  107:
        -:  108:        static_assert(
        -:  109:            dispatch_validation::no_non_const_refs_v<args_type_list>,
        -:  110:            "dispatch(): non-const lvalue reference parameters (T&) are not allowed. "
        -:  111:            "Use value (T), const reference (const T&), or rvalue reference (T&&)");
        -:  112:
        -:  113:        static_assert(
        -:  114:            type_traits::is_unique_future_v<result_type> || type_traits::is_generator_v<result_type>,
        -:  115:            "dispatch(): Actor methods must return unique_future<T> or generator<T>. "
        -:  116:            "Raw void or value returns are not allowed. "
        -:  117:            "All actor methods must be coroutines.");
        -:  118:
        -:  119:        if constexpr (args_size > 0) {
        -:  120:            assert(msg->body().size() == args_size &&
        -:  121:                   "dispatch(): message argument count mismatch");
        -:  122:        }
        -:  123:
        -:  124:        if constexpr (type_traits::is_generator_v<result_type>) {
        -:  125:            // Generator path - link to external state (streaming, not one-shot)
        -:  126:            auto method_gen = invoke_actor_method<Actor, Method, args_type_list, args_size>(self, method, msg);
        -:  127:            detail::setup_generator_linking_inline(method_gen, msg);
        -:  128:            co_return;
        -:  129:
        -:  130:        } else {
        -:  131:            // unique_future path - co_await method and set_value on caller's promise
        -:  132:            using value_type = typename type_traits::is_unique_future<result_type>::value_type;
        -:  133:
        -:  134:            // Get promise view of caller's shared_state
        -:  135:            auto result_promise = msg->template get_result_promise<value_type>();
        -:  136:
        -:  137:            // Transfer ownership - message won't call cleanup anymore
        -:  138:            msg->transfer_ownership();
        -:  139:
        -:  140:            // Invoke the method - this creates method's own shared_state
        -:  141:            auto method_future = invoke_actor_method<Actor, Method, args_type_list, args_size>(self, method, msg);
        -:  142:
        -:  143:            // co_await method and forward result (non-blocking!)
        -:  144:            if constexpr (std::is_void_v<value_type>) {
        -:  145:                co_await std::move(method_future);
        -:  146:                result_promise.set_value();
        -:  147:            } else {
        -:  148:                auto value = co_await std::move(method_future);
        -:  149:                result_promise.set_value(std::move(value));
        -:  150:            }
        -:  151:            co_return;
        -:  152:        }
    #####:  153:    }
call    0 never executed
call    1 never executed
call    2 never executed
branch  3 never executed
branch  4 never executed
call    5 never executed
branch  6 never executed
branch  7 never executed
call    8 never executed
branch  9 never executed
branch 10 never executed
call   11 never executed
call   12 never executed
call   13 never executed
------------------
_ZN10actor_zeta8dispatchIN8services4disk14manager_disk_tEMS3_FNS_13unique_futureISt4pairImmEEEN10components19execution_context_tEjSt10unique_ptrINS8_6vector12data_chunk_tESt14default_deleteISC_EEEEENS4_IvEEPT_T0_PNS_7mailbox7messageE:
function _ZN10actor_zeta8dispatchIN8services4disk14manager_disk_tEMS3_FNS_13unique_futureISt4pairImmEEEN10components19execution_context_tEjSt10unique_ptrINS8_6vector12data_chunk_tESt14default_deleteISC_EEEEENS4_IvEEPT_T0_PNS_7mailbox7messageE called 4 returned 100% blocks executed 44%
        4:   97:    unique_future<void> dispatch(Actor* self, Method method, mailbox::message* msg) {
call    0 returned 4
branch  1 taken 4 (fallthrough)
branch  2 taken 0 (throw)
        -:   98:        using call_trait = type_traits::get_callable_trait_t<Method>;
        -:   99:        using result_type = typename call_trait::result_type;
        -:  100:        using args_type_list = typename call_trait::args_types;
        -:  101:        constexpr std::size_t args_size = call_trait::number_of_arguments;
        -:  102:
        -:  103:        static_assert(
        -:  104:            dispatch_validation::validate_args_list_v<args_type_list>,
        -:  105:            "dispatch(): method argument types must be valid for RTT storage "
        -:  106:            "(move/copy constructible, not abstract)");
        -:  107:
        -:  108:        static_assert(
        -:  109:            dispatch_validation::no_non_const_refs_v<args_type_list>,
        -:  110:            "dispatch(): non-const lvalue reference parameters (T&) are not allowed. "
        -:  111:            "Use value (T), const reference (const T&), or rvalue reference (T&&)");
        -:  112:
        -:  113:        static_assert(
        -:  114:            type_traits::is_unique_future_v<result_type> || type_traits::is_generator_v<result_type>,
[...]
        -:  128:            co_return;
        -:  129:
        -:  130:        } else {
        -:  131:            // unique_future path - co_await method and set_value on caller's promise
        -:  132:            using value_type = typename type_traits::is_unique_future<result_type>::value_type;
        -:  133:
        -:  134:            // Get promise view of caller's shared_state
        -:  135:            auto result_promise = msg->template get_result_promise<value_type>();
        -:  136:
        -:  137:            // Transfer ownership - message won't call cleanup anymore
        -:  138:            msg->transfer_ownership();
        -:  139:
        -:  140:            // Invoke the method - this creates method's own shared_state
        -:  141:            auto method_future = invoke_actor_method<Actor, Method, args_type_list, args_size>(self, method, msg);
        -:  142:
        -:  143:            // co_await method and forward result (non-blocking!)
        -:  144:            if constexpr (std::is_void_v<value_type>) {
        -:  145:                co_await std::move(method_future);
        -:  146:                result_promise.set_value();
        -:  147:            } else {
        -:  148:                auto value = co_await std::move(method_future);
        -:  149:                result_promise.set_value(std::move(value));
        -:  150:            }
        -:  151:            co_return;
        -:  152:        }
        4:  153:    }
call    0 returned 2
call    1 returned 2
call    2 returned 2
branch  3 taken 2 (fallthrough)
branch  4 taken 0 (throw)
call    5 never executed
branch  6 never executed
branch  7 never executed
call    8 never executed
branch  9 never executed
branch 10 never executed
call   11 never executed
call   12 never executed
call   13 never executed
------------------
_ZN10actor_zeta8dispatchIN8services4disk14manager_disk_tEMS3_FNS_13unique_futureIvEEN10components19execution_context_tEmSt3setIjSt4lessIjESaIjEEEEES5_PT_T0_PNS_7mailbox7messageE:
function _ZN10actor_zeta8dispatchIN8services4disk14manager_disk_tEMS3_FNS_13unique_futureIvEEN10components19execution_context_tEmSt3setIjSt4lessIjESaIjEEEEES5_PT_T0_PNS_7mailbox7messageE called 31 returned 100% blocks executed 44%
       31:   97:    unique_future<void> dispatch(Actor* self, Method method, mailbox::message* msg) {
call    0 returned 31
branch  1 taken 31 (fallthrough)
branch  2 taken 0 (throw)
        -:   98:        using call_trait = type_traits::get_callable_trait_t<Method>;
        -:   99:        using result_type = typename call_trait::result_type;
        -:  100:        using args_type_list = typename call_trait::args_types;
        -:  101:        constexpr std::size_t args_size = call_trait::number_of_arguments;
        -:  102:
        -:  103:        static_assert(
        -:  104:            dispatch_validation::validate_args_list_v<args_type_list>,
        -:  105:            "dispatch(): method argument types must be valid for RTT storage "
        -:  106:            "(move/copy constructible, not abstract)");
        -:  107:
        -:  108:        static_assert(
        -:  109:            dispatch_validation::no_non_const_refs_v<args_type_list>,
        -:  110:            "dispatch(): non-const lvalue reference parameters (T&) are not allowed. "
        -:  111:            "Use value (T), const reference (const T&), or rvalue reference (T&&)");
        -:  112:
        -:  113:        static_assert(
        -:  114:            type_traits::is_unique_future_v<result_type> || type_traits::is_generator_v<result_type>,
        -:  115:            "dispatch(): Actor methods must return unique_future<T> or generator<T>. "
        -:  116:            "Raw void or value returns are not allowed. "
        -:  117:            "All actor methods must be coroutines.");
        -:  118:
        -:  119:        if constexpr (args_size > 0) {
        -:  120:            assert(msg->body().size() == args_size &&
        -:  121:                   "dispatch(): message argument count mismatch");
        -:  122:        }
        -:  123:
        -:  124:        if constexpr (type_traits::is_generator_v<result_type>) {
        -:  125:            // Generator path - link to external state (streaming, not one-shot)
        -:  126:            auto method_gen = invoke_actor_method<Actor, Method, args_type_list, args_size>(self, method, msg);
        -:  127:            detail::setup_generator_linking_inline(method_gen, msg);
        -:  128:            co_return;
        -:  129:
        -:  130:        } else {
        -:  131:            // unique_future path - co_await method and set_value on caller's promise
        -:  132:            using value_type = typename type_traits::is_unique_future<result_type>::value_type;
        -:  133:
        -:  134:            // Get promise view of caller's shared_state
        -:  135:            auto result_promise = msg->template get_result_promise<value_type>();
        -:  136:
        -:  137:            // Transfer ownership - message won't call cleanup anymore
        -:  138:            msg->transfer_ownership();
        -:  139:
        -:  140:            // Invoke the method - this creates method's own shared_state
        -:  141:            auto method_future = invoke_actor_method<Actor, Method, args_type_list, args_size>(self, method, msg);
        -:  142:
        -:  143:            // co_await method and forward result (non-blocking!)
        -:  144:            if constexpr (std::is_void_v<value_type>) {
        -:  145:                co_await std::move(method_future);
        -:  146:                result_promise.set_value();
        -:  147:            } else {
        -:  148:                auto value = co_await std::move(method_future);
        -:  149:                result_promise.set_value(std::move(value));
        -:  150:            }
        -:  151:            co_return;
        -:  152:        }
       62:  153:    }
call    0 returned 31
call    1 returned 31
call    2 returned 31
branch  3 taken 31 (fallthrough)
branch  4 taken 0 (throw)
call    5 never executed
branch  6 never executed
branch  7 never executed
call    8 never executed
branch  9 never executed
branch 10 never executed
call   11 never executed
call   12 never executed
call   13 never executed
------------------
_ZN10actor_zeta8dispatchIN8services4disk14manager_disk_tEMS3_FNS_13unique_futureIvEEN10components19execution_context_tEmSt6vectorINS6_25pg_catalog_append_range_tESaIS9_EEEEES5_PT_T0_PNS_7mailbox7messageE:
function _ZN10actor_zeta8dispatchIN8services4disk14manager_disk_tEMS3_FNS_13unique_futureIvEEN10components19execution_context_tEmSt6vectorINS6_25pg_catalog_append_range_tESaIS9_EEEEES5_PT_T0_PNS_7mailbox7messageE called 196 returned 100% blocks executed 44%
      196:   97:    unique_future<void> dispatch(Actor* self, Method method, mailbox::message* msg) {
call    0 returned 196
branch  1 taken 196 (fallthrough)
branch  2 taken 0 (throw)
        -:   98:        using call_trait = type_traits::get_callable_trait_t<Method>;
        -:   99:        using result_type = typename call_trait::result_type;
        -:  100:        using args_type_list = typename call_trait::args_types;
        -:  101:        constexpr std::size_t args_size = call_trait::number_of_arguments;
        -:  102:
        -:  103:        static_assert(
        -:  104:            dispatch_validation::validate_args_list_v<args_type_list>,
        -:  105:            "dispatch(): method argument types must be valid for RTT storage "
        -:  106:            "(move/copy constructible, not abstract)");
        -:  107:
        -:  108:        static_assert(
        -:  109:            dispatch_validation::no_non_const_refs_v<args_type_list>,
        -:  110:            "dispatch(): non-const lvalue reference parameters (T&) are not allowed. "
        -:  111:            "Use value (T), const reference (const T&), or rvalue reference (T&&)");
        -:  112:
        -:  113:        static_assert(
        -:  114:            type_traits::is_unique_future_v<result_type> || type_traits::is_generator_v<result_type>,
        -:  115:            "dispatch(): Actor methods must return unique_future<T> or generator<T>. "
        -:  116:            "Raw void or value returns are not allowed. "
        -:  117:            "All actor methods must be coroutines.");
        -:  118:
        -:  119:        if constexpr (args_size > 0) {
        -:  120:            assert(msg->body().size() == args_size &&
        -:  121:                   "dispatch(): message argument count mismatch");
        -:  122:        }
        -:  123:
        -:  124:        if constexpr (type_traits::is_generator_v<result_type>) {
        -:  125:            // Generator path - link to external state (streaming, not one-shot)
        -:  126:            auto method_gen = invoke_actor_method<Actor, Method, args_type_list, args_size>(self, method, msg);
        -:  127:            detail::setup_generator_linking_inline(method_gen, msg);
        -:  128:            co_return;
        -:  129:
        -:  130:        } else {
        -:  131:            // unique_future path - co_await method and set_value on caller's promise
        -:  132:            using value_type = typename type_traits::is_unique_future<result_type>::value_type;
        -:  133:
        -:  134:            // Get promise view of caller's shared_state
        -:  135:            auto result_promise = msg->template get_result_promise<value_type>();
        -:  136:
        -:  137:            // Transfer ownership - message won't call cleanup anymore
        -:  138:            msg->transfer_ownership();
        -:  139:
        -:  140:            // Invoke the method - this creates method's own shared_state
        -:  141:            auto method_future = invoke_actor_method<Actor, Method, args_type_list, args_size>(self, method, msg);
        -:  142:
        -:  143:            // co_await method and forward result (non-blocking!)
        -:  144:            if constexpr (std::is_void_v<value_type>) {
        -:  145:                co_await std::move(method_future);
        -:  146:                result_promise.set_value();
        -:  147:            } else {
        -:  148:                auto value = co_await std::move(method_future);
        -:  149:                result_promise.set_value(std::move(value));
        -:  150:            }
        -:  151:            co_return;
        -:  152:        }
      392:  153:    }
call    0 returned 196
call    1 returned 196
call    2 returned 196
branch  3 taken 196 (fallthrough)
branch  4 taken 0 (throw)
call    5 never executed
branch  6 never executed
branch  7 never executed
call    8 never executed
branch  9 never executed
branch 10 never executed
call   11 never executed
call   12 never executed
call   13 never executed
------------------
_ZN10actor_zeta8dispatchIN8services4disk14manager_disk_tEMS3_FNS_13unique_futureIvEEN10components19execution_context_tEjmEEES5_PT_T0_PNS_7mailbox7messageE:
function _ZN10actor_zeta8dispatchIN8services4disk14manager_disk_tEMS3_FNS_13unique_futureIvEEN10components19execution_context_tEjmEEES5_PT_T0_PNS_7mailbox7messageE called 0 returned 0% blocks executed 0%
    #####:   97:    unique_future<void> dispatch(Actor* self, Method method, mailbox::message* msg) {
call    0 never executed
branch  1 never executed
branch  2 never executed
        -:   98:        using call_trait = type_traits::get_callable_trait_t<Method>;
        -:   99:        using result_type = typename call_trait::result_type;
        -:  100:        using args_type_list = typename call_trait::args_types;
        -:  101:        constexpr std::size_t args_size = call_trait::number_of_arguments;
        -:  102:
        -:  103:        static_assert(
        -:  104:            dispatch_validation::validate_args_list_v<args_type_list>,
        -:  105:            "dispatch(): method argument types must be valid for RTT storage "
        -:  106:            "(move/copy constructible, not abstract)");
        -:  107:
        -:  108:        static_assert(
        -:  109:            dispatch_validation::no_non_const_refs_v<args_type_list>,
        -:  110:            "dispatch(): non-const lvalue reference parameters (T&) are not allowed. "
        -:  111:            "Use value (T), const reference (const T&), or rvalue reference (T&&)");
        -:  112:
        -:  113:        static_assert(
        -:  114:            type_traits::is_unique_future_v<result_type> || type_traits::is_generator_v<result_type>,
        -:  115:            "dispatch(): Actor methods must return unique_future<T> or generator<T>. "
        -:  116:            "Raw void or value returns are not allowed. "
        -:  117:            "All actor methods must be coroutines.");
        -:  118:
        -:  119:        if constexpr (args_size > 0) {
        -:  120:            assert(msg->body().size() == args_size &&
        -:  121:                   "dispatch(): message argument count mismatch");
        -:  122:        }
        -:  123:
        -:  124:        if constexpr (type_traits::is_generator_v<result_type>) {
        -:  125:            // Generator path - link to external state (streaming, not one-shot)
        -:  126:            auto method_gen = invoke_actor_method<Actor, Method, args_type_list, args_size>(self, method, msg);
        -:  127:            detail::setup_generator_linking_inline(method_gen, msg);
        -:  128:            co_return;
        -:  129:
        -:  130:        } else {
        -:  131:            // unique_future path - co_await method and set_value on caller's promise
        -:  132:            using value_type = typename type_traits::is_unique_future<result_type>::value_type;
        -:  133:
        -:  134:            // Get promise view of caller's shared_state
        -:  135:            auto result_promise = msg->template get_result_promise<value_type>();
        -:  136:
        -:  137:            // Transfer ownership - message won't call cleanup anymore
        -:  138:            msg->transfer_ownership();
        -:  139:
        -:  140:            // Invoke the method - this creates method's own shared_state
        -:  141:            auto method_future = invoke_actor_method<Actor, Method, args_type_list, args_size>(self, method, msg);
        -:  142:
        -:  143:            // co_await method and forward result (non-blocking!)
        -:  144:            if constexpr (std::is_void_v<value_type>) {
        -:  145:                co_await std::move(method_future);
        -:  146:                result_promise.set_value();
        -:  147:            } else {
        -:  148:                auto value = co_await std::move(method_future);
        -:  149:                result_promise.set_value(std::move(value));
        -:  150:            }
        -:  151:            co_return;
        -:  152:        }
    #####:  153:    }
call    0 never executed
call    1 never executed
call    2 never executed
branch  3 never executed
branch  4 never executed
call    5 never executed
branch  6 never executed
branch  7 never executed
call    8 never executed
branch  9 never executed
branch 10 never executed
call   11 never executed
call   12 never executed
call   13 never executed
------------------
_ZN10actor_zeta8dispatchIN8services4disk14manager_disk_tEMS3_FNS_13unique_futureIvEEN10components19execution_context_tEjlmEEES5_PT_T0_PNS_7mailbox7messageE:
function _ZN10actor_zeta8dispatchIN8services4disk14manager_disk_tEMS3_FNS_13unique_futureIvEEN10components19execution_context_tEjlmEEES5_PT_T0_PNS_7mailbox7messageE called 0 returned 0% blocks executed 0%
    #####:   97:    unique_future<void> dispatch(Actor* self, Method method, mailbox::message* msg) {
call    0 never executed
branch  1 never executed
branch  2 never executed
        -:   98:        using call_trait = type_traits::get_callable_trait_t<Method>;
        -:   99:        using result_type = typename call_trait::result_type;
        -:  100:        using args_type_list = typename call_trait::args_types;
        -:  101:        constexpr std::size_t args_size = call_trait::number_of_arguments;
        -:  102:
        -:  103:        static_assert(
        -:  104:            dispatch_validation::validate_args_list_v<args_type_list>,
        -:  105:            "dispatch(): method argument types must be valid for RTT storage "
        -:  106:            "(move/copy constructible, not abstract)");
        -:  107:
        -:  108:        static_assert(
        -:  109:            dispatch_validation::no_non_const_refs_v<args_type_list>,
        -:  110:            "dispatch(): non-const lvalue reference parameters (T&) are not allowed. "
        -:  111:            "Use value (T), const reference (const T&), or rvalue reference (T&&)");
        -:  112:
        -:  113:        static_assert(
        -:  114:            type_traits::is_unique_future_v<result_type> || type_traits::is_generator_v<result_type>,
        -:  115:            "dispatch(): Actor methods must return unique_future<T> or generator<T>. "
        -:  116:            "Raw void or value returns are not allowed. "
        -:  117:            "All actor methods must be coroutines.");
        -:  118:
        -:  119:        if constexpr (args_size > 0) {
        -:  120:            assert(msg->body().size() == args_size &&
        -:  121:                   "dispatch(): message argument count mismatch");
        -:  122:        }
        -:  123:
        -:  124:        if constexpr (type_traits::is_generator_v<result_type>) {
        -:  125:            // Generator path - link to external state (streaming, not one-shot)
        -:  126:            auto method_gen = invoke_actor_method<Actor, Method, args_type_list, args_size>(self, method, msg);
        -:  127:            detail::setup_generator_linking_inline(method_gen, msg);
        -:  128:            co_return;
        -:  129:
        -:  130:        } else {
        -:  131:            // unique_future path - co_await method and set_value on caller's promise
        -:  132:            using value_type = typename type_traits::is_unique_future<result_type>::value_type;
        -:  133:
        -:  134:            // Get promise view of caller's shared_state
        -:  135:            auto result_promise = msg->template get_result_promise<value_type>();
        -:  136:
        -:  137:            // Transfer ownership - message won't call cleanup anymore
        -:  138:            msg->transfer_ownership();
        -:  139:
        -:  140:            // Invoke the method - this creates method's own shared_state
        -:  141:            auto method_future = invoke_actor_method<Actor, Method, args_type_list, args_size>(self, method, msg);
        -:  142:
        -:  143:            // co_await method and forward result (non-blocking!)
        -:  144:            if constexpr (std::is_void_v<value_type>) {
        -:  145:                co_await std::move(method_future);
        -:  146:                result_promise.set_value();
        -:  147:            } else {
        -:  148:                auto value = co_await std::move(method_future);
        -:  149:                result_promise.set_value(std::move(value));
        -:  150:            }
        -:  151:            co_return;
        -:  152:        }
    #####:  153:    }
call    0 never executed
call    1 never executed
call    2 never executed
branch  3 never executed
branch  4 never executed
call    5 never executed
branch  6 never executed
branch  7 never executed
call    8 never executed
branch  9 never executed
branch 10 never executed
call   11 never executed
call   12 never executed
call   13 never executed
------------------
        -:  154:
        -:  155:} // namespace actor_zeta
