        -:    0:Source:/usr/include/c++/11/bits/move.h
        -:    0:Graph:/home/usrname/otterbrix/build-pax-coverage/services/CMakeFiles/otterbrix_services.dir/disk/manager_disk.cpp.gcno
        -:    0:Data:/home/usrname/otterbrix/build-pax-coverage/services/CMakeFiles/otterbrix_services.dir/disk/manager_disk.cpp.gcda
        -:    0:Runs:136
        -:    1:// Move, forward and identity for C++11 + swap -*- C++ -*-
        -:    2:
        -:    3:// Copyright (C) 2007-2021 Free Software Foundation, Inc.
        -:    4://
        -:    5:// This file is part of the GNU ISO C++ Library.  This library is free
        -:    6:// software; you can redistribute it and/or modify it under the
        -:    7:// terms of the GNU General Public License as published by the
        -:    8:// Free Software Foundation; either version 3, or (at your option)
        -:    9:// any later version.
        -:   10:
        -:   11:// This library is distributed in the hope that it will be useful,
        -:   12:// but WITHOUT ANY WARRANTY; without even the implied warranty of
        -:   13:// MERCHANTABILITY or FITNESS FOR A PARTICULAR PURPOSE.  See the
        -:   14:// GNU General Public License for more details.
        -:   15:
        -:   16:// Under Section 7 of GPL version 3, you are granted additional
        -:   17:// permissions described in the GCC Runtime Library Exception, version
        -:   18:// 3.1, as published by the Free Software Foundation.
        -:   19:
        -:   20:// You should have received a copy of the GNU General Public License and
        -:   21:// a copy of the GCC Runtime Library Exception along with this program;
        -:   22:// see the files COPYING3 and COPYING.RUNTIME respectively.  If not, see
        -:   23:// <http://www.gnu.org/licenses/>.
        -:   24:
        -:   25:/** @file bits/move.h
        -:   26: *  This is an internal header file, included by other library headers.
        -:   27: *  Do not attempt to use it directly. @headername{utility}
        -:   28: */
        -:   29:
        -:   30:#ifndef _MOVE_H
        -:   31:#define _MOVE_H 1
        -:   32:
        -:   33:#include <bits/c++config.h>
        -:   34:#if __cplusplus < 201103L
        -:   35:# include <bits/concept_check.h>
        -:   36:#endif
        -:   37:
        -:   38:namespace std _GLIBCXX_VISIBILITY(default)
        -:   39:{
        -:   40:_GLIBCXX_BEGIN_NAMESPACE_VERSION
        -:   41:
        -:   42:  // Used, in C++03 mode too, by allocators, etc.
        -:   43:  /**
        -:   44:   *  @brief Same as C++11 std::addressof
        -:   45:   *  @ingroup utilities
        -:   46:   */
        -:   47:  template<typename _Tp>
        -:   48:    inline _GLIBCXX_CONSTEXPR _Tp*
    3862*:   49:    __addressof(_Tp& __r) _GLIBCXX_NOEXCEPT
    3862*:   50:    { return __builtin_addressof(__r); }
------------------
_ZSt11__addressofIN10components5table15storage_index_tEEPT_RS3_:
function _ZSt11__addressofIN10components5table15storage_index_tEEPT_RS3_ called 0 returned 0% blocks executed 0%
    #####:   49:    __addressof(_Tp& __r) _GLIBCXX_NOEXCEPT
    #####:   50:    { return __builtin_addressof(__r); }
------------------
_ZSt11__addressofINSt7__n486116coroutine_handleIvEEEPT_RS3_:
function _ZSt11__addressofINSt7__n486116coroutine_handleIvEEEPT_RS3_ called 0 returned 0% blocks executed 0%
    #####:   49:    __addressof(_Tp& __r) _GLIBCXX_NOEXCEPT
    #####:   50:    { return __builtin_addressof(__r); }
------------------
_ZSt11__addressofINSt7__cxx1112basic_stringIcSt11char_traitsIcESaIcEEEEPT_RS6_:
function _ZSt11__addressofINSt7__cxx1112basic_stringIcSt11char_traitsIcESaIcEEEEPT_RS6_ called 0 returned 0% blocks executed 0%
    #####:   49:    __addressof(_Tp& __r) _GLIBCXX_NOEXCEPT
    #####:   50:    { return __builtin_addressof(__r); }
------------------
_ZSt11__addressofIN10actor_zeta5actor11actor_stateEEPT_RS3_:
function _ZSt11__addressofIN10actor_zeta5actor11actor_stateEEPT_RS3_ called 0 returned 0% blocks executed 0%
    #####:   49:    __addressof(_Tp& __r) _GLIBCXX_NOEXCEPT
    #####:   50:    { return __builtin_addressof(__r); }
------------------
_ZSt11__addressofImEPT_RS0_:
function _ZSt11__addressofImEPT_RS0_ called 0 returned 0% blocks executed 0%
    #####:   49:    __addressof(_Tp& __r) _GLIBCXX_NOEXCEPT
    #####:   50:    { return __builtin_addressof(__r); }
------------------
_ZSt11__addressofIN10components5types20complex_logical_typeEEPT_RS3_:
function _ZSt11__addressofIN10components5types20complex_logical_typeEEPT_RS3_ called 0 returned 0% blocks executed 0%
    #####:   49:    __addressof(_Tp& __r) _GLIBCXX_NOEXCEPT
    #####:   50:    { return __builtin_addressof(__r); }
------------------
_ZSt11__addressofIN10components5types15logical_value_tEEPT_RS3_:
function _ZSt11__addressofIN10components5types15logical_value_tEEPT_RS3_ called 0 returned 0% blocks executed 0%
    #####:   49:    __addressof(_Tp& __r) _GLIBCXX_NOEXCEPT
    #####:   50:    { return __builtin_addressof(__r); }
------------------
_ZSt11__addressofIKN10actor_zeta5actor11actor_stateEEPT_RS4_:
function _ZSt11__addressofIKN10actor_zeta5actor11actor_stateEEPT_RS4_ called 0 returned 0% blocks executed 0%
    #####:   49:    __addressof(_Tp& __r) _GLIBCXX_NOEXCEPT
    #####:   50:    { return __builtin_addressof(__r); }
------------------
_ZSt11__addressofIN10components6vector12data_chunk_tEEPT_RS3_:
function _ZSt11__addressofIN10components6vector12data_chunk_tEEPT_RS3_ called 0 returned 0% blocks executed 0%
    #####:   49:    __addressof(_Tp& __r) _GLIBCXX_NOEXCEPT
    #####:   50:    { return __builtin_addressof(__r); }
------------------
_ZSt11__addressofIN8services4disk25resolve_function_result_tEEPT_RS3_:
function _ZSt11__addressofIN8services4disk25resolve_function_result_tEEPT_RS3_ called 0 returned 0% blocks executed 0%
    #####:   49:    __addressof(_Tp& __r) _GLIBCXX_NOEXCEPT
    #####:   50:    { return __builtin_addressof(__r); }
------------------
_ZSt11__addressofIlEPT_RS0_:
function _ZSt11__addressofIlEPT_RS0_ called 0 returned 0% blocks executed 0%
    #####:   49:    __addressof(_Tp& __r) _GLIBCXX_NOEXCEPT
    #####:   50:    { return __builtin_addressof(__r); }
------------------
_ZSt11__addressofISt6vectorIN10components5types15logical_value_tENSt3pmr21polymorphic_allocatorIS3_EEEEPT_RS8_:
function _ZSt11__addressofISt6vectorIN10components5types15logical_value_tENSt3pmr21polymorphic_allocatorIS3_EEEEPT_RS8_ called 0 returned 0% blocks executed 0%
    #####:   49:    __addressof(_Tp& __r) _GLIBCXX_NOEXCEPT
    #####:   50:    { return __builtin_addressof(__r); }
------------------
_ZSt11__addressofIcEPT_RS0_:
function _ZSt11__addressofIcEPT_RS0_ called 0 returned 0% blocks executed 0%
    #####:   49:    __addressof(_Tp& __r) _GLIBCXX_NOEXCEPT
    #####:   50:    { return __builtin_addressof(__r); }
------------------
_ZSt11__addressofIN8services4disk13column_info_tEEPT_RS3_:
function _ZSt11__addressofIN8services4disk13column_info_tEEPT_RS3_ called 0 returned 0% blocks executed 0%
    #####:   49:    __addressof(_Tp& __r) _GLIBCXX_NOEXCEPT
    #####:   50:    { return __builtin_addressof(__r); }
------------------
_ZSt11__addressofINSt8__detail10_Hash_nodeISt4pairIKNSt7__cxx1112basic_stringIcSt11char_traitsIcESaIcEEES8_ELb1EEEEPT_RSC_:
function _ZSt11__addressofINSt8__detail10_Hash_nodeISt4pairIKNSt7__cxx1112basic_stringIcSt11char_traitsIcESaIcEEES8_ELb1EEEEPT_RSC_ called 0 returned 0% blocks executed 0%
    #####:   49:    __addressof(_Tp& __r) _GLIBCXX_NOEXCEPT
    #####:   50:    { return __builtin_addressof(__r); }
------------------
_ZSt11__addressofIjEPT_RS0_:
function _ZSt11__addressofIjEPT_RS0_ called 0 returned 0% blocks executed 0%
    #####:   49:    __addressof(_Tp& __r) _GLIBCXX_NOEXCEPT
    #####:   50:    { return __builtin_addressof(__r); }
------------------
_ZSt11__addressofIN10components6vector8vector_tEEPT_RS3_:
function _ZSt11__addressofIN10components6vector8vector_tEEPT_RS3_ called 0 returned 0% blocks executed 0%
    #####:   49:    __addressof(_Tp& __r) _GLIBCXX_NOEXCEPT
    #####:   50:    { return __builtin_addressof(__r); }
------------------
_ZSt11__addressofIN10components5table7storage22buffer_eviction_node_tEEPT_RS4_:
function _ZSt11__addressofIN10components5table7storage22buffer_eviction_node_tEEPT_RS4_ called 0 returned 0% blocks executed 0%
    #####:   49:    __addressof(_Tp& __r) _GLIBCXX_NOEXCEPT
    #####:   50:    { return __builtin_addressof(__r); }
------------------
_ZSt11__addressofISt10unique_ptrIN10components5table7storage16eviction_queue_tESt14default_deleteIS4_EEEPT_RS8_:
function _ZSt11__addressofISt10unique_ptrIN10components5table7storage16eviction_queue_tESt14default_deleteIS4_EEEPT_RS8_ called 0 returned 0% blocks executed 0%
    #####:   49:    __addressof(_Tp& __r) _GLIBCXX_NOEXCEPT
    #####:   50:    { return __builtin_addressof(__r); }
------------------
_ZSt11__addressofIN10components5table19column_definition_tEEPT_RS3_:
function _ZSt11__addressofIN10components5table19column_definition_tEEPT_RS3_ called 0 returned 0% blocks executed 0%
    #####:   49:    __addressof(_Tp& __r) _GLIBCXX_NOEXCEPT
    #####:   50:    { return __builtin_addressof(__r); }
------------------
_ZSt11__addressofIN10components5table7storage18metadata_manager_t16metadata_block_tEEPT_RS5_:
function _ZSt11__addressofIN10components5table7storage18metadata_manager_t16metadata_block_tEEPT_RS5_ called 1672 returned 100% blocks executed 100%
     1672:   49:    __addressof(_Tp& __r) _GLIBCXX_NOEXCEPT
     1672:   50:    { return __builtin_addressof(__r); }
------------------
_ZSt11__addressofISt10unique_ptrIN8services4disk12agent_disk_tEN10actor_zeta3pmr9deleter_tEEEPT_RS8_:
function _ZSt11__addressofISt10unique_ptrIN8services4disk12agent_disk_tEN10actor_zeta3pmr9deleter_tEEEPT_RS8_ called 565 returned 100% blocks executed 100%
      565:   49:    __addressof(_Tp& __r) _GLIBCXX_NOEXCEPT
      565:   50:    { return __builtin_addressof(__r); }
------------------
_ZSt11__addressofIKcEPT_RS1_:
function _ZSt11__addressofIKcEPT_RS1_ called 0 returned 0% blocks executed 0%
    #####:   49:    __addressof(_Tp& __r) _GLIBCXX_NOEXCEPT
    #####:   50:    { return __builtin_addressof(__r); }
------------------
_ZSt11__addressofIPNSt8__detail15_Hash_node_baseEEPT_RS3_:
function _ZSt11__addressofIPNSt8__detail15_Hash_node_baseEEPT_RS3_ called 0 returned 0% blocks executed 0%
    #####:   49:    __addressof(_Tp& __r) _GLIBCXX_NOEXCEPT
    #####:   50:    { return __builtin_addressof(__r); }
------------------
_ZSt11__addressofIN10components25pg_catalog_append_range_tEEPT_RS2_:
function _ZSt11__addressofIN10components25pg_catalog_append_range_tEEPT_RS2_ called 0 returned 0% blocks executed 0%
    #####:   49:    __addressof(_Tp& __r) _GLIBCXX_NOEXCEPT
    #####:   50:    { return __builtin_addressof(__r); }
------------------
_ZSt11__addressofINSt8__detail10_Hash_nodeISt4pairIKjSt10unique_ptrIN8services4disk14manager_disk_t26collection_storage_entry_tESt14default_deleteIS8_EEELb0EEEEPT_RSE_:
function _ZSt11__addressofINSt8__detail10_Hash_nodeISt4pairIKjSt10unique_ptrIN8services4disk14manager_disk_t26collection_storage_entry_tESt14default_deleteIS8_EEELb0EEEEPT_RSE_ called 1466 returned 100% blocks executed 100%
     1466:   49:    __addressof(_Tp& __r) _GLIBCXX_NOEXCEPT
     1466:   50:    { return __builtin_addressof(__r); }
------------------
_ZSt11__addressofINSt8__detail10_Hash_nodeISt4pairIKmSt8weak_ptrIN10components5table7storage14block_handle_tEEELb0EEEEPT_RSC_:
function _ZSt11__addressofINSt8__detail10_Hash_nodeISt4pairIKmSt8weak_ptrIN10components5table7storage14block_handle_tEEELb0EEEEPT_RSC_ called 159 returned 100% blocks executed 100%
      159:   49:    __addressof(_Tp& __r) _GLIBCXX_NOEXCEPT
      159:   50:    { return __builtin_addressof(__r); }
------------------
        -:   51:
        -:   52:#if __cplusplus >= 201103L
        -:   53:
        -:   54:_GLIBCXX_END_NAMESPACE_VERSION
        -:   55:} // namespace
        -:   56:
        -:   57:#include <type_traits> // Brings in std::declval too.
        -:   58:
        -:   59:namespace std _GLIBCXX_VISIBILITY(default)
        -:   60:{
        -:   61:_GLIBCXX_BEGIN_NAMESPACE_VERSION
        -:   62:
        -:   63:  /**
        -:   64:   *  @addtogroup utilities
        -:   65:   *  @{
        -:   66:   */
        -:   67:
        -:   68:  /**
        -:   69:   *  @brief  Forward an lvalue.
        -:   70:   *  @return The parameter cast to the specified type.
        -:   71:   *
        -:   72:   *  This function is used to implement "perfect forwarding".
        -:   73:   */
        -:   74:  template<typename _Tp>
        -:   75:    _GLIBCXX_NODISCARD
        -:   76:    constexpr _Tp&&
  104585*:   77:    forward(typename std::remove_reference<_Tp>::type& __t) noexcept
  104585*:   78:    { return static_cast<_Tp&&>(__t); }
------------------
_ZSt7forwardIRMN8services4disk14manager_disk_tEFN10actor_zeta13unique_futureIvEEN10components7session12session_id_tEjEEOT_RNSt16remove_referenceISC_E4typeE:
function _ZSt7forwardIRMN8services4disk14manager_disk_tEFN10actor_zeta13unique_futureIvEEN10components7session12session_id_tEjEEOT_RNSt16remove_referenceISC_E4typeE called 0 returned 0% blocks executed 0%
    #####:   77:    forward(typename std::remove_reference<_Tp>::type& __t) noexcept
    #####:   78:    { return static_cast<_Tp&&>(__t); }
------------------
_ZSt7forwardIRMN8services4disk14manager_disk_tEFN10actor_zeta13unique_futureISt10unique_ptrIN10components6vector12data_chunk_tESt14default_deleteIS8_EEEENS6_7session12session_id_tEjlmEEOT_RNSt16remove_referenceISI_E4typeE:
function _ZSt7forwardIRMN8services4disk14manager_disk_tEFN10actor_zeta13unique_futureISt10unique_ptrIN10components6vector12data_chunk_tESt14default_deleteIS8_EEEENS6_7session12session_id_tEjlmEEOT_RNSt16remove_referenceISI_E4typeE called 0 returned 0% blocks executed 0%
    #####:   77:    forward(typename std::remove_reference<_Tp>::type& __t) noexcept
    #####:   78:    { return static_cast<_Tp&&>(__t); }
------------------
_ZSt7forwardIRMN8services4disk14manager_disk_tEFN10actor_zeta13unique_futureISt10unique_ptrIN10components6vector12data_chunk_tESt14default_deleteIS8_EEEENS6_7session12session_id_tEjNS7_8vector_tEmNS6_5table16transaction_dataEEEOT_RNSt16remove_referenceISL_E4typeE:
function _ZSt7forwardIRMN8services4disk14manager_disk_tEFN10actor_zeta13unique_futureISt10unique_ptrIN10components6vector12data_chunk_tESt14default_deleteIS8_EEEENS6_7session12session_id_tEjNS7_8vector_tEmNS6_5table16transaction_dataEEEOT_RNSt16remove_referenceISL_E4typeE called 0 returned 0% blocks executed 0%
    #####:   77:    forward(typename std::remove_reference<_Tp>::type& __t) noexcept
    #####:   78:    { return static_cast<_Tp&&>(__t); }
------------------
_ZSt7forwardIRMN8services4disk14manager_disk_tEFN10actor_zeta13unique_futureISt10unique_ptrISt6vectorIN10components6vector12data_chunk_tENSt3pmr21polymorphic_allocatorIS9_EEESt14default_deleteISD_EEEENS7_7session12session_id_tEjS5_INS7_5table14table_filter_tESE_ISL_EElS6_ImSaImEEbNSK_16transaction_dataEEEOT_RNSt16remove_referenceISU_E4typeE:
function _ZSt7forwardIRMN8services4disk14manager_disk_tEFN10actor_zeta13unique_futureISt10unique_ptrISt6vectorIN10components6vector12data_chunk_tENSt3pmr21polymorphic_allocatorIS9_EEESt14default_deleteISD_EEEENS7_7session12session_id_tEjS5_INS7_5table14table_filter_tESE_ISL_EElS6_ImSaImEEbNSK_16transaction_dataEEEOT_RNSt16remove_referenceISU_E4typeE called 4 returned 100% blocks executed 100%
        4:   77:    forward(typename std::remove_reference<_Tp>::type& __t) noexcept
        4:   78:    { return static_cast<_Tp&&>(__t); }
------------------
_ZSt7forwardISt10unique_ptrISt6vectorIN10components6vector12data_chunk_tENSt3pmr21polymorphic_allocatorIS4_EEESt14default_deleteIS8_EEEOT_RNSt16remove_referenceISC_E4typeE:
function _ZSt7forwardISt10unique_ptrISt6vectorIN10components6vector12data_chunk_tENSt3pmr21polymorphic_allocatorIS4_EEESt14default_deleteIS8_EEEOT_RNSt16remove_referenceISC_E4typeE called 0 returned 0% blocks executed 0%
    #####:   77:    forward(typename std::remove_reference<_Tp>::type& __t) noexcept
    #####:   78:    { return static_cast<_Tp&&>(__t); }
------------------
_ZSt7forwardIRMN8services4disk14manager_disk_tEFN10actor_zeta13unique_futureISt10unique_ptrIN10components6vector12data_chunk_tESt14default_deleteIS8_EEEENS6_7session12session_id_tEjS5_INS6_5table14table_filter_tES9_ISG_EEiNSF_16transaction_dataEEEOT_RNSt16remove_referenceISN_E4typeE:
function _ZSt7forwardIRMN8services4disk14manager_disk_tEFN10actor_zeta13unique_futureISt10unique_ptrIN10components6vector12data_chunk_tESt14default_deleteIS8_EEEENS6_7session12session_id_tEjS5_INS6_5table14table_filter_tES9_ISG_EEiNSF_16transaction_dataEEEOT_RNSt16remove_referenceISN_E4typeE called 4 returned 100% blocks executed 100%
        4:   77:    forward(typename std::remove_reference<_Tp>::type& __t) noexcept
        4:   78:    { return static_cast<_Tp&&>(__t); }
------------------
_ZSt7forwardISt10unique_ptrIN10components6vector12data_chunk_tESt14default_deleteIS3_EEEOT_RNSt16remove_referenceIS7_E4typeE:
function _ZSt7forwardISt10unique_ptrIN10components6vector12data_chunk_tESt14default_deleteIS3_EEEOT_RNSt16remove_referenceIS7_E4typeE called 0 returned 0% blocks executed 0%
    #####:   77:    forward(typename std::remove_reference<_Tp>::type& __t) noexcept
    #####:   78:    { return static_cast<_Tp&&>(__t); }
------------------
_ZSt7forwardIRMN8services4disk14manager_disk_tEFN10actor_zeta13unique_futureImEEN10components7session12session_id_tEjEEOT_RNSt16remove_referenceISC_E4typeE:
function _ZSt7forwardIRMN8services4disk14manager_disk_tEFN10actor_zeta13unique_futureImEEN10components7session12session_id_tEjEEOT_RNSt16remove_referenceISC_E4typeE called 0 returned 0% blocks executed 0%
    #####:   77:    forward(typename std::remove_reference<_Tp>::type& __t) noexcept
    #####:   78:    { return static_cast<_Tp&&>(__t); }
------------------
_ZSt7forwardIRMN8services4disk14manager_disk_tEFN10actor_zeta13unique_futureISt6vectorIN10components5types20complex_logical_typeENSt3pmr21polymorphic_allocatorIS8_EEEEENS6_7session12session_id_tEjEEOT_RNSt16remove_referenceISJ_E4typeE:
function _ZSt7forwardIRMN8services4disk14manager_disk_tEFN10actor_zeta13unique_futureISt6vectorIN10components5types20complex_logical_typeENSt3pmr21polymorphic_allocatorIS8_EEEEENS6_7session12session_id_tEjEEOT_RNSt16remove_referenceISJ_E4typeE called 10 returned 100% blocks executed 100%
       10:   77:    forward(typename std::remove_reference<_Tp>::type& __t) noexcept
       10:   78:    { return static_cast<_Tp&&>(__t); }
------------------
_ZSt7forwardISt6vectorIN10components5types20complex_logical_typeENSt3pmr21polymorphic_allocatorIS3_EEEEOT_RNSt16remove_referenceIS8_E4typeE:
function _ZSt7forwardISt6vectorIN10components5types20complex_logical_typeENSt3pmr21polymorphic_allocatorIS3_EEEEOT_RNSt16remove_referenceIS8_E4typeE called 0 returned 0% blocks executed 0%
    #####:   77:    forward(typename std::remove_reference<_Tp>::type& __t) noexcept
    #####:   78:    { return static_cast<_Tp&&>(__t); }
------------------
_ZSt7forwardISt4pairImmEEOT_RNSt16remove_referenceIS2_E4typeE:
function _ZSt7forwardISt4pairImmEEOT_RNSt16remove_referenceIS2_E4typeE called 0 returned 0% blocks executed 0%
    #####:   77:    forward(typename std::remove_reference<_Tp>::type& __t) noexcept
    #####:   78:    { return static_cast<_Tp&&>(__t); }
------------------
_ZSt7forwardIRMN8services4disk14manager_disk_tEFN10actor_zeta13unique_futureIvEEN10components7session12session_id_tEjjSt6vectorINS6_5table19column_definition_tESaISB_EEN13configuration18disk_layout_policyEEEOT_RNSt16remove_referenceISJ_E4typeE:
function _ZSt7forwardIRMN8services4disk14manager_disk_tEFN10actor_zeta13unique_futureIvEEN10components7session12session_id_tEjjSt6vectorINS6_5table19column_definition_tESaISB_EEN13configuration18disk_layout_policyEEEOT_RNSt16remove_referenceISJ_E4typeE called 6 returned 100% blocks executed 100%
        6:   77:    forward(typename std::remove_reference<_Tp>::type& __t) noexcept
        6:   78:    { return static_cast<_Tp&&>(__t); }
------------------
_ZSt7forwardIRMN8services4disk14manager_disk_tEFN10actor_zeta13unique_futureIvEEN10components7session12session_id_tEjjSt6vectorINS6_5table19column_definition_tESaISB_EEEEOT_RNSt16remove_referenceISH_E4typeE:
function _ZSt7forwardIRMN8services4disk14manager_disk_tEFN10actor_zeta13unique_futureIvEEN10components7session12session_id_tEjjSt6vectorINS6_5table19column_definition_tESaISB_EEEEOT_RNSt16remove_referenceISH_E4typeE called 0 returned 0% blocks executed 0%
    #####:   77:    forward(typename std::remove_reference<_Tp>::type& __t) noexcept
    #####:   78:    { return static_cast<_Tp&&>(__t); }
------------------
_ZSt7forwardIRMN8services4disk14manager_disk_tEFN10actor_zeta13unique_futureIvEEN10components7session12session_id_tEjjEEOT_RNSt16remove_referenceISC_E4typeE:
function _ZSt7forwardIRMN8services4disk14manager_disk_tEFN10actor_zeta13unique_futureIvEEN10components7session12session_id_tEjjEEOT_RNSt16remove_referenceISC_E4typeE called 4 returned 100% blocks executed 100%
        4:   77:    forward(typename std::remove_reference<_Tp>::type& __t) noexcept
        4:   78:    { return static_cast<_Tp&&>(__t); }
------------------
_ZSt7forwardIRMN8services4disk14manager_disk_tEFN10actor_zeta13unique_futureIvEEN10components19execution_context_tEmEEOT_RNSt16remove_referenceISB_E4typeE:
function _ZSt7forwardIRMN8services4disk14manager_disk_tEFN10actor_zeta13unique_futureIvEEN10components19execution_context_tEmEEOT_RNSt16remove_referenceISB_E4typeE called 0 returned 0% blocks executed 0%
    #####:   77:    forward(typename std::remove_reference<_Tp>::type& __t) noexcept
    #####:   78:    { return static_cast<_Tp&&>(__t); }
------------------
_ZSt7forwardIRMN8services4disk14manager_disk_tEFN10actor_zeta13unique_futureImEEN10components7session12session_id_tEmEEOT_RNSt16remove_referenceISC_E4typeE:
function _ZSt7forwardIRMN8services4disk14manager_disk_tEFN10actor_zeta13unique_futureImEEN10components7session12session_id_tEmEEOT_RNSt16remove_referenceISC_E4typeE called 30 returned 100% blocks executed 100%
       30:   77:    forward(typename std::remove_reference<_Tp>::type& __t) noexcept
       30:   78:    { return static_cast<_Tp&&>(__t); }
------------------
_ZSt7forwardIRMN8services4disk14manager_disk_tEFN10actor_zeta13unique_futureIvEEN10components7session12session_id_tEmEEOT_RNSt16remove_referenceISC_E4typeE:
function _ZSt7forwardIRMN8services4disk14manager_disk_tEFN10actor_zeta13unique_futureIvEEN10components7session12session_id_tEmEEOT_RNSt16remove_referenceISC_E4typeE called 0 returned 0% blocks executed 0%
    #####:   77:    forward(typename std::remove_reference<_Tp>::type& __t) noexcept
    #####:   78:    { return static_cast<_Tp&&>(__t); }
------------------
_ZSt7forwardIRPN8services4disk14manager_disk_tEEOT_RNSt16remove_referenceIS5_E4typeE:
function _ZSt7forwardIRPN8services4disk14manager_disk_tEEOT_RNSt16remove_referenceIS5_E4typeE called 0 returned 0% blocks executed 0%
    #####:   77:    forward(typename std::remove_reference<_Tp>::type& __t) noexcept
    #####:   78:    { return static_cast<_Tp&&>(__t); }
------------------
_ZSt7forwardIRKN10components5table15storage_index_tEEOT_RNSt16remove_referenceIS5_E4typeE:
function _ZSt7forwardIRKN10components5table15storage_index_tEEOT_RNSt16remove_referenceIS5_E4typeE called 0 returned 0% blocks executed 0%
    #####:   77:    forward(typename std::remove_reference<_Tp>::type& __t) noexcept
    #####:   78:    { return static_cast<_Tp&&>(__t); }
------------------
_ZSt7forwardIRMN8services4disk14manager_disk_tEFN10actor_zeta13unique_futureIvEEN10components19execution_context_tEmSt3setIjSt4lessIjESaIjEEEEOT_RNSt16remove_referenceISG_E4typeE:
function _ZSt7forwardIRMN8services4disk14manager_disk_tEFN10actor_zeta13unique_futureIvEEN10components19execution_context_tEmSt3setIjSt4lessIjESaIjEEEEOT_RNSt16remove_referenceISG_E4typeE called 62 returned 100% blocks executed 100%
       62:   77:    forward(typename std::remove_reference<_Tp>::type& __t) noexcept
       62:   78:    { return static_cast<_Tp&&>(__t); }
------------------
_ZSt7forwardIN8services4disk25resolve_function_result_tEEOT_RNSt16remove_referenceIS3_E4typeE:
function _ZSt7forwardIN8services4disk25resolve_function_result_tEEOT_RNSt16remove_referenceIS3_E4typeE called 0 returned 0% blocks executed 0%
    #####:   77:    forward(typename std::remove_reference<_Tp>::type& __t) noexcept
    #####:   78:    { return static_cast<_Tp&&>(__t); }
------------------
_ZSt7forwardIRMN8services4disk14manager_disk_tEFN10actor_zeta13unique_futureINS1_21resolve_type_result_tEEEN10components19execution_context_tEjNSt7__cxx1112basic_stringIcSt11char_traitsIcESaIcEEEmEEOT_RNSt16remove_referenceISI_E4typeE:
function _ZSt7forwardIRMN8services4disk14manager_disk_tEFN10actor_zeta13unique_futureINS1_21resolve_type_result_tEEEN10components19execution_context_tEjNSt7__cxx1112basic_stringIcSt11char_traitsIcESaIcEEEmEEOT_RNSt16remove_referenceISI_E4typeE called 10 returned 100% blocks executed 100%
       10:   77:    forward(typename std::remove_reference<_Tp>::type& __t) noexcept
       10:   78:    { return static_cast<_Tp&&>(__t); }
------------------
_ZSt7forwardIN8services4disk21resolve_type_result_tEEOT_RNSt16remove_referenceIS3_E4typeE:
function _ZSt7forwardIN8services4disk21resolve_type_result_tEEOT_RNSt16remove_referenceIS3_E4typeE called 0 returned 0% blocks executed 0%
    #####:   77:    forward(typename std::remove_reference<_Tp>::type& __t) noexcept
    #####:   78:    { return static_cast<_Tp&&>(__t); }
------------------
_ZSt7forwardIRMN8services4disk14manager_disk_tEFN10actor_zeta13unique_futureINS1_22resolve_table_result_tEEEN10components19execution_context_tEjNSt7__cxx1112basic_stringIcSt11char_traitsIcESaIcEEEmEEOT_RNSt16remove_referenceISI_E4typeE:
function _ZSt7forwardIRMN8services4disk14manager_disk_tEFN10actor_zeta13unique_futureINS1_22resolve_table_result_tEEEN10components19execution_context_tEjNSt7__cxx1112basic_stringIcSt11char_traitsIcESaIcEEEmEEOT_RNSt16remove_referenceISI_E4typeE called 128 returned 100% blocks executed 100%
      128:   77:    forward(typename std::remove_reference<_Tp>::type& __t) noexcept
      128:   78:    { return static_cast<_Tp&&>(__t); }
------------------
_ZSt7forwardIN8services4disk22resolve_table_result_tEEOT_RNSt16remove_referenceIS3_E4typeE:
function _ZSt7forwardIN8services4disk22resolve_table_result_tEEOT_RNSt16remove_referenceIS3_E4typeE called 0 returned 0% blocks executed 0%
    #####:   77:    forward(typename std::remove_reference<_Tp>::type& __t) noexcept
    #####:   78:    { return static_cast<_Tp&&>(__t); }
------------------
_ZSt7forwardIRMN8services4disk14manager_disk_tEFN10actor_zeta13unique_futureINS1_26resolve_namespace_result_tEEEN10components19execution_context_tENSt7__cxx1112basic_stringIcSt11char_traitsIcESaIcEEEmEEOT_RNSt16remove_referenceISI_E4typeE:
function _ZSt7forwardIRMN8services4disk14manager_disk_tEFN10actor_zeta13unique_futureINS1_26resolve_namespace_result_tEEEN10components19execution_context_tENSt7__cxx1112basic_stringIcSt11char_traitsIcESaIcEEEmEEOT_RNSt16remove_referenceISI_E4typeE called 24 returned 100% blocks executed 100%
       24:   77:    forward(typename std::remove_reference<_Tp>::type& __t) noexcept
       24:   78:    { return static_cast<_Tp&&>(__t); }
------------------
_ZSt7forwardIN8services4disk26resolve_namespace_result_tEEOT_RNSt16remove_referenceIS3_E4typeE:
function _ZSt7forwardIN8services4disk26resolve_namespace_result_tEEOT_RNSt16remove_referenceIS3_E4typeE called 0 returned 0% blocks executed 0%
    #####:   77:    forward(typename std::remove_reference<_Tp>::type& __t) noexcept
    #####:   78:    { return static_cast<_Tp&&>(__t); }
------------------
_ZSt7forwardIRMN8services4disk14manager_disk_tEFN10actor_zeta13unique_futureIvEEN10components19execution_context_tESt6vectorINS6_25pg_catalog_append_range_tESaIS9_EEEEOT_RNSt16remove_referenceISF_E4typeE:
function _ZSt7forwardIRMN8services4disk14manager_disk_tEFN10actor_zeta13unique_futureIvEEN10components19execution_context_tESt6vectorINS6_25pg_catalog_append_range_tESaIS9_EEEEOT_RNSt16remove_referenceISF_E4typeE called 4 returned 100% blocks executed 100%
        4:   77:    forward(typename std::remove_reference<_Tp>::type& __t) noexcept
        4:   78:    { return static_cast<_Tp&&>(__t); }
------------------
_ZSt7forwardIRKPN10actor_zeta7mailbox7messageEEOT_RNSt16remove_referenceIS6_E4typeE:
function _ZSt7forwardIRKPN10actor_zeta7mailbox7messageEEOT_RNSt16remove_referenceIS6_E4typeE called 0 returned 0% blocks executed 0%
    #####:   77:    forward(typename std::remove_reference<_Tp>::type& __t) noexcept
    #####:   78:    { return static_cast<_Tp&&>(__t); }
------------------
_ZSt7forwardIRMN8services4disk14manager_disk_tEFN10actor_zeta13unique_futureIvEEN10components19execution_context_tEmSt6vectorINS6_25pg_catalog_append_range_tESaIS9_EEEEOT_RNSt16remove_referenceISF_E4typeE:
function _ZSt7forwardIRMN8services4disk14manager_disk_tEFN10actor_zeta13unique_futureIvEEN10components19execution_context_tEmSt6vectorINS6_25pg_catalog_append_range_tESaIS9_EEEEOT_RNSt16remove_referenceISF_E4typeE called 392 returned 100% blocks executed 100%
      392:   77:    forward(typename std::remove_reference<_Tp>::type& __t) noexcept
      392:   78:    { return static_cast<_Tp&&>(__t); }
------------------
_ZSt7forwardIRMN8services4disk14manager_disk_tEFN10actor_zeta13unique_futureIvEEN10components19execution_context_tEjmEEOT_RNSt16remove_referenceISB_E4typeE:
function _ZSt7forwardIRMN8services4disk14manager_disk_tEFN10actor_zeta13unique_futureIvEEN10components19execution_context_tEjmEEOT_RNSt16remove_referenceISB_E4typeE called 0 returned 0% blocks executed 0%
    #####:   77:    forward(typename std::remove_reference<_Tp>::type& __t) noexcept
    #####:   78:    { return static_cast<_Tp&&>(__t); }
------------------
_ZSt7forwardIRMN8services4disk14manager_disk_tEFN10actor_zeta13unique_futureIvEEN10components19execution_context_tEjlmEEOT_RNSt16remove_referenceISB_E4typeE:
function _ZSt7forwardIRMN8services4disk14manager_disk_tEFN10actor_zeta13unique_futureIvEEN10components19execution_context_tEjlmEEOT_RNSt16remove_referenceISB_E4typeE called 0 returned 0% blocks executed 0%
    #####:   77:    forward(typename std::remove_reference<_Tp>::type& __t) noexcept
    #####:   78:    { return static_cast<_Tp&&>(__t); }
------------------
_ZSt7forwardIRMN8services4disk14manager_disk_tEFN10actor_zeta13unique_futureIvEEN10components19execution_context_tEjmlmEEOT_RNSt16remove_referenceISB_E4typeE:
function _ZSt7forwardIRMN8services4disk14manager_disk_tEFN10actor_zeta13unique_futureIvEEN10components19execution_context_tEjmlmEEOT_RNSt16remove_referenceISB_E4typeE called 0 returned 0% blocks executed 0%
    #####:   77:    forward(typename std::remove_reference<_Tp>::type& __t) noexcept
    #####:   78:    { return static_cast<_Tp&&>(__t); }
------------------
_ZSt7forwardIRMN8services4disk14manager_disk_tEFN10actor_zeta13unique_futureImEEN10components19execution_context_tEjNS6_6vector8vector_tEmEEOT_RNSt16remove_referenceISD_E4typeE:
function _ZSt7forwardIRMN8services4disk14manager_disk_tEFN10actor_zeta13unique_futureImEEN10components19execution_context_tEjNS6_6vector8vector_tEmEEOT_RNSt16remove_referenceISD_E4typeE called 0 returned 0% blocks executed 0%
    #####:   77:    forward(typename std::remove_reference<_Tp>::type& __t) noexcept
    #####:   78:    { return static_cast<_Tp&&>(__t); }
------------------
_ZSt7forwardIRMN8services4disk14manager_disk_tEFN10actor_zeta13unique_futureISt4pairIlmEEEN10components19execution_context_tEjNS8_6vector8vector_tESt10unique_ptrINSA_12data_chunk_tESt14default_deleteISD_EEEEOT_RNSt16remove_referenceISK_E4typeE:
function _ZSt7forwardIRMN8services4disk14manager_disk_tEFN10actor_zeta13unique_futureISt4pairIlmEEEN10components19execution_context_tEjNS8_6vector8vector_tESt10unique_ptrINSA_12data_chunk_tESt14default_deleteISD_EEEEOT_RNSt16remove_referenceISK_E4typeE called 0 returned 0% blocks executed 0%
    #####:   77:    forward(typename std::remove_reference<_Tp>::type& __t) noexcept
    #####:   78:    { return static_cast<_Tp&&>(__t); }
------------------
_ZSt7forwardISt4pairIlmEEOT_RNSt16remove_referenceIS2_E4typeE:
function _ZSt7forwardISt4pairIlmEEOT_RNSt16remove_referenceIS2_E4typeE called 0 returned 0% blocks executed 0%
    #####:   77:    forward(typename std::remove_reference<_Tp>::type& __t) noexcept
    #####:   78:    { return static_cast<_Tp&&>(__t); }
------------------
_ZSt7forwardIRMN8services4disk14manager_disk_tEFN10actor_zeta13unique_futureISt4pairImmEEEN10components19execution_context_tEjSt10unique_ptrINS8_6vector12data_chunk_tESt14default_deleteISC_EEEEOT_RNSt16remove_referenceISJ_E4typeE:
function _ZSt7forwardIRMN8services4disk14manager_disk_tEFN10actor_zeta13unique_futureISt4pairImmEEEN10components19execution_context_tEjSt10unique_ptrINS8_6vector12data_chunk_tESt14default_deleteISC_EEEEOT_RNSt16remove_referenceISJ_E4typeE called 8 returned 100% blocks executed 100%
        8:   77:    forward(typename std::remove_reference<_Tp>::type& __t) noexcept
        8:   78:    { return static_cast<_Tp&&>(__t); }
------------------
_ZSt7forwardIRSt6vectorIN10components5table15storage_index_tESaIS3_EEEOT_RNSt16remove_referenceIS7_E4typeE:
function _ZSt7forwardIRSt6vectorIN10components5table15storage_index_tESaIS3_EEEOT_RNSt16remove_referenceIS7_E4typeE called 0 returned 0% blocks executed 0%
    #####:   77:    forward(typename std::remove_reference<_Tp>::type& __t) noexcept
    #####:   78:    { return static_cast<_Tp&&>(__t); }
------------------
_ZSt7forwardIRN10components5table12data_table_tEEOT_RNSt16remove_referenceIS4_E4typeE:
function _ZSt7forwardIRN10components5table12data_table_tEEOT_RNSt16remove_referenceIS4_E4typeE called 1477 returned 100% blocks executed 100%
     1477:   77:    forward(typename std::remove_reference<_Tp>::type& __t) noexcept
     1477:   78:    { return static_cast<_Tp&&>(__t); }
------------------
_ZSt7forwardIRKmEOT_RNSt16remove_referenceIS2_E4typeE:
function _ZSt7forwardIRKmEOT_RNSt16remove_referenceIS2_E4typeE called 0 returned 0% blocks executed 0%
    #####:   77:    forward(typename std::remove_reference<_Tp>::type& __t) noexcept
    #####:   78:    { return static_cast<_Tp&&>(__t); }
------------------
_ZSt7forwardIRKSt6vectorImSaImEEEOT_RNSt16remove_referenceIS5_E4typeE:
function _ZSt7forwardIRKSt6vectorImSaImEEEOT_RNSt16remove_referenceIS5_E4typeE called 0 returned 0% blocks executed 0%
    #####:   77:    forward(typename std::remove_reference<_Tp>::type& __t) noexcept
    #####:   78:    { return static_cast<_Tp&&>(__t); }
------------------
_ZSt7forwardIRKbEOT_RNSt16remove_referenceIS2_E4typeE:
function _ZSt7forwardIRKbEOT_RNSt16remove_referenceIS2_E4typeE called 0 returned 0% blocks executed 0%
    #####:   77:    forward(typename std::remove_reference<_Tp>::type& __t) noexcept
    #####:   78:    { return static_cast<_Tp&&>(__t); }
------------------
_ZSt7forwardIRN10components5table16transaction_dataEEOT_RNSt16remove_referenceIS4_E4typeE:
function _ZSt7forwardIRN10components5table16transaction_dataEEOT_RNSt16remove_referenceIS4_E4typeE called 0 returned 0% blocks executed 0%
    #####:   77:    forward(typename std::remove_reference<_Tp>::type& __t) noexcept
    #####:   78:    { return static_cast<_Tp&&>(__t); }
------------------
_ZSt7forwardIRbEOT_RNSt16remove_referenceIS1_E4typeE:
function _ZSt7forwardIRbEOT_RNSt16remove_referenceIS1_E4typeE called 0 returned 0% blocks executed 0%
    #####:   77:    forward(typename std::remove_reference<_Tp>::type& __t) noexcept
    #####:   78:    { return static_cast<_Tp&&>(__t); }
------------------
_ZSt7forwardIRSt6vectorImSaImEEEOT_RNSt16remove_referenceIS4_E4typeE:
function _ZSt7forwardIRSt6vectorImSaImEEEOT_RNSt16remove_referenceIS4_E4typeE called 0 returned 0% blocks executed 0%
    #####:   77:    forward(typename std::remove_reference<_Tp>::type& __t) noexcept
    #####:   78:    { return static_cast<_Tp&&>(__t); }
------------------
_ZSt7forwardIRPKN10components5table14table_filter_tEEOT_RNSt16remove_referenceIS6_E4typeE:
function _ZSt7forwardIRPKN10components5table14table_filter_tEEOT_RNSt16remove_referenceIS6_E4typeE called 0 returned 0% blocks executed 0%
    #####:   77:    forward(typename std::remove_reference<_Tp>::type& __t) noexcept
    #####:   78:    { return static_cast<_Tp&&>(__t); }
------------------
_ZSt7forwardIRmEOT_RNSt16remove_referenceIS1_E4typeE:
function _ZSt7forwardIRmEOT_RNSt16remove_referenceIS1_E4typeE called 0 returned 0% blocks executed 0%
    #####:   77:    forward(typename std::remove_reference<_Tp>::type& __t) noexcept
    #####:   78:    { return static_cast<_Tp&&>(__t); }
------------------
_ZSt7forwardIRN10components5table7storage25standard_buffer_manager_tEEOT_RNSt16remove_referenceIS5_E4typeE:
function _ZSt7forwardIRN10components5table7storage25standard_buffer_manager_tEEOT_RNSt16remove_referenceIS5_E4typeE called 3028 returned 100% blocks executed 100%
     3028:   77:    forward(typename std::remove_reference<_Tp>::type& __t) noexcept
     3028:   78:    { return static_cast<_Tp&&>(__t); }
------------------
_ZSt7forwardIRN10components7storage6detail22parallel_scan_worker_tEEOT_RNSt16remove_referenceIS5_E4typeE:
function _ZSt7forwardIRN10components7storage6detail22parallel_scan_worker_tEEOT_RNSt16remove_referenceIS5_E4typeE called 0 returned 0% blocks executed 0%
    #####:   77:    forward(typename std::remove_reference<_Tp>::type& __t) noexcept
    #####:   78:    { return static_cast<_Tp&&>(__t); }
------------------
_ZSt7forwardISt6vectorIN10components6vector12data_chunk_tENSt3pmr21polymorphic_allocatorIS3_EEEEOT_RNSt16remove_referenceIS8_E4typeE:
function _ZSt7forwardISt6vectorIN10components6vector12data_chunk_tENSt3pmr21polymorphic_allocatorIS3_EEEEOT_RNSt16remove_referenceIS8_E4typeE called 0 returned 0% blocks executed 0%
    #####:   77:    forward(typename std::remove_reference<_Tp>::type& __t) noexcept
    #####:   78:    { return static_cast<_Tp&&>(__t); }
------------------
_ZSt7forwardINSt7__cxx1112basic_stringIcSt11char_traitsIcESaIcEEEEOT_RNSt16remove_referenceIS6_E4typeE:
function _ZSt7forwardINSt7__cxx1112basic_stringIcSt11char_traitsIcESaIcEEEEOT_RNSt16remove_referenceIS6_E4typeE called 0 returned 0% blocks executed 0%
    #####:   77:    forward(typename std::remove_reference<_Tp>::type& __t) noexcept
    #####:   78:    { return static_cast<_Tp&&>(__t); }
------------------
_ZSt7forwardIRPNSt3pmr15memory_resourceEEOT_RNSt16remove_referenceIS4_E4typeE:
function _ZSt7forwardIRPNSt3pmr15memory_resourceEEOT_RNSt16remove_referenceIS4_E4typeE called 0 returned 0% blocks executed 0%
    #####:   77:    forward(typename std::remove_reference<_Tp>::type& __t) noexcept
    #####:   78:    { return static_cast<_Tp&&>(__t); }
------------------
_ZSt7forwardImEOT_RNSt16remove_referenceIS0_E4typeE:
function _ZSt7forwardImEOT_RNSt16remove_referenceIS0_E4typeE called 0 returned 0% blocks executed 0%
    #####:   77:    forward(typename std::remove_reference<_Tp>::type& __t) noexcept
    #####:   78:    { return static_cast<_Tp&&>(__t); }
------------------
_ZSt7forwardINSt7__n486116coroutine_handleIN10actor_zeta10behavior_t12promise_typeEEEEOT_RNSt16remove_referenceIS6_E4typeE:
function _ZSt7forwardINSt7__n486116coroutine_handleIN10actor_zeta10behavior_t12promise_typeEEEEOT_RNSt16remove_referenceIS6_E4typeE called 0 returned 0% blocks executed 0%
    #####:   77:    forward(typename std::remove_reference<_Tp>::type& __t) noexcept
    #####:   78:    { return static_cast<_Tp&&>(__t); }
------------------
_ZSt7forwardIN10actor_zeta13unique_futureISt6vectorIN10components6vector12data_chunk_tENSt3pmr21polymorphic_allocatorIS5_EEEEEEOT_RNSt16remove_referenceISB_E4typeE:
function _ZSt7forwardIN10actor_zeta13unique_futureISt6vectorIN10components6vector12data_chunk_tENSt3pmr21polymorphic_allocatorIS5_EEEEEEOT_RNSt16remove_referenceISB_E4typeE called 0 returned 0% blocks executed 0%
    #####:   77:    forward(typename std::remove_reference<_Tp>::type& __t) noexcept
    #####:   78:    { return static_cast<_Tp&&>(__t); }
------------------
_ZSt7forwardIbEOT_RNSt16remove_referenceIS0_E4typeE:
function _ZSt7forwardIbEOT_RNSt16remove_referenceIS0_E4typeE called 0 returned 0% blocks executed 0%
    #####:   77:    forward(typename std::remove_reference<_Tp>::type& __t) noexcept
    #####:   78:    { return static_cast<_Tp&&>(__t); }
------------------
_ZSt7forwardIRN8services4disk14manager_disk_tEEOT_RNSt16remove_referenceIS4_E4typeE:
function _ZSt7forwardIRN8services4disk14manager_disk_tEEOT_RNSt16remove_referenceIS4_E4typeE called 10530 returned 100% blocks executed 100%
    10530:   77:    forward(typename std::remove_reference<_Tp>::type& __t) noexcept
    10530:   78:    { return static_cast<_Tp&&>(__t); }
------------------
_ZSt7forwardIRPN10actor_zeta7mailbox7messageEEOT_RNSt16remove_referenceIS5_E4typeE:
function _ZSt7forwardIRPN10actor_zeta7mailbox7messageEEOT_RNSt16remove_referenceIS5_E4typeE called 0 returned 0% blocks executed 0%
    #####:   77:    forward(typename std::remove_reference<_Tp>::type& __t) noexcept
    #####:   78:    { return static_cast<_Tp&&>(__t); }
------------------
_ZSt7forwardIRMN10components7storage6detail22parallel_scan_worker_tEFN10actor_zeta13unique_futureISt6vectorINS0_6vector12data_chunk_tENSt3pmr21polymorphic_allocatorIS8_EEEEES6_INS0_5table15storage_index_tESaISF_EEmPKNSE_14table_filter_tES6_ImSaImEEbNSE_16transaction_dataEEEOT_RNSt16remove_referenceISR_E4typeE:
function _ZSt7forwardIRMN10components7storage6detail22parallel_scan_worker_tEFN10actor_zeta13unique_futureISt6vectorINS0_6vector12data_chunk_tENSt3pmr21polymorphic_allocatorIS8_EEEEES6_INS0_5table15storage_index_tESaISF_EEmPKNSE_14table_filter_tES6_ImSaImEEbNSE_16transaction_dataEEEOT_RNSt16remove_referenceISR_E4typeE called 0 returned 0% blocks executed 0%
    #####:   77:    forward(typename std::remove_reference<_Tp>::type& __t) noexcept
    #####:   78:    { return static_cast<_Tp&&>(__t); }
------------------
_ZSt7forwardIRPN10components7storage6detail22parallel_scan_worker_tEEOT_RNSt16remove_referenceIS6_E4typeE:
function _ZSt7forwardIRPN10components7storage6detail22parallel_scan_worker_tEEOT_RNSt16remove_referenceIS6_E4typeE called 0 returned 0% blocks executed 0%
    #####:   77:    forward(typename std::remove_reference<_Tp>::type& __t) noexcept
    #####:   78:    { return static_cast<_Tp&&>(__t); }
------------------
_ZSt7forwardIRKN10components5table16transaction_dataEEOT_RNSt16remove_referenceIS5_E4typeE:
function _ZSt7forwardIRKN10components5table16transaction_dataEEOT_RNSt16remove_referenceIS5_E4typeE called 0 returned 0% blocks executed 0%
    #####:   77:    forward(typename std::remove_reference<_Tp>::type& __t) noexcept
    #####:   78:    { return static_cast<_Tp&&>(__t); }
------------------
_ZSt7forwardIRKPKN10components5table14table_filter_tEEOT_RNSt16remove_referenceIS7_E4typeE:
function _ZSt7forwardIRKPKN10components5table14table_filter_tEEOT_RNSt16remove_referenceIS7_E4typeE called 0 returned 0% blocks executed 0%
    #####:   77:    forward(typename std::remove_reference<_Tp>::type& __t) noexcept
    #####:   78:    { return static_cast<_Tp&&>(__t); }
------------------
_ZSt7forwardIRKSt6vectorIN10components5table15storage_index_tESaIS3_EEEOT_RNSt16remove_referenceIS8_E4typeE:
function _ZSt7forwardIRKSt6vectorIN10components5table15storage_index_tESaIS3_EEEOT_RNSt16remove_referenceIS8_E4typeE called 0 returned 0% blocks executed 0%
    #####:   77:    forward(typename std::remove_reference<_Tp>::type& __t) noexcept
    #####:   78:    { return static_cast<_Tp&&>(__t); }
------------------
_ZSt7forwardINSt7__n486116coroutine_handleIN10actor_zeta13unique_futureIvE12promise_typeEEEEOT_RNSt16remove_referenceIS7_E4typeE:
function _ZSt7forwardINSt7__n486116coroutine_handleIN10actor_zeta13unique_futureIvE12promise_typeEEEEOT_RNSt16remove_referenceIS7_E4typeE called 0 returned 0% blocks executed 0%
    #####:   77:    forward(typename std::remove_reference<_Tp>::type& __t) noexcept
    #####:   78:    { return static_cast<_Tp&&>(__t); }
------------------
_ZSt7forwardIDnEOT_RNSt16remove_referenceIS0_E4typeE:
function _ZSt7forwardIDnEOT_RNSt16remove_referenceIS0_E4typeE called 0 returned 0% blocks executed 0%
    #####:   77:    forward(typename std::remove_reference<_Tp>::type& __t) noexcept
    #####:   78:    { return static_cast<_Tp&&>(__t); }
------------------
_ZSt7forwardIRMN8services4disk14manager_disk_tEFN10actor_zeta13unique_futureINS1_25resolve_function_result_tEEEN10components19execution_context_tEjNSt7__cxx1112basic_stringIcSt11char_traitsIcESaIcEEEmEEOT_RNSt16remove_referenceISI_E4typeE:
function _ZSt7forwardIRMN8services4disk14manager_disk_tEFN10actor_zeta13unique_futureINS1_25resolve_function_result_tEEEN10components19execution_context_tEjNSt7__cxx1112basic_stringIcSt11char_traitsIcESaIcEEEmEEOT_RNSt16remove_referenceISI_E4typeE called 6 returned 100% blocks executed 100%
        6:   77:    forward(typename std::remove_reference<_Tp>::type& __t) noexcept
        6:   78:    { return static_cast<_Tp&&>(__t); }
------------------
_ZSt7forwardIN10actor_zeta6detail14enqueue_resultEEOT_RNSt16remove_referenceIS3_E4typeE:
function _ZSt7forwardIN10actor_zeta6detail14enqueue_resultEEOT_RNSt16remove_referenceIS3_E4typeE called 0 returned 0% blocks executed 0%
    #####:   77:    forward(typename std::remove_reference<_Tp>::type& __t) noexcept
    #####:   78:    { return static_cast<_Tp&&>(__t); }
------------------
_ZSt7forwardIRN10components5table19column_definition_tEEOT_RNSt16remove_referenceIS4_E4typeE:
function _ZSt7forwardIRN10components5table19column_definition_tEEOT_RNSt16remove_referenceIS4_E4typeE called 58 returned 100% blocks executed 100%
       58:   77:    forward(typename std::remove_reference<_Tp>::type& __t) noexcept
       58:   78:    { return static_cast<_Tp&&>(__t); }
------------------
_ZSt7forwardISt14default_deleteIN10components5table12data_table_tEEEOT_RNSt16remove_referenceIS5_E4typeE:
function _ZSt7forwardISt14default_deleteIN10components5table12data_table_tEEEOT_RNSt16remove_referenceIS5_E4typeE called 1483 returned 100% blocks executed 100%
     1483:   77:    forward(typename std::remove_reference<_Tp>::type& __t) noexcept
     1483:   78:    { return static_cast<_Tp&&>(__t); }
------------------
_ZSt7forwardISt14default_deleteIN10components5table7storage27single_file_block_manager_tEEEOT_RNSt16remove_referenceIS6_E4typeE:
function _ZSt7forwardISt14default_deleteIN10components5table7storage27single_file_block_manager_tEEEOT_RNSt16remove_referenceIS6_E4typeE called 1477 returned 100% blocks executed 100%
     1477:   77:    forward(typename std::remove_reference<_Tp>::type& __t) noexcept
     1477:   78:    { return static_cast<_Tp&&>(__t); }
------------------
_ZSt7forwardIRN4core10filesystem19local_file_system_tEEOT_RNSt16remove_referenceIS4_E4typeE:
function _ZSt7forwardIRN4core10filesystem19local_file_system_tEEOT_RNSt16remove_referenceIS4_E4typeE called 3224 returned 100% blocks executed 100%
     3224:   77:    forward(typename std::remove_reference<_Tp>::type& __t) noexcept
     3224:   78:    { return static_cast<_Tp&&>(__t); }
------------------
_ZSt7forwardISt14default_deleteIN10components5table7storage25in_memory_block_manager_tEEEOT_RNSt16remove_referenceIS6_E4typeE:
function _ZSt7forwardISt14default_deleteIN10components5table7storage25in_memory_block_manager_tEEEOT_RNSt16remove_referenceIS6_E4typeE called 1736 returned 100% blocks executed 100%
     1736:   77:    forward(typename std::remove_reference<_Tp>::type& __t) noexcept
     1736:   78:    { return static_cast<_Tp&&>(__t); }
------------------
_ZSt7forwardISt6vectorIN10components5table19column_definition_tESaIS3_EEEOT_RNSt16remove_referenceIS6_E4typeE:
function _ZSt7forwardISt6vectorIN10components5table19column_definition_tESaIS3_EEEOT_RNSt16remove_referenceIS6_E4typeE called 2728 returned 100% blocks executed 100%
     2728:   77:    forward(typename std::remove_reference<_Tp>::type& __t) noexcept
     2728:   78:    { return static_cast<_Tp&&>(__t); }
------------------
_ZSt7forwardIRN10components5table7storage15block_manager_tEEOT_RNSt16remove_referenceIS5_E4typeE:
function _ZSt7forwardIRN10components5table7storage15block_manager_tEEOT_RNSt16remove_referenceIS5_E4typeE called 73468 returned 100% blocks executed 100%
    73468:   77:    forward(typename std::remove_reference<_Tp>::type& __t) noexcept
    73468:   78:    { return static_cast<_Tp&&>(__t); }
------------------
_ZSt7forwardIRKMN8services4disk14manager_disk_tEFN10actor_zeta13unique_futureIvEEN10components19execution_context_tEmSt6vectorINS6_25pg_catalog_append_range_tESaIS9_EEEEOT_RNSt16remove_referenceISG_E4typeE:
function _ZSt7forwardIRKMN8services4disk14manager_disk_tEFN10actor_zeta13unique_futureIvEEN10components19execution_context_tEmSt6vectorINS6_25pg_catalog_append_range_tESaIS9_EEEEOT_RNSt16remove_referenceISG_E4typeE called 196 returned 100% blocks executed 100%
      196:   77:    forward(typename std::remove_reference<_Tp>::type& __t) noexcept
      196:   78:    { return static_cast<_Tp&&>(__t); }
------------------
_ZSt7forwardINSt7__n486116coroutine_handleIN10actor_zeta13unique_futureIN8services4disk25resolve_function_result_tEE12promise_typeEEEEOT_RNSt16remove_referenceISA_E4typeE:
function _ZSt7forwardINSt7__n486116coroutine_handleIN10actor_zeta13unique_futureIN8services4disk25resolve_function_result_tEE12promise_typeEEEEOT_RNSt16remove_referenceISA_E4typeE called 0 returned 0% blocks executed 0%
    #####:   77:    forward(typename std::remove_reference<_Tp>::type& __t) noexcept
    #####:   78:    { return static_cast<_Tp&&>(__t); }
------------------
_ZSt7forwardIRKMN8services4disk14manager_disk_tEFN10actor_zeta13unique_futureINS1_21resolve_type_result_tEEEN10components19execution_context_tEjNSt7__cxx1112basic_stringIcSt11char_traitsIcESaIcEEEmEEOT_RNSt16remove_referenceISJ_E4typeE:
function _ZSt7forwardIRKMN8services4disk14manager_disk_tEFN10actor_zeta13unique_futureINS1_21resolve_type_result_tEEEN10components19execution_context_tEjNSt7__cxx1112basic_stringIcSt11char_traitsIcESaIcEEEmEEOT_RNSt16remove_referenceISJ_E4typeE called 5 returned 100% blocks executed 100%
        5:   77:    forward(typename std::remove_reference<_Tp>::type& __t) noexcept
        5:   78:    { return static_cast<_Tp&&>(__t); }
------------------
_ZSt7forwardINSt7__n486116coroutine_handleIN10actor_zeta13unique_futureIN8services4disk21resolve_type_result_tEE12promise_typeEEEEOT_RNSt16remove_referenceISA_E4typeE:
function _ZSt7forwardINSt7__n486116coroutine_handleIN10actor_zeta13unique_futureIN8services4disk21resolve_type_result_tEE12promise_typeEEEEOT_RNSt16remove_referenceISA_E4typeE called 0 returned 0% blocks executed 0%
    #####:   77:    forward(typename std::remove_reference<_Tp>::type& __t) noexcept
    #####:   78:    { return static_cast<_Tp&&>(__t); }
------------------
_ZSt7forwardIRKMN8services4disk14manager_disk_tEFN10actor_zeta13unique_futureINS1_22resolve_table_result_tEEEN10components19execution_context_tEjNSt7__cxx1112basic_stringIcSt11char_traitsIcESaIcEEEmEEOT_RNSt16remove_referenceISJ_E4typeE:
function _ZSt7forwardIRKMN8services4disk14manager_disk_tEFN10actor_zeta13unique_futureINS1_22resolve_table_result_tEEEN10components19execution_context_tEjNSt7__cxx1112basic_stringIcSt11char_traitsIcESaIcEEEmEEOT_RNSt16remove_referenceISJ_E4typeE called 64 returned 100% blocks executed 100%
       64:   77:    forward(typename std::remove_reference<_Tp>::type& __t) noexcept
       64:   78:    { return static_cast<_Tp&&>(__t); }
------------------
_ZSt7forwardINSt7__n486116coroutine_handleIN10actor_zeta13unique_futureIN8services4disk22resolve_table_result_tEE12promise_typeEEEEOT_RNSt16remove_referenceISA_E4typeE:
function _ZSt7forwardINSt7__n486116coroutine_handleIN10actor_zeta13unique_futureIN8services4disk22resolve_table_result_tEE12promise_typeEEEEOT_RNSt16remove_referenceISA_E4typeE called 0 returned 0% blocks executed 0%
    #####:   77:    forward(typename std::remove_reference<_Tp>::type& __t) noexcept
    #####:   78:    { return static_cast<_Tp&&>(__t); }
------------------
_ZSt7forwardIRKMN8services4disk14manager_disk_tEFN10actor_zeta13unique_futureINS1_26resolve_namespace_result_tEEEN10components19execution_context_tENSt7__cxx1112basic_stringIcSt11char_traitsIcESaIcEEEmEEOT_RNSt16remove_referenceISJ_E4typeE:
function _ZSt7forwardIRKMN8services4disk14manager_disk_tEFN10actor_zeta13unique_futureINS1_26resolve_namespace_result_tEEEN10components19execution_context_tENSt7__cxx1112basic_stringIcSt11char_traitsIcESaIcEEEmEEOT_RNSt16remove_referenceISJ_E4typeE called 12 returned 100% blocks executed 100%
       12:   77:    forward(typename std::remove_reference<_Tp>::type& __t) noexcept
       12:   78:    { return static_cast<_Tp&&>(__t); }
------------------
_ZSt7forwardINSt7__n486116coroutine_handleIN10actor_zeta13unique_futureIN8services4disk26resolve_namespace_result_tEE12promise_typeEEEEOT_RNSt16remove_referenceISA_E4typeE:
function _ZSt7forwardINSt7__n486116coroutine_handleIN10actor_zeta13unique_futureIN8services4disk26resolve_namespace_result_tEE12promise_typeEEEEOT_RNSt16remove_referenceISA_E4typeE called 0 returned 0% blocks executed 0%
    #####:   77:    forward(typename std::remove_reference<_Tp>::type& __t) noexcept
    #####:   78:    { return static_cast<_Tp&&>(__t); }
------------------
_ZSt7forwardIRKMN8services4disk14manager_disk_tEFN10actor_zeta13unique_futureIvEEN10components19execution_context_tESt6vectorINS6_25pg_catalog_append_range_tESaIS9_EEEEOT_RNSt16remove_referenceISG_E4typeE:
function _ZSt7forwardIRKMN8services4disk14manager_disk_tEFN10actor_zeta13unique_futureIvEEN10components19execution_context_tESt6vectorINS6_25pg_catalog_append_range_tESaIS9_EEEEOT_RNSt16remove_referenceISG_E4typeE called 2 returned 100% blocks executed 100%
        2:   77:    forward(typename std::remove_reference<_Tp>::type& __t) noexcept
        2:   78:    { return static_cast<_Tp&&>(__t); }
------------------
_ZSt7forwardIRKMN8services4disk14manager_disk_tEFN10actor_zeta13unique_futureIvEEN10components19execution_context_tEmSt3setIjSt4lessIjESaIjEEEEOT_RNSt16remove_referenceISH_E4typeE:
function _ZSt7forwardIRKMN8services4disk14manager_disk_tEFN10actor_zeta13unique_futureIvEEN10components19execution_context_tEmSt3setIjSt4lessIjESaIjEEEEOT_RNSt16remove_referenceISH_E4typeE called 31 returned 100% blocks executed 100%
       31:   77:    forward(typename std::remove_reference<_Tp>::type& __t) noexcept
       31:   78:    { return static_cast<_Tp&&>(__t); }
------------------
_ZSt7forwardIRKMN8services4disk14manager_disk_tEFN10actor_zeta13unique_futureINS1_25resolve_function_result_tEEEN10components19execution_context_tEjNSt7__cxx1112basic_stringIcSt11char_traitsIcESaIcEEEmEEOT_RNSt16remove_referenceISJ_E4typeE:
function _ZSt7forwardIRKMN8services4disk14manager_disk_tEFN10actor_zeta13unique_futureINS1_25resolve_function_result_tEEEN10components19execution_context_tEjNSt7__cxx1112basic_stringIcSt11char_traitsIcESaIcEEEmEEOT_RNSt16remove_referenceISJ_E4typeE called 3 returned 100% blocks executed 100%
        3:   77:    forward(typename std::remove_reference<_Tp>::type& __t) noexcept
        3:   78:    { return static_cast<_Tp&&>(__t); }
------------------
_ZSt7forwardIRKMN8services4disk14manager_disk_tEFN10actor_zeta13unique_futureIvEEN10components19execution_context_tEjmEEOT_RNSt16remove_referenceISC_E4typeE:
function _ZSt7forwardIRKMN8services4disk14manager_disk_tEFN10actor_zeta13unique_futureIvEEN10components19execution_context_tEjmEEOT_RNSt16remove_referenceISC_E4typeE called 0 returned 0% blocks executed 0%
    #####:   77:    forward(typename std::remove_reference<_Tp>::type& __t) noexcept
    #####:   78:    { return static_cast<_Tp&&>(__t); }
------------------
_ZSt7forwardIRKMN8services4disk14manager_disk_tEFN10actor_zeta13unique_futureIvEEN10components19execution_context_tEjlmEEOT_RNSt16remove_referenceISC_E4typeE:
function _ZSt7forwardIRKMN8services4disk14manager_disk_tEFN10actor_zeta13unique_futureIvEEN10components19execution_context_tEjlmEEOT_RNSt16remove_referenceISC_E4typeE called 0 returned 0% blocks executed 0%
    #####:   77:    forward(typename std::remove_reference<_Tp>::type& __t) noexcept
    #####:   78:    { return static_cast<_Tp&&>(__t); }
------------------
_ZSt7forwardIRKMN8services4disk14manager_disk_tEFN10actor_zeta13unique_futureIvEEN10components19execution_context_tEjmlmEEOT_RNSt16remove_referenceISC_E4typeE:
function _ZSt7forwardIRKMN8services4disk14manager_disk_tEFN10actor_zeta13unique_futureIvEEN10components19execution_context_tEjmlmEEOT_RNSt16remove_referenceISC_E4typeE called 0 returned 0% blocks executed 0%
    #####:   77:    forward(typename std::remove_reference<_Tp>::type& __t) noexcept
    #####:   78:    { return static_cast<_Tp&&>(__t); }
------------------
_ZSt7forwardIRKMN8services4disk14manager_disk_tEFN10actor_zeta13unique_futureImEEN10components19execution_context_tEjNS6_6vector8vector_tEmEEOT_RNSt16remove_referenceISE_E4typeE:
function _ZSt7forwardIRKMN8services4disk14manager_disk_tEFN10actor_zeta13unique_futureImEEN10components19execution_context_tEjNS6_6vector8vector_tEmEEOT_RNSt16remove_referenceISE_E4typeE called 0 returned 0% blocks executed 0%
    #####:   77:    forward(typename std::remove_reference<_Tp>::type& __t) noexcept
    #####:   78:    { return static_cast<_Tp&&>(__t); }
------------------
_ZSt7forwardIRKMN8services4disk14manager_disk_tEFN10actor_zeta13unique_futureISt4pairIlmEEEN10components19execution_context_tEjNS8_6vector8vector_tESt10unique_ptrINSA_12data_chunk_tESt14default_deleteISD_EEEEOT_RNSt16remove_referenceISL_E4typeE:
function _ZSt7forwardIRKMN8services4disk14manager_disk_tEFN10actor_zeta13unique_futureISt4pairIlmEEEN10components19execution_context_tEjNS8_6vector8vector_tESt10unique_ptrINSA_12data_chunk_tESt14default_deleteISD_EEEEOT_RNSt16remove_referenceISL_E4typeE called 0 returned 0% blocks executed 0%
    #####:   77:    forward(typename std::remove_reference<_Tp>::type& __t) noexcept
    #####:   78:    { return static_cast<_Tp&&>(__t); }
------------------
_ZSt7forwardINSt7__n486116coroutine_handleIN10actor_zeta13unique_futureISt4pairIlmEE12promise_typeEEEEOT_RNSt16remove_referenceIS9_E4typeE:
function _ZSt7forwardINSt7__n486116coroutine_handleIN10actor_zeta13unique_futureISt4pairIlmEE12promise_typeEEEEOT_RNSt16remove_referenceIS9_E4typeE called 0 returned 0% blocks executed 0%
    #####:   77:    forward(typename std::remove_reference<_Tp>::type& __t) noexcept
    #####:   78:    { return static_cast<_Tp&&>(__t); }
------------------
_ZSt7forwardIRKMN8services4disk14manager_disk_tEFN10actor_zeta13unique_futureISt4pairImmEEEN10components19execution_context_tEjSt10unique_ptrINS8_6vector12data_chunk_tESt14default_deleteISC_EEEEOT_RNSt16remove_referenceISK_E4typeE:
function _ZSt7forwardIRKMN8services4disk14manager_disk_tEFN10actor_zeta13unique_futureISt4pairImmEEEN10components19execution_context_tEjSt10unique_ptrINS8_6vector12data_chunk_tESt14default_deleteISC_EEEEOT_RNSt16remove_referenceISK_E4typeE called 4 returned 100% blocks executed 100%
        4:   77:    forward(typename std::remove_reference<_Tp>::type& __t) noexcept
        4:   78:    { return static_cast<_Tp&&>(__t); }
------------------
_ZSt7forwardINSt7__n486116coroutine_handleIN10actor_zeta13unique_futureISt4pairImmEE12promise_typeEEEEOT_RNSt16remove_referenceIS9_E4typeE:
function _ZSt7forwardINSt7__n486116coroutine_handleIN10actor_zeta13unique_futureISt4pairImmEE12promise_typeEEEEOT_RNSt16remove_referenceIS9_E4typeE called 0 returned 0% blocks executed 0%
    #####:   77:    forward(typename std::remove_reference<_Tp>::type& __t) noexcept
    #####:   78:    { return static_cast<_Tp&&>(__t); }
------------------
_ZSt7forwardINSt7__n486116coroutine_handleIN10actor_zeta13unique_futureISt6vectorIlNSt3pmr21polymorphic_allocatorIlEEEE12promise_typeEEEEOT_RNSt16remove_referenceISC_E4typeE:
function _ZSt7forwardINSt7__n486116coroutine_handleIN10actor_zeta13unique_futureISt6vectorIlNSt3pmr21polymorphic_allocatorIlEEEE12promise_typeEEEEOT_RNSt16remove_referenceISC_E4typeE called 0 returned 0% blocks executed 0%
    #####:   77:    forward(typename std::remove_reference<_Tp>::type& __t) noexcept
    #####:   78:    { return static_cast<_Tp&&>(__t); }
------------------
_ZSt7forwardIRN10actor_zeta6detail14enqueue_resultEEOT_RNSt16remove_referenceIS4_E4typeE:
function _ZSt7forwardIRN10actor_zeta6detail14enqueue_resultEEOT_RNSt16remove_referenceIS4_E4typeE called 0 returned 0% blocks executed 0%
    #####:   77:    forward(typename std::remove_reference<_Tp>::type& __t) noexcept
    #####:   78:    { return static_cast<_Tp&&>(__t); }
------------------
_ZSt7forwardIN10actor_zeta6detail3rttEEOT_RNSt16remove_referenceIS3_E4typeE:
function _ZSt7forwardIN10actor_zeta6detail3rttEEOT_RNSt16remove_referenceIS3_E4typeE called 0 returned 0% blocks executed 0%
    #####:   77:    forward(typename std::remove_reference<_Tp>::type& __t) noexcept
    #####:   78:    { return static_cast<_Tp&&>(__t); }
------------------
_ZSt7forwardISt10unique_ptrIN10actor_zeta7mailbox7messageENS2_15message_deleterEEEOT_RNSt16remove_referenceIS6_E4typeE:
function _ZSt7forwardISt10unique_ptrIN10actor_zeta7mailbox7messageENS2_15message_deleterEEEOT_RNSt16remove_referenceIS6_E4typeE called 0 returned 0% blocks executed 0%
    #####:   77:    forward(typename std::remove_reference<_Tp>::type& __t) noexcept
    #####:   78:    { return static_cast<_Tp&&>(__t); }
------------------
_ZSt7forwardIRKMN8services4disk14manager_disk_tEFN10actor_zeta13unique_futureImEEN10components19execution_context_tEjSt3setINSt7__cxx1112basic_stringIcSt11char_traitsIcESaIcEEESt4lessISE_ESaISE_EEEEOT_RNSt16remove_referenceISN_E4typeE:
function _ZSt7forwardIRKMN8services4disk14manager_disk_tEFN10actor_zeta13unique_futureImEEN10components19execution_context_tEjSt3setINSt7__cxx1112basic_stringIcSt11char_traitsIcESaIcEEESt4lessISE_ESaISE_EEEEOT_RNSt16remove_referenceISN_E4typeE called 4 returned 100% blocks executed 100%
        4:   77:    forward(typename std::remove_reference<_Tp>::type& __t) noexcept
        4:   78:    { return static_cast<_Tp&&>(__t); }
------------------
_ZSt7forwardIRKMN8services4disk14manager_disk_tEFN10actor_zeta13unique_futureIvEEN10components19execution_context_tEjljEEOT_RNSt16remove_referenceISC_E4typeE:
function _ZSt7forwardIRKMN8services4disk14manager_disk_tEFN10actor_zeta13unique_futureIvEEN10components19execution_context_tEjljEEOT_RNSt16remove_referenceISC_E4typeE called 102 returned 100% blocks executed 100%
      102:   77:    forward(typename std::remove_reference<_Tp>::type& __t) noexcept
      102:   78:    { return static_cast<_Tp&&>(__t); }
------------------
_ZSt7forwardIRKMN8services4disk14manager_disk_tEFN10actor_zeta13unique_futureISt6vectorIS5_IN10components5types15logical_value_tENSt3pmr21polymorphic_allocatorIS8_EEENSA_ISC_EEEEENS6_19execution_context_tEjS5_INSt7__cxx1112basic_stringIcSt11char_traitsIcESaIcEEENSA_ISM_EEESC_EEOT_RNSt16remove_referenceIST_E4typeE:
function _ZSt7forwardIRKMN8services4disk14manager_disk_tEFN10actor_zeta13unique_futureISt6vectorIS5_IN10components5types15logical_value_tENSt3pmr21polymorphic_allocatorIS8_EEENSA_ISC_EEEEENS6_19execution_context_tEjS5_INSt7__cxx1112basic_stringIcSt11char_traitsIcESaIcEEENSA_ISM_EEESC_EEOT_RNSt16remove_referenceIST_E4typeE called 33 returned 100% blocks executed 100%
       33:   77:    forward(typename std::remove_reference<_Tp>::type& __t) noexcept
       33:   78:    { return static_cast<_Tp&&>(__t); }
------------------
_ZSt7forwardINSt7__n486116coroutine_handleIN10actor_zeta13unique_futureISt6vectorIS4_IN10components5types15logical_value_tENSt3pmr21polymorphic_allocatorIS7_EEENS9_ISB_EEEE12promise_typeEEEEOT_RNSt16remove_referenceISH_E4typeE:
function _ZSt7forwardINSt7__n486116coroutine_handleIN10actor_zeta13unique_futureISt6vectorIS4_IN10components5types15logical_value_tENSt3pmr21polymorphic_allocatorIS7_EEENS9_ISB_EEEE12promise_typeEEEEOT_RNSt16remove_referenceISH_E4typeE called 0 returned 0% blocks executed 0%
    #####:   77:    forward(typename std::remove_reference<_Tp>::type& __t) noexcept
    #####:   78:    { return static_cast<_Tp&&>(__t); }
------------------
_ZSt7forwardIRKMN8services4disk14manager_disk_tEFN10actor_zeta13unique_futureISt6vectorIlNSt3pmr21polymorphic_allocatorIlEEEEEN10components19execution_context_tEjS5_INSt7__cxx1112basic_stringIcSt11char_traitsIcESaIcEEENS7_ISI_EEES5_INSB_5types15logical_value_tENS7_ISM_EEEEEOT_RNSt16remove_referenceIST_E4typeE:
function _ZSt7forwardIRKMN8services4disk14manager_disk_tEFN10actor_zeta13unique_futureISt6vectorIlNSt3pmr21polymorphic_allocatorIlEEEEEN10components19execution_context_tEjS5_INSt7__cxx1112basic_stringIcSt11char_traitsIcESaIcEEENS7_ISI_EEES5_INSB_5types15logical_value_tENS7_ISM_EEEEEOT_RNSt16remove_referenceIST_E4typeE called 9 returned 100% blocks executed 100%
        9:   77:    forward(typename std::remove_reference<_Tp>::type& __t) noexcept
        9:   78:    { return static_cast<_Tp&&>(__t); }
------------------
_ZSt7forwardIRKMN8services4disk14manager_disk_tEFN10actor_zeta13unique_futureISt10unique_ptrIN10components6vector12data_chunk_tESt14default_deleteIS8_EEEENS6_7session12session_id_tEjlmEEOT_RNSt16remove_referenceISJ_E4typeE:
function _ZSt7forwardIRKMN8services4disk14manager_disk_tEFN10actor_zeta13unique_futureISt10unique_ptrIN10components6vector12data_chunk_tESt14default_deleteIS8_EEEENS6_7session12session_id_tEjlmEEOT_RNSt16remove_referenceISJ_E4typeE called 0 returned 0% blocks executed 0%
    #####:   77:    forward(typename std::remove_reference<_Tp>::type& __t) noexcept
    #####:   78:    { return static_cast<_Tp&&>(__t); }
------------------
_ZSt7forwardIRKMN8services4disk14manager_disk_tEFN10actor_zeta13unique_futureIN10components25pg_catalog_append_range_tEEENS5_19execution_context_tEjNS5_6vector12data_chunk_tEEEOT_RNSt16remove_referenceISF_E4typeE:
function _ZSt7forwardIRKMN8services4disk14manager_disk_tEFN10actor_zeta13unique_futureIN10components25pg_catalog_append_range_tEEENS5_19execution_context_tEjNS5_6vector12data_chunk_tEEEOT_RNSt16remove_referenceISF_E4typeE called 363 returned 100% blocks executed 100%
      363:   77:    forward(typename std::remove_reference<_Tp>::type& __t) noexcept
      363:   78:    { return static_cast<_Tp&&>(__t); }
------------------
_ZSt7forwardINSt7__n486116coroutine_handleIN10actor_zeta13unique_futureIN10components25pg_catalog_append_range_tEE12promise_typeEEEEOT_RNSt16remove_referenceIS9_E4typeE:
function _ZSt7forwardINSt7__n486116coroutine_handleIN10actor_zeta13unique_futureIN10components25pg_catalog_append_range_tEE12promise_typeEEEEOT_RNSt16remove_referenceIS9_E4typeE called 0 returned 0% blocks executed 0%
    #####:   77:    forward(typename std::remove_reference<_Tp>::type& __t) noexcept
    #####:   78:    { return static_cast<_Tp&&>(__t); }
------------------
_ZSt7forwardIRKMN8services4disk14manager_disk_tEFN10actor_zeta13unique_futureISt6vectorIjSaIjEEEEmEEOT_RNSt16remove_referenceISD_E4typeE:
function _ZSt7forwardIRKMN8services4disk14manager_disk_tEFN10actor_zeta13unique_futureISt6vectorIjSaIjEEEEmEEOT_RNSt16remove_referenceISD_E4typeE called 196 returned 100% blocks executed 100%
      196:   77:    forward(typename std::remove_reference<_Tp>::type& __t) noexcept
      196:   78:    { return static_cast<_Tp&&>(__t); }
------------------
_ZSt7forwardINSt7__n486116coroutine_handleIN10actor_zeta13unique_futureISt6vectorIjSaIjEEE12promise_typeEEEEOT_RNSt16remove_referenceISA_E4typeE:
function _ZSt7forwardINSt7__n486116coroutine_handleIN10actor_zeta13unique_futureISt6vectorIjSaIjEEE12promise_typeEEEEOT_RNSt16remove_referenceISA_E4typeE called 0 returned 0% blocks executed 0%
    #####:   77:    forward(typename std::remove_reference<_Tp>::type& __t) noexcept
    #####:   78:    { return static_cast<_Tp&&>(__t); }
------------------
_ZSt7forwardIRKMN8services4disk14manager_disk_tEFN10actor_zeta13unique_futureISt6vectorINSt7__cxx1112basic_stringIcSt11char_traitsIcESaIcEEENSt3pmr21polymorphic_allocatorISB_EEEEEN10components19execution_context_tEEEOT_RNSt16remove_referenceISN_E4typeE:
function _ZSt7forwardIRKMN8services4disk14manager_disk_tEFN10actor_zeta13unique_futureISt6vectorINSt7__cxx1112basic_stringIcSt11char_traitsIcESaIcEEENSt3pmr21polymorphic_allocatorISB_EEEEEN10components19execution_context_tEEEOT_RNSt16remove_referenceISN_E4typeE called 0 returned 0% blocks executed 0%
    #####:   77:    forward(typename std::remove_reference<_Tp>::type& __t) noexcept
    #####:   78:    { return static_cast<_Tp&&>(__t); }
------------------
_ZSt7forwardINSt7__n486116coroutine_handleIN10actor_zeta13unique_futureISt6vectorINSt7__cxx1112basic_stringIcSt11char_traitsIcESaIcEEENSt3pmr21polymorphic_allocatorISA_EEEE12promise_typeEEEEOT_RNSt16remove_referenceISI_E4typeE:
function _ZSt7forwardINSt7__n486116coroutine_handleIN10actor_zeta13unique_futureISt6vectorINSt7__cxx1112basic_stringIcSt11char_traitsIcESaIcEEENSt3pmr21polymorphic_allocatorISA_EEEE12promise_typeEEEEOT_RNSt16remove_referenceISI_E4typeE called 0 returned 0% blocks executed 0%
    #####:   77:    forward(typename std::remove_reference<_Tp>::type& __t) noexcept
    #####:   78:    { return static_cast<_Tp&&>(__t); }
------------------
_ZSt7forwardIRKMN8services4disk14manager_disk_tEFN10actor_zeta13unique_futureISt6vectorINS1_25resolve_function_result_tENSt3pmr21polymorphic_allocatorIS6_EEEEEN10components19execution_context_tENSt7__cxx1112basic_stringIcSt11char_traitsIcESaIcEEEmEEOT_RNSt16remove_referenceISO_E4typeE:
function _ZSt7forwardIRKMN8services4disk14manager_disk_tEFN10actor_zeta13unique_futureISt6vectorINS1_25resolve_function_result_tENSt3pmr21polymorphic_allocatorIS6_EEEEEN10components19execution_context_tENSt7__cxx1112basic_stringIcSt11char_traitsIcESaIcEEEmEEOT_RNSt16remove_referenceISO_E4typeE called 0 returned 0% blocks executed 0%
    #####:   77:    forward(typename std::remove_reference<_Tp>::type& __t) noexcept
    #####:   78:    { return static_cast<_Tp&&>(__t); }
------------------
_ZSt7forwardINSt7__n486116coroutine_handleIN10actor_zeta13unique_futureISt6vectorIN8services4disk25resolve_function_result_tENSt3pmr21polymorphic_allocatorIS7_EEEE12promise_typeEEEEOT_RNSt16remove_referenceISF_E4typeE:
function _ZSt7forwardINSt7__n486116coroutine_handleIN10actor_zeta13unique_futureISt6vectorIN8services4disk25resolve_function_result_tENSt3pmr21polymorphic_allocatorIS7_EEEE12promise_typeEEEEOT_RNSt16remove_referenceISF_E4typeE called 0 returned 0% blocks executed 0%
    #####:   77:    forward(typename std::remove_reference<_Tp>::type& __t) noexcept
    #####:   78:    { return static_cast<_Tp&&>(__t); }
------------------
_ZSt7forwardISt6vectorIlNSt3pmr21polymorphic_allocatorIlEEEEOT_RNSt16remove_referenceIS5_E4typeE:
function _ZSt7forwardISt6vectorIlNSt3pmr21polymorphic_allocatorIlEEEEOT_RNSt16remove_referenceIS5_E4typeE called 0 returned 0% blocks executed 0%
    #####:   77:    forward(typename std::remove_reference<_Tp>::type& __t) noexcept
    #####:   78:    { return static_cast<_Tp&&>(__t); }
------------------
_ZSt7forwardIRKMN10components7storage6detail22parallel_scan_worker_tEFN10actor_zeta13unique_futureISt6vectorINS0_6vector12data_chunk_tENSt3pmr21polymorphic_allocatorIS8_EEEEES6_INS0_5table15storage_index_tESaISF_EEmPKNSE_14table_filter_tES6_ImSaImEEbNSE_16transaction_dataEEEOT_RNSt16remove_referenceISS_E4typeE:
function _ZSt7forwardIRKMN10components7storage6detail22parallel_scan_worker_tEFN10actor_zeta13unique_futureISt6vectorINS0_6vector12data_chunk_tENSt3pmr21polymorphic_allocatorIS8_EEEEES6_INS0_5table15storage_index_tESaISF_EEmPKNSE_14table_filter_tES6_ImSaImEEbNSE_16transaction_dataEEEOT_RNSt16remove_referenceISS_E4typeE called 0 returned 0% blocks executed 0%
    #####:   77:    forward(typename std::remove_reference<_Tp>::type& __t) noexcept
    #####:   78:    { return static_cast<_Tp&&>(__t); }
------------------
_ZSt7forwardIRKPN10components7storage6detail22parallel_scan_worker_tEEOT_RNSt16remove_referenceIS7_E4typeE:
function _ZSt7forwardIRKPN10components7storage6detail22parallel_scan_worker_tEEOT_RNSt16remove_referenceIS7_E4typeE called 0 returned 0% blocks executed 0%
    #####:   77:    forward(typename std::remove_reference<_Tp>::type& __t) noexcept
    #####:   78:    { return static_cast<_Tp&&>(__t); }
------------------
_ZSt7forwardINSt7__n486116coroutine_handleIN10actor_zeta13unique_futureISt6vectorIN10components6vector12data_chunk_tENSt3pmr21polymorphic_allocatorIS7_EEEE12promise_typeEEEEOT_RNSt16remove_referenceISF_E4typeE:
function _ZSt7forwardINSt7__n486116coroutine_handleIN10actor_zeta13unique_futureISt6vectorIN10components6vector12data_chunk_tENSt3pmr21polymorphic_allocatorIS7_EEEE12promise_typeEEEEOT_RNSt16remove_referenceISF_E4typeE called 0 returned 0% blocks executed 0%
    #####:   77:    forward(typename std::remove_reference<_Tp>::type& __t) noexcept
    #####:   78:    { return static_cast<_Tp&&>(__t); }
------------------
_ZSt7forwardIRMN8services4disk14manager_disk_tEFN10actor_zeta13unique_futureImEEN10components19execution_context_tEjSt3setINSt7__cxx1112basic_stringIcSt11char_traitsIcESaIcEEESt4lessISE_ESaISE_EEEEOT_RNSt16remove_referenceISM_E4typeE:
function _ZSt7forwardIRMN8services4disk14manager_disk_tEFN10actor_zeta13unique_futureImEEN10components19execution_context_tEjSt3setINSt7__cxx1112basic_stringIcSt11char_traitsIcESaIcEEESt4lessISE_ESaISE_EEEEOT_RNSt16remove_referenceISM_E4typeE called 8 returned 100% blocks executed 100%
        8:   77:    forward(typename std::remove_reference<_Tp>::type& __t) noexcept
        8:   78:    { return static_cast<_Tp&&>(__t); }
------------------
_ZSt7forwardIRMN8services4disk14manager_disk_tEFN10actor_zeta13unique_futureIvEEN10components19execution_context_tEjljEEOT_RNSt16remove_referenceISB_E4typeE:
function _ZSt7forwardIRMN8services4disk14manager_disk_tEFN10actor_zeta13unique_futureIvEEN10components19execution_context_tEjljEEOT_RNSt16remove_referenceISB_E4typeE called 204 returned 100% blocks executed 100%
      204:   77:    forward(typename std::remove_reference<_Tp>::type& __t) noexcept
      204:   78:    { return static_cast<_Tp&&>(__t); }
------------------
_ZSt7forwardIRMN8services4disk14manager_disk_tEFN10actor_zeta13unique_futureISt6vectorIS5_IN10components5types15logical_value_tENSt3pmr21polymorphic_allocatorIS8_EEENSA_ISC_EEEEENS6_19execution_context_tEjS5_INSt7__cxx1112basic_stringIcSt11char_traitsIcESaIcEEENSA_ISM_EEESC_EEOT_RNSt16remove_referenceISS_E4typeE:
function _ZSt7forwardIRMN8services4disk14manager_disk_tEFN10actor_zeta13unique_futureISt6vectorIS5_IN10components5types15logical_value_tENSt3pmr21polymorphic_allocatorIS8_EEENSA_ISC_EEEEENS6_19execution_context_tEjS5_INSt7__cxx1112basic_stringIcSt11char_traitsIcESaIcEEENSA_ISM_EEESC_EEOT_RNSt16remove_referenceISS_E4typeE called 66 returned 100% blocks executed 100%
       66:   77:    forward(typename std::remove_reference<_Tp>::type& __t) noexcept
       66:   78:    { return static_cast<_Tp&&>(__t); }
------------------
_ZSt7forwardISt6vectorIS0_IN10components5types15logical_value_tENSt3pmr21polymorphic_allocatorIS3_EEENS5_IS7_EEEEOT_RNSt16remove_referenceISA_E4typeE:
function _ZSt7forwardISt6vectorIS0_IN10components5types15logical_value_tENSt3pmr21polymorphic_allocatorIS3_EEENS5_IS7_EEEEOT_RNSt16remove_referenceISA_E4typeE called 0 returned 0% blocks executed 0%
    #####:   77:    forward(typename std::remove_reference<_Tp>::type& __t) noexcept
    #####:   78:    { return static_cast<_Tp&&>(__t); }
------------------
_ZSt7forwardIRMN8services4disk14manager_disk_tEFN10actor_zeta13unique_futureISt6vectorIlNSt3pmr21polymorphic_allocatorIlEEEEEN10components19execution_context_tEjS5_INSt7__cxx1112basic_stringIcSt11char_traitsIcESaIcEEENS7_ISI_EEES5_INSB_5types15logical_value_tENS7_ISM_EEEEEOT_RNSt16remove_referenceISS_E4typeE:
function _ZSt7forwardIRMN8services4disk14manager_disk_tEFN10actor_zeta13unique_futureISt6vectorIlNSt3pmr21polymorphic_allocatorIlEEEEEN10components19execution_context_tEjS5_INSt7__cxx1112basic_stringIcSt11char_traitsIcESaIcEEENS7_ISI_EEES5_INSB_5types15logical_value_tENS7_ISM_EEEEEOT_RNSt16remove_referenceISS_E4typeE called 18 returned 100% blocks executed 100%
       18:   77:    forward(typename std::remove_reference<_Tp>::type& __t) noexcept
       18:   78:    { return static_cast<_Tp&&>(__t); }
------------------
_ZSt7forwardIRPN10components5table7storage15block_manager_tEEOT_RNSt16remove_referenceIS6_E4typeE:
function _ZSt7forwardIRPN10components5table7storage15block_manager_tEEOT_RNSt16remove_referenceIS6_E4typeE called 111 returned 100% blocks executed 100%
      111:   77:    forward(typename std::remove_reference<_Tp>::type& __t) noexcept
      111:   78:    { return static_cast<_Tp&&>(__t); }
------------------
_ZSt7forwardIRMN8services4disk14manager_disk_tEFN10actor_zeta13unique_futureIN10components25pg_catalog_append_range_tEEENS5_19execution_context_tEjNS5_6vector12data_chunk_tEEEOT_RNSt16remove_referenceISE_E4typeE:
function _ZSt7forwardIRMN8services4disk14manager_disk_tEFN10actor_zeta13unique_futureIN10components25pg_catalog_append_range_tEEENS5_19execution_context_tEjNS5_6vector12data_chunk_tEEEOT_RNSt16remove_referenceISE_E4typeE called 726 returned 100% blocks executed 100%
      726:   77:    forward(typename std::remove_reference<_Tp>::type& __t) noexcept
      726:   78:    { return static_cast<_Tp&&>(__t); }
------------------
_ZSt7forwardIN10components25pg_catalog_append_range_tEEOT_RNSt16remove_referenceIS2_E4typeE:
function _ZSt7forwardIN10components25pg_catalog_append_range_tEEOT_RNSt16remove_referenceIS2_E4typeE called 0 returned 0% blocks executed 0%
    #####:   77:    forward(typename std::remove_reference<_Tp>::type& __t) noexcept
    #####:   78:    { return static_cast<_Tp&&>(__t); }
------------------
_ZSt7forwardIRMN8services4disk14manager_disk_tEFN10actor_zeta13unique_futureISt6vectorIjSaIjEEEEmEEOT_RNSt16remove_referenceISC_E4typeE:
function _ZSt7forwardIRMN8services4disk14manager_disk_tEFN10actor_zeta13unique_futureISt6vectorIjSaIjEEEEmEEOT_RNSt16remove_referenceISC_E4typeE called 392 returned 100% blocks executed 100%
      392:   77:    forward(typename std::remove_reference<_Tp>::type& __t) noexcept
      392:   78:    { return static_cast<_Tp&&>(__t); }
------------------
_ZSt7forwardISt6vectorIjSaIjEEEOT_RNSt16remove_referenceIS3_E4typeE:
function _ZSt7forwardISt6vectorIjSaIjEEEOT_RNSt16remove_referenceIS3_E4typeE called 0 returned 0% blocks executed 0%
    #####:   77:    forward(typename std::remove_reference<_Tp>::type& __t) noexcept
    #####:   78:    { return static_cast<_Tp&&>(__t); }
------------------
_ZSt7forwardIRMN8services4disk14manager_disk_tEFN10actor_zeta13unique_futureISt6vectorINSt7__cxx1112basic_stringIcSt11char_traitsIcESaIcEEENSt3pmr21polymorphic_allocatorISB_EEEEEN10components19execution_context_tEEEOT_RNSt16remove_referenceISM_E4typeE:
function _ZSt7forwardIRMN8services4disk14manager_disk_tEFN10actor_zeta13unique_futureISt6vectorINSt7__cxx1112basic_stringIcSt11char_traitsIcESaIcEEENSt3pmr21polymorphic_allocatorISB_EEEEEN10components19execution_context_tEEEOT_RNSt16remove_referenceISM_E4typeE called 0 returned 0% blocks executed 0%
    #####:   77:    forward(typename std::remove_reference<_Tp>::type& __t) noexcept
    #####:   78:    { return static_cast<_Tp&&>(__t); }
------------------
_ZSt7forwardISt6vectorINSt7__cxx1112basic_stringIcSt11char_traitsIcESaIcEEENSt3pmr21polymorphic_allocatorIS6_EEEEOT_RNSt16remove_referenceISB_E4typeE:
[...]
------------------
_ZSt4moveIRSt3setINSt7__cxx1112basic_stringIcSt11char_traitsIcESaIcEEESt4lessIS6_ESaIS6_EEEONSt16remove_referenceIT_E4typeEOSD_:
function _ZSt4moveIRSt3setINSt7__cxx1112basic_stringIcSt11char_traitsIcESaIcEEESt4lessIS6_ESaIS6_EEEONSt16remove_referenceIT_E4typeEOSD_ called 0 returned 0% blocks executed 0%
    #####:  104:    move(_Tp&& __t) noexcept
    #####:  105:    { return static_cast<typename std::remove_reference<_Tp>::type&&>(__t); }
------------------
_ZSt4moveIRNSt12_Vector_baseIN10components25pg_catalog_append_range_tESaIS2_EE12_Vector_implEEONSt16remove_referenceIT_E4typeEOS8_:
function _ZSt4moveIRNSt12_Vector_baseIN10components25pg_catalog_append_range_tESaIS2_EE12_Vector_implEEONSt16remove_referenceIT_E4typeEOS8_ called 0 returned 0% blocks executed 0%
    #####:  104:    move(_Tp&& __t) noexcept
    #####:  105:    { return static_cast<typename std::remove_reference<_Tp>::type&&>(__t); }
------------------
_ZSt4moveIRSt6vectorIN10components25pg_catalog_append_range_tESaIS2_EEEONSt16remove_referenceIT_E4typeEOS7_:
function _ZSt4moveIRSt6vectorIN10components25pg_catalog_append_range_tESaIS2_EEEONSt16remove_referenceIT_E4typeEOS7_ called 0 returned 0% blocks executed 0%
    #####:  104:    move(_Tp&& __t) noexcept
    #####:  105:    { return static_cast<typename std::remove_reference<_Tp>::type&&>(__t); }
------------------
_ZSt4moveIRN10components6vector8vector_tEEONSt16remove_referenceIT_E4typeEOS5_:
function _ZSt4moveIRN10components6vector8vector_tEEONSt16remove_referenceIT_E4typeEOS5_ called 36029 returned 100% blocks executed 100%
    36029:  104:    move(_Tp&& __t) noexcept
    36029:  105:    { return static_cast<typename std::remove_reference<_Tp>::type&&>(__t); }
------------------
_ZSt4moveIRPSt6vectorIN10components6vector12data_chunk_tENSt3pmr21polymorphic_allocatorIS3_EEEEONSt16remove_referenceIT_E4typeEOSB_:
function _ZSt4moveIRPSt6vectorIN10components6vector12data_chunk_tENSt3pmr21polymorphic_allocatorIS3_EEEEONSt16remove_referenceIT_E4typeEOSB_ called 0 returned 0% blocks executed 0%
    #####:  104:    move(_Tp&& __t) noexcept
    #####:  105:    { return static_cast<typename std::remove_reference<_Tp>::type&&>(__t); }
------------------
_ZSt4moveIRlEONSt16remove_referenceIT_E4typeEOS2_:
function _ZSt4moveIRlEONSt16remove_referenceIT_E4typeEOS2_ called 0 returned 0% blocks executed 0%
    #####:  104:    move(_Tp&& __t) noexcept
    #####:  105:    { return static_cast<typename std::remove_reference<_Tp>::type&&>(__t); }
------------------
_ZSt4moveIRPN10components6vector12data_chunk_tEEONSt16remove_referenceIT_E4typeEOS6_:
function _ZSt4moveIRPN10components6vector12data_chunk_tEEONSt16remove_referenceIT_E4typeEOS6_ called 0 returned 0% blocks executed 0%
    #####:  104:    move(_Tp&& __t) noexcept
    #####:  105:    { return static_cast<typename std::remove_reference<_Tp>::type&&>(__t); }
------------------
_ZSt4moveIRN13configuration18disk_layout_policyEEONSt16remove_referenceIT_E4typeEOS4_:
function _ZSt4moveIRN13configuration18disk_layout_policyEEONSt16remove_referenceIT_E4typeEOS4_ called 3 returned 100% blocks executed 100%
        3:  104:    move(_Tp&& __t) noexcept
        3:  105:    { return static_cast<typename std::remove_reference<_Tp>::type&&>(__t); }
------------------
_ZSt4moveIRjEONSt16remove_referenceIT_E4typeEOS2_:
function _ZSt4moveIRjEONSt16remove_referenceIT_E4typeEOS2_ called 0 returned 0% blocks executed 0%
    #####:  104:    move(_Tp&& __t) noexcept
    #####:  105:    { return static_cast<typename std::remove_reference<_Tp>::type&&>(__t); }
------------------
_ZSt4moveIRPN10actor_zeta6detail12shared_stateISt6vectorIN10components6vector12data_chunk_tENSt3pmr21polymorphic_allocatorIS6_EEEEEEONSt16remove_referenceIT_E4typeEOSF_:
function _ZSt4moveIRPN10actor_zeta6detail12shared_stateISt6vectorIN10components6vector12data_chunk_tENSt3pmr21polymorphic_allocatorIS6_EEEEEEONSt16remove_referenceIT_E4typeEOSF_ called 0 returned 0% blocks executed 0%
    #####:  104:    move(_Tp&& __t) noexcept
    #####:  105:    { return static_cast<typename std::remove_reference<_Tp>::type&&>(__t); }
------------------
_ZSt4moveIRPN10actor_zeta6detail12shared_stateISt10unique_ptrIN10components6vector12data_chunk_tESt14default_deleteIS6_EEEEEONSt16remove_referenceIT_E4typeEOSE_:
function _ZSt4moveIRPN10actor_zeta6detail12shared_stateISt10unique_ptrIN10components6vector12data_chunk_tESt14default_deleteIS6_EEEEEONSt16remove_referenceIT_E4typeEOSE_ called 0 returned 0% blocks executed 0%
    #####:  104:    move(_Tp&& __t) noexcept
    #####:  105:    { return static_cast<typename std::remove_reference<_Tp>::type&&>(__t); }
------------------
_ZSt4moveIRNSt7__n486116coroutine_handleIN10actor_zeta13unique_futureISt6vectorIN10components5types20complex_logical_typeENSt3pmr21polymorphic_allocatorIS7_EEEE12promise_typeEEEEONSt16remove_referenceIT_E4typeEOSH_:
function _ZSt4moveIRNSt7__n486116coroutine_handleIN10actor_zeta13unique_futureISt6vectorIN10components5types20complex_logical_typeENSt3pmr21polymorphic_allocatorIS7_EEEE12promise_typeEEEEONSt16remove_referenceIT_E4typeEOSH_ called 0 returned 0% blocks executed 0%
    #####:  104:    move(_Tp&& __t) noexcept
    #####:  105:    { return static_cast<typename std::remove_reference<_Tp>::type&&>(__t); }
------------------
_ZSt4moveIRPN10actor_zeta6detail12shared_stateISt6vectorIN10components5types20complex_logical_typeENSt3pmr21polymorphic_allocatorIS6_EEEEEEONSt16remove_referenceIT_E4typeEOSF_:
function _ZSt4moveIRPN10actor_zeta6detail12shared_stateISt6vectorIN10components5types20complex_logical_typeENSt3pmr21polymorphic_allocatorIS6_EEEEEEONSt16remove_referenceIT_E4typeEOSF_ called 0 returned 0% blocks executed 0%
    #####:  104:    move(_Tp&& __t) noexcept
    #####:  105:    { return static_cast<typename std::remove_reference<_Tp>::type&&>(__t); }
------------------
_ZSt4moveIRNSt7__n486116coroutine_handleIN10actor_zeta13unique_futureImE12promise_typeEEEEONSt16remove_referenceIT_E4typeEOS9_:
function _ZSt4moveIRNSt7__n486116coroutine_handleIN10actor_zeta13unique_futureImE12promise_typeEEEEONSt16remove_referenceIT_E4typeEOS9_ called 0 returned 0% blocks executed 0%
    #####:  104:    move(_Tp&& __t) noexcept
    #####:  105:    { return static_cast<typename std::remove_reference<_Tp>::type&&>(__t); }
------------------
_ZSt4moveIRPN10actor_zeta6detail12shared_stateImEEEONSt16remove_referenceIT_E4typeEOS7_:
function _ZSt4moveIRPN10actor_zeta6detail12shared_stateImEEEONSt16remove_referenceIT_E4typeEOS7_ called 0 returned 0% blocks executed 0%
    #####:  104:    move(_Tp&& __t) noexcept
    #####:  105:    { return static_cast<typename std::remove_reference<_Tp>::type&&>(__t); }
------------------
_ZSt4moveIRSt4pairIbN10actor_zeta6detail14enqueue_resultEEEONSt16remove_referenceIT_E4typeEOS7_:
function _ZSt4moveIRSt4pairIbN10actor_zeta6detail14enqueue_resultEEEONSt16remove_referenceIT_E4typeEOS7_ called 0 returned 0% blocks executed 0%
    #####:  104:    move(_Tp&& __t) noexcept
    #####:  105:    { return static_cast<typename std::remove_reference<_Tp>::type&&>(__t); }
------------------
_ZSt4moveIRSt4pairISt10unique_ptrIN10actor_zeta7mailbox7messageENS3_15message_deleterEENS2_13unique_futureISt6vectorIN10components6vector12data_chunk_tENSt3pmr21polymorphic_allocatorISB_EEEEEEEONSt16remove_referenceIT_E4typeEOSK_:
function _ZSt4moveIRSt4pairISt10unique_ptrIN10actor_zeta7mailbox7messageENS3_15message_deleterEENS2_13unique_futureISt6vectorIN10components6vector12data_chunk_tENSt3pmr21polymorphic_allocatorISB_EEEEEEEONSt16remove_referenceIT_E4typeEOSK_ called 0 returned 0% blocks executed 0%
    #####:  104:    move(_Tp&& __t) noexcept
    #####:  105:    { return static_cast<typename std::remove_reference<_Tp>::type&&>(__t); }
------------------
_ZSt4moveIRNSt7__n486116coroutine_handleIN10actor_zeta13unique_futureISt6vectorIN10components6vector12data_chunk_tENSt3pmr21polymorphic_allocatorIS7_EEEE12promise_typeEEEEONSt16remove_referenceIT_E4typeEOSH_:
function _ZSt4moveIRNSt7__n486116coroutine_handleIN10actor_zeta13unique_futureISt6vectorIN10components6vector12data_chunk_tENSt3pmr21polymorphic_allocatorIS7_EEEE12promise_typeEEEEONSt16remove_referenceIT_E4typeEOSH_ called 0 returned 0% blocks executed 0%
    #####:  104:    move(_Tp&& __t) noexcept
    #####:  105:    { return static_cast<typename std::remove_reference<_Tp>::type&&>(__t); }
------------------
_ZSt4moveIRN10actor_zeta7mailbox15message_deleterEEONSt16remove_referenceIT_E4typeEOS5_:
function _ZSt4moveIRN10actor_zeta7mailbox15message_deleterEEONSt16remove_referenceIT_E4typeEOS5_ called 0 returned 0% blocks executed 0%
    #####:  104:    move(_Tp&& __t) noexcept
    #####:  105:    { return static_cast<typename std::remove_reference<_Tp>::type&&>(__t); }
------------------
_ZSt4moveIRNSt12_Vector_baseISt6vectorIN10components5types15logical_value_tENSt3pmr21polymorphic_allocatorIS4_EEENS6_IS8_EEE12_Vector_implEEONSt16remove_referenceIT_E4typeEOSE_:
function _ZSt4moveIRNSt12_Vector_baseISt6vectorIN10components5types15logical_value_tENSt3pmr21polymorphic_allocatorIS4_EEENS6_IS8_EEE12_Vector_implEEONSt16remove_referenceIT_E4typeEOSE_ called 0 returned 0% blocks executed 0%
    #####:  104:    move(_Tp&& __t) noexcept
    #####:  105:    { return static_cast<typename std::remove_reference<_Tp>::type&&>(__t); }
------------------
_ZSt4moveIRNSt12_Vector_baseIlNSt3pmr21polymorphic_allocatorIlEEE12_Vector_implEEONSt16remove_referenceIT_E4typeEOS8_:
function _ZSt4moveIRNSt12_Vector_baseIlNSt3pmr21polymorphic_allocatorIlEEE12_Vector_implEEONSt16remove_referenceIT_E4typeEOS8_ called 0 returned 0% blocks executed 0%
    #####:  104:    move(_Tp&& __t) noexcept
    #####:  105:    { return static_cast<typename std::remove_reference<_Tp>::type&&>(__t); }
------------------
_ZSt4moveIRNSt12_Vector_baseIN10components6vector8vector_tESaIS3_EE12_Vector_implEEONSt16remove_referenceIT_E4typeEOS9_:
function _ZSt4moveIRNSt12_Vector_baseIN10components6vector8vector_tESaIS3_EE12_Vector_implEEONSt16remove_referenceIT_E4typeEOS9_ called 0 returned 0% blocks executed 0%
    #####:  104:    move(_Tp&& __t) noexcept
    #####:  105:    { return static_cast<typename std::remove_reference<_Tp>::type&&>(__t); }
------------------
_ZSt4moveIRNSt12_Vector_baseIjSaIjEE12_Vector_implEEONSt16remove_referenceIT_E4typeEOS6_:
function _ZSt4moveIRNSt12_Vector_baseIjSaIjEE12_Vector_implEEONSt16remove_referenceIT_E4typeEOS6_ called 0 returned 0% blocks executed 0%
    #####:  104:    move(_Tp&& __t) noexcept
    #####:  105:    { return static_cast<typename std::remove_reference<_Tp>::type&&>(__t); }
------------------
_ZSt4moveIRNSt12_Vector_baseINSt7__cxx1112basic_stringIcSt11char_traitsIcESaIcEEENSt3pmr21polymorphic_allocatorIS6_EEE12_Vector_implEEONSt16remove_referenceIT_E4typeEOSE_:
function _ZSt4moveIRNSt12_Vector_baseINSt7__cxx1112basic_stringIcSt11char_traitsIcESaIcEEENSt3pmr21polymorphic_allocatorIS6_EEE12_Vector_implEEONSt16remove_referenceIT_E4typeEOSE_ called 0 returned 0% blocks executed 0%
    #####:  104:    move(_Tp&& __t) noexcept
    #####:  105:    { return static_cast<typename std::remove_reference<_Tp>::type&&>(__t); }
------------------
_ZSt4moveIRNSt12_Vector_baseIN8services4disk25resolve_function_result_tENSt3pmr21polymorphic_allocatorIS3_EEE12_Vector_implEEONSt16remove_referenceIT_E4typeEOSB_:
function _ZSt4moveIRNSt12_Vector_baseIN8services4disk25resolve_function_result_tENSt3pmr21polymorphic_allocatorIS3_EEE12_Vector_implEEONSt16remove_referenceIT_E4typeEOSB_ called 0 returned 0% blocks executed 0%
    #####:  104:    move(_Tp&& __t) noexcept
    #####:  105:    { return static_cast<typename std::remove_reference<_Tp>::type&&>(__t); }
------------------
_ZSt4moveIRNSt12_Vector_baseIN8services4disk13column_info_tESaIS3_EE12_Vector_implEEONSt16remove_referenceIT_E4typeEOS9_:
function _ZSt4moveIRNSt12_Vector_baseIN8services4disk13column_info_tESaIS3_EE12_Vector_implEEONSt16remove_referenceIT_E4typeEOS9_ called 0 returned 0% blocks executed 0%
    #####:  104:    move(_Tp&& __t) noexcept
    #####:  105:    { return static_cast<typename std::remove_reference<_Tp>::type&&>(__t); }
------------------
        -:  106:
        -:  107:
        -:  108:  template<typename _Tp>
        -:  109:    struct __move_if_noexcept_cond
        -:  110:    : public __and_<__not_<is_nothrow_move_constructible<_Tp>>,
        -:  111:                    is_copy_constructible<_Tp>>::type { };
        -:  112:
        -:  113:  /**
        -:  114:   *  @brief  Conditionally convert a value to an rvalue.
        -:  115:   *  @param  __x  A thing of arbitrary type.
        -:  116:   *  @return The parameter, possibly cast to an rvalue-reference.
        -:  117:   *
        -:  118:   *  Same as std::move unless the type's move constructor could throw and the
        -:  119:   *  type is copyable, in which case an lvalue-reference is returned instead.
        -:  120:   */
        -:  121:  template<typename _Tp>
        -:  122:    _GLIBCXX_NODISCARD
        -:  123:    constexpr typename
        -:  124:    conditional<__move_if_noexcept_cond<_Tp>::value, const _Tp&, _Tp&&>::type
        -:  125:    move_if_noexcept(_Tp& __x) noexcept
        -:  126:    { return std::move(__x); }
        -:  127:
        -:  128:  // declval, from type_traits.
        -:  129:
        -:  130:#if __cplusplus > 201402L
        -:  131:  // _GLIBCXX_RESOLVE_LIB_DEFECTS
        -:  132:  // 2296. std::addressof should be constexpr
        -:  133:# define __cpp_lib_addressof_constexpr 201603
        -:  134:#endif
        -:  135:  /**
        -:  136:   *  @brief Returns the actual address of the object or function
        -:  137:   *         referenced by r, even in the presence of an overloaded
        -:  138:   *         operator&.
        -:  139:   *  @param  __r  Reference to an object or function.
        -:  140:   *  @return   The actual address.
        -:  141:  */
        -:  142:  template<typename _Tp>
        -:  143:    _GLIBCXX_NODISCARD
        -:  144:    inline _GLIBCXX17_CONSTEXPR _Tp*
    1625*:  145:    addressof(_Tp& __r) noexcept
    1625*:  146:    { return std::__addressof(__r); }
------------------
_ZSt9addressofINSt8__detail10_Hash_nodeISt4pairIKNSt7__cxx1112basic_stringIcSt11char_traitsIcESaIcEEES8_ELb1EEEEPT_RSC_:
function _ZSt9addressofINSt8__detail10_Hash_nodeISt4pairIKNSt7__cxx1112basic_stringIcSt11char_traitsIcESaIcEEES8_ELb1EEEEPT_RSC_ called 0 returned 0% blocks executed 0%
    #####:  145:    addressof(_Tp& __r) noexcept
    #####:  146:    { return std::__addressof(__r); }
call    0 never executed
------------------
_ZSt9addressofINSt8__detail10_Hash_nodeISt4pairIKmSt8weak_ptrIN10components5table7storage14block_handle_tEEELb0EEEEPT_RSC_:
function _ZSt9addressofINSt8__detail10_Hash_nodeISt4pairIKmSt8weak_ptrIN10components5table7storage14block_handle_tEEELb0EEEEPT_RSC_ called 159 returned 100% blocks executed 100%
      159:  145:    addressof(_Tp& __r) noexcept
      159:  146:    { return std::__addressof(__r); }
call    0 returned 159
------------------
_ZSt9addressofINSt8__detail10_Hash_nodeISt4pairIKjSt10unique_ptrIN8services4disk14manager_disk_t26collection_storage_entry_tESt14default_deleteIS8_EEELb0EEEEPT_RSE_:
function _ZSt9addressofINSt8__detail10_Hash_nodeISt4pairIKjSt10unique_ptrIN8services4disk14manager_disk_t26collection_storage_entry_tESt14default_deleteIS8_EEELb0EEEEPT_RSE_ called 1466 returned 100% blocks executed 100%
     1466:  145:    addressof(_Tp& __r) noexcept
     1466:  146:    { return std::__addressof(__r); }
call    0 returned 1466
------------------
_ZSt9addressofIPNSt8__detail15_Hash_node_baseEEPT_RS3_:
function _ZSt9addressofIPNSt8__detail15_Hash_node_baseEEPT_RS3_ called 0 returned 0% blocks executed 0%
    #####:  145:    addressof(_Tp& __r) noexcept
    #####:  146:    { return std::__addressof(__r); }
call    0 never executed
------------------
_ZSt9addressofIKcEPT_RS1_:
function _ZSt9addressofIKcEPT_RS1_ called 0 returned 0% blocks executed 0%
    #####:  145:    addressof(_Tp& __r) noexcept
    #####:  146:    { return std::__addressof(__r); }
call    0 never executed
------------------
_ZSt9addressofIcEPT_RS0_:
function _ZSt9addressofIcEPT_RS0_ called 0 returned 0% blocks executed 0%
    #####:  145:    addressof(_Tp& __r) noexcept
    #####:  146:    { return std::__addressof(__r); }
call    0 never executed
------------------
        -:  147:
        -:  148:  // _GLIBCXX_RESOLVE_LIB_DEFECTS
        -:  149:  // 2598. addressof works on temporaries
        -:  150:  template<typename _Tp>
        -:  151:    const _Tp* addressof(const _Tp&&) = delete;
        -:  152:
        -:  153:  // C++11 version of std::exchange for internal use.
        -:  154:  template <typename _Tp, typename _Up = _Tp>
        -:  155:    _GLIBCXX20_CONSTEXPR
        -:  156:    inline _Tp
    #####:  157:    __exchange(_Tp& __obj, _Up&& __new_val)
        -:  158:    {
    #####:  159:      _Tp __old_val = std::move(__obj);
    #####:  160:      __obj = std::forward<_Up>(__new_val);
    #####:  161:      return __old_val;
        -:  162:    }
        -:  163:
        -:  164:  /// @} group utilities
        -:  165:
        -:  166:#define _GLIBCXX_FWDREF(_Tp) _Tp&&
        -:  167:#define _GLIBCXX_MOVE(__val) std::move(__val)
        -:  168:#define _GLIBCXX_FORWARD(_Tp, __val) std::forward<_Tp>(__val)
        -:  169:#else
        -:  170:#define _GLIBCXX_FWDREF(_Tp) const _Tp&
        -:  171:#define _GLIBCXX_MOVE(__val) (__val)
        -:  172:#define _GLIBCXX_FORWARD(_Tp, __val) (__val)
        -:  173:#endif
        -:  174:
        -:  175:  /**
        -:  176:   *  @addtogroup utilities
        -:  177:   *  @{
        -:  178:   */
        -:  179:
        -:  180:  /**
        -:  181:   *  @brief Swaps two values.
        -:  182:   *  @param  __a  A thing of arbitrary type.
        -:  183:   *  @param  __b  Another thing of arbitrary type.
        -:  184:   *  @return   Nothing.
        -:  185:  */
        -:  186:  template<typename _Tp>
        -:  187:    _GLIBCXX20_CONSTEXPR
        -:  188:    inline
        -:  189:#if __cplusplus >= 201103L
        -:  190:    typename enable_if<__and_<__not_<__is_tuple_like<_Tp>>,
        -:  191:			      is_move_constructible<_Tp>,
        -:  192:			      is_move_assignable<_Tp>>::value>::type
        -:  193:#else
        -:  194:    void
        -:  195:#endif
        -:  196:    swap(_Tp& __a, _Tp& __b)
        -:  197:    _GLIBCXX_NOEXCEPT_IF(__and_<is_nothrow_move_constructible<_Tp>,
        -:  198:				is_nothrow_move_assignable<_Tp>>::value)
        -:  199:    {
        -:  200:#if __cplusplus < 201103L
        -:  201:      // concept requirements
        -:  202:      __glibcxx_function_requires(_SGIAssignableConcept<_Tp>)
        -:  203:#endif
        -:  204:      _Tp __tmp = _GLIBCXX_MOVE(__a);
        -:  205:      __a = _GLIBCXX_MOVE(__b);
        -:  206:      __b = _GLIBCXX_MOVE(__tmp);
        -:  207:    }
        -:  208:
        -:  209:  // _GLIBCXX_RESOLVE_LIB_DEFECTS
        -:  210:  // DR 809. std::swap should be overloaded for array types.
        -:  211:  /// Swap the contents of two arrays.
        -:  212:  template<typename _Tp, size_t _Nm>
        -:  213:    _GLIBCXX20_CONSTEXPR
        -:  214:    inline
        -:  215:#if __cplusplus >= 201103L
        -:  216:    typename enable_if<__is_swappable<_Tp>::value>::type
        -:  217:#else
        -:  218:    void
        -:  219:#endif
        -:  220:    swap(_Tp (&__a)[_Nm], _Tp (&__b)[_Nm])
        -:  221:    _GLIBCXX_NOEXCEPT_IF(__is_nothrow_swappable<_Tp>::value)
        -:  222:    {
        -:  223:      for (size_t __n = 0; __n < _Nm; ++__n)
        -:  224:	swap(__a[__n], __b[__n]);
        -:  225:    }
        -:  226:
        -:  227:  /// @} group utilities
        -:  228:_GLIBCXX_END_NAMESPACE_VERSION
        -:  229:} // namespace
        -:  230:
        -:  231:#endif /* _MOVE_H */
